#! /opt/homebrew/Cellar/icarus-verilog/12.0/bin/vvp
:ivl_version "12.0 (stable)";
:ivl_delay_selection "TYPICAL";
:vpi_time_precision - 12;
:vpi_module "/opt/homebrew/Cellar/icarus-verilog/12.0/lib/ivl/system.vpi";
:vpi_module "/opt/homebrew/Cellar/icarus-verilog/12.0/lib/ivl/vhdl_sys.vpi";
:vpi_module "/opt/homebrew/Cellar/icarus-verilog/12.0/lib/ivl/vhdl_textio.vpi";
:vpi_module "/opt/homebrew/Cellar/icarus-verilog/12.0/lib/ivl/v2005_math.vpi";
:vpi_module "/opt/homebrew/Cellar/icarus-verilog/12.0/lib/ivl/va_math.vpi";
S_0x12560ae60 .scope module, "alu4bit_tb" "alu4bit_tb" 2 3;
 .timescale -9 -12;
v0x125624e40_0 .var "a", 3 0;
v0x125624ef0_0 .var "b", 3 0;
v0x125624f80_0 .net "carry", 0 0, v0x125624ad0_0;  1 drivers
v0x125625050_0 .net "result", 3 0, v0x125624b80_0;  1 drivers
v0x125625100_0 .var "sel", 2 0;
v0x1256251d0_0 .net "zero", 0 0, v0x125624d10_0;  1 drivers
S_0x125607370 .scope module, "uut" "alu4bit" 2 10, 3 2 0, S_0x12560ae60;
 .timescale 0 0;
    .port_info 0 /INPUT 4 "a";
    .port_info 1 /INPUT 4 "b";
    .port_info 2 /INPUT 3 "sel";
    .port_info 3 /OUTPUT 4 "result";
    .port_info 4 /OUTPUT 1 "carry";
    .port_info 5 /OUTPUT 1 "zero";
v0x12560afd0_0 .net "a", 3 0, v0x125624e40_0;  1 drivers
v0x125624a30_0 .net "b", 3 0, v0x125624ef0_0;  1 drivers
v0x125624ad0_0 .var "carry", 0 0;
v0x125624b80_0 .var "result", 3 0;
v0x125624c20_0 .net "sel", 2 0, v0x125625100_0;  1 drivers
v0x125624d10_0 .var "zero", 0 0;
E_0x12560b8d0/0 .event anyedge, v0x125624c20_0, v0x12560afd0_0, v0x125624a30_0, v0x125624ad0_0;
E_0x12560b8d0/1 .event anyedge, v0x125624b80_0;
E_0x12560b8d0 .event/or E_0x12560b8d0/0, E_0x12560b8d0/1;
    .scope S_0x125607370;
T_0 ;
    %wait E_0x12560b8d0;
    %load/vec4 v0x125624c20_0;
    %dup/vec4;
    %pushi/vec4 0, 0, 3;
    %cmp/u;
    %jmp/1 T_0.0, 6;
    %dup/vec4;
    %pushi/vec4 1, 0, 3;
    %cmp/u;
    %jmp/1 T_0.1, 6;
    %dup/vec4;
    %pushi/vec4 2, 0, 3;
    %cmp/u;
    %jmp/1 T_0.2, 6;
    %dup/vec4;
    %pushi/vec4 3, 0, 3;
    %cmp/u;
    %jmp/1 T_0.3, 6;
    %dup/vec4;
    %pushi/vec4 4, 0, 3;
    %cmp/u;
    %jmp/1 T_0.4, 6;
    %dup/vec4;
    %pushi/vec4 5, 0, 3;
    %cmp/u;
    %jmp/1 T_0.5, 6;
    %dup/vec4;
    %pushi/vec4 6, 0, 3;
    %cmp/u;
    %jmp/1 T_0.6, 6;
    %dup/vec4;
    %pushi/vec4 7, 0, 3;
    %cmp/u;
    %jmp/1 T_0.7, 6;
    %pushi/vec4 0, 0, 4;
    %store/vec4 v0x125624b80_0, 0, 4;
    %jmp T_0.9;
T_0.0 ;
    %load/vec4 v0x12560afd0_0;
    %pad/u 5;
    %load/vec4 v0x125624a30_0;
    %pad/u 5;
    %add;
    %split/vec4 4;
    %store/vec4 v0x125624b80_0, 0, 4;
    %store/vec4 v0x125624ad0_0, 0, 1;
    %jmp T_0.9;
T_0.1 ;
    %load/vec4 v0x12560afd0_0;
    %pad/u 5;
    %load/vec4 v0x125624a30_0;
    %pad/u 5;
    %sub;
    %split/vec4 4;
    %store/vec4 v0x125624b80_0, 0, 4;
    %store/vec4 v0x125624ad0_0, 0, 1;
    %jmp T_0.9;
T_0.2 ;
    %load/vec4 v0x12560afd0_0;
    %load/vec4 v0x125624a30_0;
    %and;
    %store/vec4 v0x125624b80_0, 0, 4;
    %jmp T_0.9;
T_0.3 ;
    %load/vec4 v0x12560afd0_0;
    %load/vec4 v0x125624a30_0;
    %or;
    %store/vec4 v0x125624b80_0, 0, 4;
    %jmp T_0.9;
T_0.4 ;
    %load/vec4 v0x12560afd0_0;
    %load/vec4 v0x125624a30_0;
    %xor;
    %store/vec4 v0x125624b80_0, 0, 4;
    %jmp T_0.9;
T_0.5 ;
    %load/vec4 v0x12560afd0_0;
    %inv;
    %store/vec4 v0x125624b80_0, 0, 4;
    %jmp T_0.9;
T_0.6 ;
    %load/vec4 v0x12560afd0_0;
    %ix/load 4, 1, 0;
    %flag_set/imm 4, 0;
    %shiftl 4;
    %store/vec4 v0x125624b80_0, 0, 4;
    %jmp T_0.9;
T_0.7 ;
    %load/vec4 v0x12560afd0_0;
    %ix/load 4, 1, 0;
    %flag_set/imm 4, 0;
    %shiftr 4;
    %store/vec4 v0x125624b80_0, 0, 4;
    %jmp T_0.9;
T_0.9 ;
    %pop/vec4 1;
    %load/vec4 v0x125624c20_0;
    %cmpi/e 0, 0, 3;
    %jmp/1 T_0.12, 4;
    %flag_mov 8, 4;
    %load/vec4 v0x125624c20_0;
    %cmpi/e 1, 0, 3;
    %flag_or 4, 8;
T_0.12;
    %flag_mov 8, 4;
    %jmp/0 T_0.10, 8;
    %load/vec4 v0x125624ad0_0;
    %jmp/1 T_0.11, 8;
T_0.10 ; End of true expr.
    %pushi/vec4 0, 0, 1;
    %jmp/0 T_0.11, 8;
 ; End of false expr.
    %blend;
T_0.11;
    %store/vec4 v0x125624ad0_0, 0, 1;
    %load/vec4 v0x125624b80_0;
    %cmpi/e 0, 0, 4;
    %flag_mov 8, 4;
    %jmp/0 T_0.13, 8;
    %pushi/vec4 1, 0, 2;
    %jmp/1 T_0.14, 8;
T_0.13 ; End of true expr.
    %pushi/vec4 0, 0, 2;
    %jmp/0 T_0.14, 8;
 ; End of false expr.
    %blend;
T_0.14;
    %pad/s 1;
    %store/vec4 v0x125624d10_0, 0, 1;
    %jmp T_0;
    .thread T_0, $push;
    .scope S_0x12560ae60;
T_1 ;
    %vpi_call 2 20 "$dumpfile", "alu4bit.vcd" {0 0 0};
    %vpi_call 2 21 "$dumpvars", 32'sb00000000000000000000000000000000, S_0x12560ae60 {0 0 0};
    %pushi/vec4 5, 0, 4;
    %store/vec4 v0x125624e40_0, 0, 4;
    %pushi/vec4 3, 0, 4;
    %store/vec4 v0x125624ef0_0, 0, 4;
    %pushi/vec4 0, 0, 3;
    %store/vec4 v0x125625100_0, 0, 3;
    %delay 10000, 0;
    %pushi/vec4 5, 0, 4;
    %store/vec4 v0x125624e40_0, 0, 4;
    %pushi/vec4 3, 0, 4;
    %store/vec4 v0x125624ef0_0, 0, 4;
    %pushi/vec4 1, 0, 3;
    %store/vec4 v0x125625100_0, 0, 3;
    %delay 10000, 0;
    %pushi/vec4 5, 0, 4;
    %store/vec4 v0x125624e40_0, 0, 4;
    %pushi/vec4 3, 0, 4;
    %store/vec4 v0x125624ef0_0, 0, 4;
    %pushi/vec4 2, 0, 3;
    %store/vec4 v0x125625100_0, 0, 3;
    %delay 10000, 0;
    %pushi/vec4 5, 0, 4;
    %store/vec4 v0x125624e40_0, 0, 4;
    %pushi/vec4 3, 0, 4;
    %store/vec4 v0x125624ef0_0, 0, 4;
    %pushi/vec4 3, 0, 3;
    %store/vec4 v0x125625100_0, 0, 3;
    %delay 10000, 0;
    %pushi/vec4 5, 0, 4;
    %store/vec4 v0x125624e40_0, 0, 4;
    %pushi/vec4 3, 0, 4;
    %store/vec4 v0x125624ef0_0, 0, 4;
    %pushi/vec4 4, 0, 3;
    %store/vec4 v0x125625100_0, 0, 3;
    %delay 10000, 0;
    %pushi/vec4 5, 0, 4;
    %store/vec4 v0x125624e40_0, 0, 4;
    %pushi/vec4 0, 0, 4;
    %store/vec4 v0x125624ef0_0, 0, 4;
    %pushi/vec4 5, 0, 3;
    %store/vec4 v0x125625100_0, 0, 3;
    %delay 10000, 0;
    %pushi/vec4 5, 0, 4;
    %store/vec4 v0x125624e40_0, 0, 4;
    %pushi/vec4 0, 0, 4;
    %store/vec4 v0x125624ef0_0, 0, 4;
    %pushi/vec4 6, 0, 3;
    %store/vec4 v0x125625100_0, 0, 3;
    %delay 10000, 0;
    %pushi/vec4 5, 0, 4;
    %store/vec4 v0x125624e40_0, 0, 4;
    %pushi/vec4 0, 0, 4;
    %store/vec4 v0x125624ef0_0, 0, 4;
    %pushi/vec4 7, 0, 3;
    %store/vec4 v0x125625100_0, 0, 3;
    %delay 10000, 0;
    %pushi/vec4 15, 0, 4;
    %store/vec4 v0x125624e40_0, 0, 4;
    %pushi/vec4 15, 0, 4;
    %store/vec4 v0x125624ef0_0, 0, 4;
    %pushi/vec4 0, 0, 3;
    %store/vec4 v0x125625100_0, 0, 3;
    %delay 10000, 0;
    %pushi/vec4 15, 0, 4;
    %store/vec4 v0x125624e40_0, 0, 4;
    %pushi/vec4 15, 0, 4;
    %store/vec4 v0x125624ef0_0, 0, 4;
    %pushi/vec4 1, 0, 3;
    %store/vec4 v0x125625100_0, 0, 3;
    %delay 10000, 0;
    %vpi_call 2 33 "$finish" {0 0 0};
    %end;
    .thread T_1;
# The file index is used to find the file name in the following table.
:file_names 4;
    "N/A";
    "<interactive>";
    "alu4bit_tb.v";
    "alu4bit.v";
