#! /opt/homebrew/Cellar/icarus-verilog/12.0/bin/vvp
:ivl_version "12.0 (stable)";
:ivl_delay_selection "TYPICAL";
:vpi_time_precision - 12;
:vpi_module "/opt/homebrew/Cellar/icarus-verilog/12.0/lib/ivl/system.vpi";
:vpi_module "/opt/homebrew/Cellar/icarus-verilog/12.0/lib/ivl/vhdl_sys.vpi";
:vpi_module "/opt/homebrew/Cellar/icarus-verilog/12.0/lib/ivl/vhdl_textio.vpi";
:vpi_module "/opt/homebrew/Cellar/icarus-verilog/12.0/lib/ivl/v2005_math.vpi";
:vpi_module "/opt/homebrew/Cellar/icarus-verilog/12.0/lib/ivl/va_math.vpi";
S_0x132705c50 .scope module, "bcd_to_binary_tb" "bcd_to_binary_tb" 2 4;
 .timescale -9 -12;
v0x13271c380_0 .var "bcd", 15 0;
v0x13271c440_0 .net "binary", 13 0, v0x13271c2c0_0;  1 drivers
S_0x132704420 .scope module, "uut" "bcd_to_binary" 2 10, 3 3 0, S_0x132705c50;
 .timescale 0 0;
    .port_info 0 /INPUT 16 "bcd";
    .port_info 1 /OUTPUT 14 "binary";
v0x132704590_0 .net "bcd", 15 0, v0x13271c380_0;  1 drivers
v0x13271c2c0_0 .var "binary", 13 0;
E_0x132706680 .event anyedge, v0x132704590_0;
    .scope S_0x132704420;
T_0 ;
    %wait E_0x132706680;
    %load/vec4 v0x132704590_0;
    %parti/s 4, 0, 2;
    %pad/u 14;
    %load/vec4 v0x132704590_0;
    %parti/s 4, 4, 4;
    %pad/u 14;
    %muli 10, 0, 14;
    %add;
    %load/vec4 v0x132704590_0;
    %parti/s 4, 8, 5;
    %pad/u 14;
    %muli 100, 0, 14;
    %add;
    %load/vec4 v0x132704590_0;
    %parti/s 4, 12, 5;
    %pad/u 14;
    %muli 1000, 0, 14;
    %add;
    %store/vec4 v0x13271c2c0_0, 0, 14;
    %jmp T_0;
    .thread T_0, $push;
    .scope S_0x132705c50;
T_1 ;
    %vpi_call 2 16 "$dumpfile", "bcd_to_binary.vcd" {0 0 0};
    %vpi_call 2 17 "$dumpvars", 32'sb00000000000000000000000000000000, S_0x132705c50 {0 0 0};
    %pushi/vec4 0, 0, 16;
    %store/vec4 v0x13271c380_0, 0, 16;
    %delay 10000, 0;
    %vpi_call 2 21 "$display", "BCD= %h => Binary= %d", v0x13271c380_0, v0x13271c440_0 {0 0 0};
    %pushi/vec4 1, 0, 16;
    %store/vec4 v0x13271c380_0, 0, 16;
    %delay 10000, 0;
    %vpi_call 2 24 "$display", "BCD= %h => Binary= %d", v0x13271c380_0, v0x13271c440_0 {0 0 0};
    %pushi/vec4 18, 0, 16;
    %store/vec4 v0x13271c380_0, 0, 16;
    %delay 10000, 0;
    %vpi_call 2 27 "$display", "BCD= %h => Binary= %d", v0x13271c380_0, v0x13271c440_0 {0 0 0};
    %pushi/vec4 291, 0, 16;
    %store/vec4 v0x13271c380_0, 0, 16;
    %delay 10000, 0;
    %vpi_call 2 30 "$display", "BCD= %h => Binary= %d", v0x13271c380_0, v0x13271c440_0 {0 0 0};
    %pushi/vec4 4660, 0, 16;
    %store/vec4 v0x13271c380_0, 0, 16;
    %delay 10000, 0;
    %vpi_call 2 33 "$display", "BCD= %h => Binary= %d", v0x13271c380_0, v0x13271c440_0 {0 0 0};
    %pushi/vec4 39321, 0, 16;
    %store/vec4 v0x13271c380_0, 0, 16;
    %delay 10000, 0;
    %vpi_call 2 36 "$display", "BCD= %h => Binary= %d", v0x13271c380_0, v0x13271c440_0 {0 0 0};
    %vpi_call 2 38 "$finish" {0 0 0};
    %end;
    .thread T_1;
# The file index is used to find the file name in the following table.
:file_names 4;
    "N/A";
    "<interactive>";
    "bcd_to_binary_tb.v";
    "bcd_to_binary.v";
