#! /opt/homebrew/Cellar/icarus-verilog/12.0/bin/vvp
:ivl_version "12.0 (stable)";
:ivl_delay_selection "TYPICAL";
:vpi_time_precision - 12;
:vpi_module "/opt/homebrew/Cellar/icarus-verilog/12.0/lib/ivl/system.vpi";
:vpi_module "/opt/homebrew/Cellar/icarus-verilog/12.0/lib/ivl/vhdl_sys.vpi";
:vpi_module "/opt/homebrew/Cellar/icarus-verilog/12.0/lib/ivl/vhdl_textio.vpi";
:vpi_module "/opt/homebrew/Cellar/icarus-verilog/12.0/lib/ivl/v2005_math.vpi";
:vpi_module "/opt/homebrew/Cellar/icarus-verilog/12.0/lib/ivl/va_math.vpi";
S_0x151707590 .scope module, "configurable_counter_tb" "configurable_counter_tb" 2 3;
 .timescale -9 -12;
v0x15171dad0_0 .var "clk", 0 0;
v0x15171db80_0 .net "count", 3 0, v0x15171d6d0_0;  1 drivers
v0x15171dc10_0 .var "hold", 0 0;
v0x15171dce0_0 .var "load", 0 0;
v0x15171dd90_0 .var "load_value", 3 0;
v0x15171de60_0 .var "rst", 0 0;
S_0x1517055a0 .scope module, "uut" "configurable_counter" 2 9, 3 2 0, S_0x151707590;
 .timescale 0 0;
    .port_info 0 /INPUT 1 "clk";
    .port_info 1 /INPUT 1 "rst";
    .port_info 2 /INPUT 1 "load";
    .port_info 3 /INPUT 1 "hold";
    .port_info 4 /INPUT 4 "load_value";
    .port_info 5 /OUTPUT 4 "count";
v0x151705710_0 .net "clk", 0 0, v0x15171dad0_0;  1 drivers
v0x15171d6d0_0 .var "count", 3 0;
v0x15171d770_0 .net "hold", 0 0, v0x15171dc10_0;  1 drivers
v0x15171d820_0 .net "load", 0 0, v0x15171dce0_0;  1 drivers
v0x15171d8b0_0 .net "load_value", 3 0, v0x15171dd90_0;  1 drivers
v0x15171d9a0_0 .net "rst", 0 0, v0x15171de60_0;  1 drivers
E_0x151707ba0 .event posedge, v0x15171d9a0_0, v0x151705710_0;
    .scope S_0x1517055a0;
T_0 ;
    %wait E_0x151707ba0;
    %load/vec4 v0x15171d9a0_0;
    %flag_set/vec4 8;
    %jmp/0xz  T_0.0, 8;
    %pushi/vec4 0, 0, 4;
    %assign/vec4 v0x15171d6d0_0, 0;
    %jmp T_0.1;
T_0.0 ;
    %load/vec4 v0x15171d820_0;
    %flag_set/vec4 8;
    %jmp/0xz  T_0.2, 8;
    %load/vec4 v0x15171d8b0_0;
    %assign/vec4 v0x15171d6d0_0, 0;
    %jmp T_0.3;
T_0.2 ;
    %load/vec4 v0x15171d770_0;
    %flag_set/vec4 8;
    %jmp/0xz  T_0.4, 8;
    %load/vec4 v0x15171d6d0_0;
    %assign/vec4 v0x15171d6d0_0, 0;
    %jmp T_0.5;
T_0.4 ;
    %load/vec4 v0x15171d6d0_0;
    %addi 1, 0, 4;
    %assign/vec4 v0x15171d6d0_0, 0;
T_0.5 ;
T_0.3 ;
T_0.1 ;
    %jmp T_0;
    .thread T_0;
    .scope S_0x151707590;
T_1 ;
    %vpi_call 2 19 "$dumpfile", "configurable_counter.vcd" {0 0 0};
    %vpi_call 2 20 "$dumpvars", 32'sb00000000000000000000000000000000, S_0x151707590 {0 0 0};
    %pushi/vec4 0, 0, 1;
    %store/vec4 v0x15171dad0_0, 0, 1;
    %pushi/vec4 1, 0, 1;
    %store/vec4 v0x15171de60_0, 0, 1;
    %pushi/vec4 0, 0, 1;
    %store/vec4 v0x15171dce0_0, 0, 1;
    %pushi/vec4 0, 0, 1;
    %store/vec4 v0x15171dc10_0, 0, 1;
    %pushi/vec4 0, 0, 4;
    %store/vec4 v0x15171dd90_0, 0, 4;
    %delay 10000, 0;
    %pushi/vec4 0, 0, 1;
    %store/vec4 v0x15171de60_0, 0, 1;
    %delay 20000, 0;
    %pushi/vec4 1, 0, 1;
    %store/vec4 v0x15171dc10_0, 0, 1;
    %delay 20000, 0;
    %pushi/vec4 0, 0, 1;
    %store/vec4 v0x15171dc10_0, 0, 1;
    %delay 10000, 0;
    %pushi/vec4 9, 0, 4;
    %store/vec4 v0x15171dd90_0, 0, 4;
    %pushi/vec4 1, 0, 1;
    %store/vec4 v0x15171dce0_0, 0, 1;
    %delay 10000, 0;
    %pushi/vec4 0, 0, 1;
    %store/vec4 v0x15171dce0_0, 0, 1;
    %delay 30000, 0;
    %vpi_call 2 44 "$finish" {0 0 0};
    %end;
    .thread T_1;
    .scope S_0x151707590;
T_2 ;
    %delay 5000, 0;
    %load/vec4 v0x15171dad0_0;
    %inv;
    %store/vec4 v0x15171dad0_0, 0, 1;
    %jmp T_2;
    .thread T_2;
# The file index is used to find the file name in the following table.
:file_names 4;
    "N/A";
    "<interactive>";
    "configurable_counter_tb.v";
    "configurable_counter.v";
