#! /opt/homebrew/Cellar/icarus-verilog/12.0/bin/vvp
:ivl_version "12.0 (stable)";
:ivl_delay_selection "TYPICAL";
:vpi_time_precision - 12;
:vpi_module "/opt/homebrew/Cellar/icarus-verilog/12.0/lib/ivl/system.vpi";
:vpi_module "/opt/homebrew/Cellar/icarus-verilog/12.0/lib/ivl/vhdl_sys.vpi";
:vpi_module "/opt/homebrew/Cellar/icarus-verilog/12.0/lib/ivl/vhdl_textio.vpi";
:vpi_module "/opt/homebrew/Cellar/icarus-verilog/12.0/lib/ivl/v2005_math.vpi";
:vpi_module "/opt/homebrew/Cellar/icarus-verilog/12.0/lib/ivl/va_math.vpi";
S_0x132e09030 .scope module, "gray_to_binary_tb" "gray_to_binary_tb" 2 3;
 .timescale -9 -12;
v0x132e1f8b0_0 .net "binary", 3 0, L_0x132e20130;  1 drivers
v0x132e1f940_0 .var "gray", 3 0;
v0x132e1f9f0_0 .var/i "i", 31 0;
S_0x132e074f0 .scope module, "uut" "gray_to_binary" 2 8, 3 2 0, S_0x132e09030;
 .timescale 0 0;
    .port_info 0 /INPUT 4 "gray";
    .port_info 1 /OUTPUT 4 "binary";
L_0x132e1fda0 .functor XOR 1, L_0x132e1fba0, L_0x132e1fc40, C4<0>, C4<0>;
L_0x132e20040 .functor XOR 1, L_0x132e1fe90, L_0x132e1ff70, C4<0>, C4<0>;
L_0x132e20480 .functor XOR 1, L_0x132e202c0, L_0x132e203e0, C4<0>, C4<0>;
v0x132e07660_0 .net *"_ivl_10", 0 0, L_0x132e1fda0;  1 drivers
v0x132e1f060_0 .net *"_ivl_15", 0 0, L_0x132e1fe90;  1 drivers
v0x132e1f100_0 .net *"_ivl_17", 0 0, L_0x132e1ff70;  1 drivers
v0x132e1f1b0_0 .net *"_ivl_18", 0 0, L_0x132e20040;  1 drivers
v0x132e1f260_0 .net *"_ivl_24", 0 0, L_0x132e202c0;  1 drivers
v0x132e1f350_0 .net *"_ivl_26", 0 0, L_0x132e203e0;  1 drivers
v0x132e1f400_0 .net *"_ivl_27", 0 0, L_0x132e20480;  1 drivers
v0x132e1f4b0_0 .net *"_ivl_3", 0 0, L_0x132e1faa0;  1 drivers
v0x132e1f560_0 .net *"_ivl_7", 0 0, L_0x132e1fba0;  1 drivers
v0x132e1f670_0 .net *"_ivl_9", 0 0, L_0x132e1fc40;  1 drivers
v0x132e1f720_0 .net "binary", 3 0, L_0x132e20130;  alias, 1 drivers
v0x132e1f7d0_0 .net "gray", 3 0, v0x132e1f940_0;  1 drivers
L_0x132e1faa0 .part v0x132e1f940_0, 3, 1;
L_0x132e1fba0 .part v0x132e1f940_0, 3, 1;
L_0x132e1fc40 .part v0x132e1f940_0, 2, 1;
L_0x132e1fe90 .part L_0x132e20130, 2, 1;
L_0x132e1ff70 .part v0x132e1f940_0, 1, 1;
L_0x132e20130 .concat8 [ 1 1 1 1], L_0x132e20480, L_0x132e20040, L_0x132e1fda0, L_0x132e1faa0;
L_0x132e202c0 .part L_0x132e20130, 1, 1;
L_0x132e203e0 .part v0x132e1f940_0, 0, 1;
    .scope S_0x132e09030;
T_0 ;
    %vpi_call 2 16 "$dumpfile", "gray_to_binary.vcd" {0 0 0};
    %vpi_call 2 17 "$dumpvars", 32'sb00000000000000000000000000000000, S_0x132e09030 {0 0 0};
    %pushi/vec4 0, 0, 32;
    %store/vec4 v0x132e1f9f0_0, 0, 32;
T_0.0 ;
    %load/vec4 v0x132e1f9f0_0;
    %cmpi/s 16, 0, 32;
    %jmp/0xz T_0.1, 5;
    %load/vec4 v0x132e1f9f0_0;
    %parti/s 4, 0, 2;
    %store/vec4 v0x132e1f940_0, 0, 4;
    %delay 10000, 0;
    %load/vec4 v0x132e1f9f0_0;
    %addi 1, 0, 32;
    %store/vec4 v0x132e1f9f0_0, 0, 32;
    %jmp T_0.0;
T_0.1 ;
    %vpi_call 2 25 "$finish" {0 0 0};
    %end;
    .thread T_0;
# The file index is used to find the file name in the following table.
:file_names 4;
    "N/A";
    "<interactive>";
    "gray_to_binary_tb.v";
    "gray_to_binary.v";
