#! /opt/homebrew/Cellar/icarus-verilog/12.0/bin/vvp
:ivl_version "12.0 (stable)";
:ivl_delay_selection "TYPICAL";
:vpi_time_precision - 12;
:vpi_module "/opt/homebrew/Cellar/icarus-verilog/12.0/lib/ivl/system.vpi";
:vpi_module "/opt/homebrew/Cellar/icarus-verilog/12.0/lib/ivl/vhdl_sys.vpi";
:vpi_module "/opt/homebrew/Cellar/icarus-verilog/12.0/lib/ivl/vhdl_textio.vpi";
:vpi_module "/opt/homebrew/Cellar/icarus-verilog/12.0/lib/ivl/v2005_math.vpi";
:vpi_module "/opt/homebrew/Cellar/icarus-verilog/12.0/lib/ivl/va_math.vpi";
S_0x14f6082e0 .scope module, "zero_extender_tb" "zero_extender_tb" 2 3;
 .timescale -9 -12;
v0x14f61bfb0_0 .var/i "i", 31 0;
v0x14f61c060_0 .var "in", 3 0;
v0x14f61c120_0 .net "out", 7 0, L_0x14f61c210;  1 drivers
S_0x14f6074d0 .scope module, "uut" "zero_extender" 2 8, 3 2 0, S_0x14f6082e0;
 .timescale 0 0;
    .port_info 0 /INPUT 4 "in";
    .port_info 1 /OUTPUT 8 "out";
L_0x150078010 .functor BUFT 1, C4<0000>, C4<0>, C4<0>, C4<0>;
v0x14f608450_0 .net/2u *"_ivl_0", 3 0, L_0x150078010;  1 drivers
v0x14f61be30_0 .net "in", 3 0, v0x14f61c060_0;  1 drivers
v0x14f61bed0_0 .net "out", 7 0, L_0x14f61c210;  alias, 1 drivers
L_0x14f61c210 .concat [ 4 4 0 0], v0x14f61c060_0, L_0x150078010;
    .scope S_0x14f6082e0;
T_0 ;
    %vpi_call 2 16 "$dumpfile", "zero_extender.vcd" {0 0 0};
    %vpi_call 2 17 "$dumpvars", 32'sb00000000000000000000000000000000, S_0x14f6082e0 {0 0 0};
    %pushi/vec4 0, 0, 32;
    %store/vec4 v0x14f61bfb0_0, 0, 32;
T_0.0 ;
    %load/vec4 v0x14f61bfb0_0;
    %cmpi/s 16, 0, 32;
    %jmp/0xz T_0.1, 5;
    %load/vec4 v0x14f61bfb0_0;
    %parti/s 4, 0, 2;
    %store/vec4 v0x14f61c060_0, 0, 4;
    %delay 10000, 0;
    %load/vec4 v0x14f61bfb0_0;
    %addi 1, 0, 32;
    %store/vec4 v0x14f61bfb0_0, 0, 32;
    %jmp T_0.0;
T_0.1 ;
    %vpi_call 2 25 "$finish" {0 0 0};
    %end;
    .thread T_0;
# The file index is used to find the file name in the following table.
:file_names 4;
    "N/A";
    "<interactive>";
    "zero_extender_tb.v";
    "zero_extender.v";
