#! /opt/homebrew/Cellar/icarus-verilog/12.0/bin/vvp
:ivl_version "12.0 (stable)";
:ivl_delay_selection "TYPICAL";
:vpi_time_precision - 12;
:vpi_module "/opt/homebrew/Cellar/icarus-verilog/12.0/lib/ivl/system.vpi";
:vpi_module "/opt/homebrew/Cellar/icarus-verilog/12.0/lib/ivl/vhdl_sys.vpi";
:vpi_module "/opt/homebrew/Cellar/icarus-verilog/12.0/lib/ivl/vhdl_textio.vpi";
:vpi_module "/opt/homebrew/Cellar/icarus-verilog/12.0/lib/ivl/v2005_math.vpi";
:vpi_module "/opt/homebrew/Cellar/icarus-verilog/12.0/lib/ivl/va_math.vpi";
S_0x12ef09ec0 .scope module, "fifo_sync_tb" "fifo_sync_tb" 2 4;
 .timescale -9 -12;
P_0x12ef0a1a0 .param/l "DATA_WIDTH" 0 2 6, +C4<00000000000000000000000000001000>;
P_0x12ef0a1e0 .param/l "DEPTH" 0 2 7, +C4<00000000000000000000000000000100>;
v0x12ef233c0_0 .var "clk", 0 0;
v0x12ef23480_0 .var "din", 7 0;
v0x12ef23510_0 .net "dout", 7 0, v0x12ef22d10_0;  1 drivers
v0x12ef235c0_0 .net "empty", 0 0, v0x12ef22da0_0;  1 drivers
v0x12ef23670_0 .net "full", 0 0, v0x12ef22e70_0;  1 drivers
v0x12ef23740_0 .var "rd_en", 0 0;
v0x12ef237d0_0 .var "rst", 0 0;
v0x12ef23880_0 .var "wr_en", 0 0;
E_0x12ef0a620 .event posedge, v0x12ef12510_0;
S_0x12ef04790 .scope module, "uut" "fifo_sync" 2 18, 3 3 0, S_0x12ef09ec0;
 .timescale 0 0;
    .port_info 0 /INPUT 1 "clk";
    .port_info 1 /INPUT 1 "rst";
    .port_info 2 /INPUT 1 "wr_en";
    .port_info 3 /INPUT 1 "rd_en";
    .port_info 4 /INPUT 8 "din";
    .port_info 5 /OUTPUT 8 "dout";
    .port_info 6 /OUTPUT 1 "full";
    .port_info 7 /OUTPUT 1 "empty";
P_0x12ef04bc0 .param/l "DATA_WIDTH" 0 3 4, +C4<00000000000000000000000000001000>;
P_0x12ef04c00 .param/l "DEPTH" 0 3 5, +C4<00000000000000000000000000000100>;
v0x12ef12510_0 .net "clk", 0 0, v0x12ef233c0_0;  1 drivers
v0x12ef22be0_0 .var "count", 2 0;
v0x12ef22c80_0 .net "din", 7 0, v0x12ef23480_0;  1 drivers
v0x12ef22d10_0 .var "dout", 7 0;
v0x12ef22da0_0 .var "empty", 0 0;
v0x12ef22e70_0 .var "full", 0 0;
v0x12ef22f00 .array "mem", 3 0, 7 0;
v0x12ef22fa0_0 .net "rd_en", 0 0, v0x12ef23740_0;  1 drivers
v0x12ef23040_0 .var "rd_ptr", 2 0;
v0x12ef23150_0 .net "rst", 0 0, v0x12ef237d0_0;  1 drivers
v0x12ef231f0_0 .net "wr_en", 0 0, v0x12ef23880_0;  1 drivers
v0x12ef23290_0 .var "wr_ptr", 2 0;
E_0x12ef0b100 .event posedge, v0x12ef23150_0, v0x12ef12510_0;
    .scope S_0x12ef04790;
T_0 ;
    %pushi/vec4 0, 0, 3;
    %store/vec4 v0x12ef23290_0, 0, 3;
    %pushi/vec4 0, 0, 3;
    %store/vec4 v0x12ef23040_0, 0, 3;
    %pushi/vec4 0, 0, 3;
    %store/vec4 v0x12ef22be0_0, 0, 3;
    %end;
    .thread T_0;
    .scope S_0x12ef04790;
T_1 ;
    %wait E_0x12ef0b100;
    %load/vec4 v0x12ef23150_0;
    %flag_set/vec4 8;
    %jmp/0xz  T_1.0, 8;
    %pushi/vec4 0, 0, 3;
    %assign/vec4 v0x12ef23290_0, 0;
    %pushi/vec4 0, 0, 3;
    %assign/vec4 v0x12ef23040_0, 0;
    %pushi/vec4 0, 0, 3;
    %assign/vec4 v0x12ef22be0_0, 0;
    %pushi/vec4 0, 0, 1;
    %assign/vec4 v0x12ef22e70_0, 0;
    %pushi/vec4 1, 0, 1;
    %assign/vec4 v0x12ef22da0_0, 0;
    %jmp T_1.1;
T_1.0 ;
    %load/vec4 v0x12ef231f0_0;
    %flag_set/vec4 9;
    %flag_get/vec4 9;
    %jmp/0 T_1.4, 9;
    %load/vec4 v0x12ef22e70_0;
    %nor/r;
    %and;
T_1.4;
    %flag_set/vec4 8;
    %jmp/0xz  T_1.2, 8;
    %load/vec4 v0x12ef22c80_0;
    %load/vec4 v0x12ef23290_0;
    %pad/u 4;
    %ix/vec4 3;
    %ix/load 4, 0, 0; Constant delay
    %assign/vec4/a/d v0x12ef22f00, 0, 4;
    %load/vec4 v0x12ef23290_0;
    %addi 1, 0, 3;
    %assign/vec4 v0x12ef23290_0, 0;
    %load/vec4 v0x12ef22be0_0;
    %addi 1, 0, 3;
    %assign/vec4 v0x12ef22be0_0, 0;
T_1.2 ;
    %load/vec4 v0x12ef22fa0_0;
    %flag_set/vec4 9;
    %flag_get/vec4 9;
    %jmp/0 T_1.7, 9;
    %load/vec4 v0x12ef22da0_0;
    %nor/r;
    %and;
T_1.7;
    %flag_set/vec4 8;
    %jmp/0xz  T_1.5, 8;
    %load/vec4 v0x12ef23040_0;
    %pad/u 4;
    %ix/vec4 4;
    %load/vec4a v0x12ef22f00, 4;
    %assign/vec4 v0x12ef22d10_0, 0;
    %load/vec4 v0x12ef23040_0;
    %addi 1, 0, 3;
    %assign/vec4 v0x12ef23040_0, 0;
    %load/vec4 v0x12ef22be0_0;
    %subi 1, 0, 3;
    %assign/vec4 v0x12ef22be0_0, 0;
T_1.5 ;
    %load/vec4 v0x12ef22be0_0;
    %pad/u 32;
    %pushi/vec4 4, 0, 32;
    %cmp/e;
    %flag_get/vec4 4;
    %assign/vec4 v0x12ef22e70_0, 0;
    %load/vec4 v0x12ef22be0_0;
    %pad/u 32;
    %pushi/vec4 0, 0, 32;
    %cmp/e;
    %flag_get/vec4 4;
    %assign/vec4 v0x12ef22da0_0, 0;
T_1.1 ;
    %jmp T_1;
    .thread T_1;
    .scope S_0x12ef09ec0;
T_2 ;
    %vpi_call 2 30 "$dumpfile", "fifo_sync.vcd" {0 0 0};
    %vpi_call 2 31 "$dumpvars", 32'sb00000000000000000000000000000000, S_0x12ef09ec0 {0 0 0};
    %pushi/vec4 0, 0, 1;
    %store/vec4 v0x12ef233c0_0, 0, 1;
    %pushi/vec4 1, 0, 1;
    %store/vec4 v0x12ef237d0_0, 0, 1;
    %pushi/vec4 0, 0, 1;
    %store/vec4 v0x12ef23880_0, 0, 1;
    %pushi/vec4 0, 0, 1;
    %store/vec4 v0x12ef23740_0, 0, 1;
    %pushi/vec4 0, 0, 8;
    %store/vec4 v0x12ef23480_0, 0, 8;
    %delay 10000, 0;
    %pushi/vec4 0, 0, 1;
    %store/vec4 v0x12ef237d0_0, 0, 1;
    %pushi/vec4 4, 0, 32;
T_2.0 %dup/vec4;
    %pushi/vec4 0, 0, 32;
    %cmp/s;
    %jmp/1xz T_2.1, 5;
    %jmp/1 T_2.1, 4;
    %pushi/vec4 1, 0, 32;
    %sub;
    %wait E_0x12ef0a620;
    %pushi/vec4 1, 0, 1;
    %store/vec4 v0x12ef23880_0, 0, 1;
    %load/vec4 v0x12ef23480_0;
    %addi 1, 0, 8;
    %store/vec4 v0x12ef23480_0, 0, 8;
    %jmp T_2.0;
T_2.1 ;
    %pop/vec4 1;
    %wait E_0x12ef0a620;
    %pushi/vec4 0, 0, 1;
    %store/vec4 v0x12ef23880_0, 0, 1;
    %pushi/vec4 4, 0, 32;
T_2.2 %dup/vec4;
    %pushi/vec4 0, 0, 32;
    %cmp/s;
    %jmp/1xz T_2.3, 5;
    %jmp/1 T_2.3, 4;
    %pushi/vec4 1, 0, 32;
    %sub;
    %wait E_0x12ef0a620;
    %pushi/vec4 1, 0, 1;
    %store/vec4 v0x12ef23740_0, 0, 1;
    %jmp T_2.2;
T_2.3 ;
    %pop/vec4 1;
    %wait E_0x12ef0a620;
    %pushi/vec4 0, 0, 1;
    %store/vec4 v0x12ef23740_0, 0, 1;
    %delay 20000, 0;
    %vpi_call 2 60 "$finish" {0 0 0};
    %end;
    .thread T_2;
    .scope S_0x12ef09ec0;
T_3 ;
    %delay 5000, 0;
    %load/vec4 v0x12ef233c0_0;
    %inv;
    %store/vec4 v0x12ef233c0_0, 0, 1;
    %jmp T_3;
    .thread T_3;
# The file index is used to find the file name in the following table.
:file_names 4;
    "N/A";
    "<interactive>";
    "fifo_sync_tb.v";
    "fifo_sync.v";
