#! /opt/homebrew/Cellar/icarus-verilog/12.0/bin/vvp
:ivl_version "12.0 (stable)";
:ivl_delay_selection "TYPICAL";
:vpi_time_precision - 12;
:vpi_module "/opt/homebrew/Cellar/icarus-verilog/12.0/lib/ivl/system.vpi";
:vpi_module "/opt/homebrew/Cellar/icarus-verilog/12.0/lib/ivl/vhdl_sys.vpi";
:vpi_module "/opt/homebrew/Cellar/icarus-verilog/12.0/lib/ivl/vhdl_textio.vpi";
:vpi_module "/opt/homebrew/Cellar/icarus-verilog/12.0/lib/ivl/v2005_math.vpi";
:vpi_module "/opt/homebrew/Cellar/icarus-verilog/12.0/lib/ivl/va_math.vpi";
S_0x153e08af0 .scope module, "rom_8x4_tb" "rom_8x4_tb" 2 4;
 .timescale -9 -12;
v0x153e1d520_0 .var "addr", 2 0;
v0x153e1d5e0_0 .net "data_out", 3 0, v0x153e1d460_0;  1 drivers
S_0x153e06bc0 .scope module, "uut" "rom_8x4" 2 10, 3 3 0, S_0x153e08af0;
 .timescale 0 0;
    .port_info 0 /INPUT 3 "addr";
    .port_info 1 /OUTPUT 4 "data_out";
v0x153e08c60_0 .net "addr", 2 0, v0x153e1d520_0;  1 drivers
v0x153e1d460_0 .var "data_out", 3 0;
E_0x153e09230 .event anyedge, v0x153e08c60_0;
    .scope S_0x153e06bc0;
T_0 ;
    %wait E_0x153e09230;
    %load/vec4 v0x153e08c60_0;
    %dup/vec4;
    %pushi/vec4 0, 0, 3;
    %cmp/u;
    %jmp/1 T_0.0, 6;
    %dup/vec4;
    %pushi/vec4 1, 0, 3;
    %cmp/u;
    %jmp/1 T_0.1, 6;
    %dup/vec4;
    %pushi/vec4 2, 0, 3;
    %cmp/u;
    %jmp/1 T_0.2, 6;
    %dup/vec4;
    %pushi/vec4 3, 0, 3;
    %cmp/u;
    %jmp/1 T_0.3, 6;
    %dup/vec4;
    %pushi/vec4 4, 0, 3;
    %cmp/u;
    %jmp/1 T_0.4, 6;
    %dup/vec4;
    %pushi/vec4 5, 0, 3;
    %cmp/u;
    %jmp/1 T_0.5, 6;
    %dup/vec4;
    %pushi/vec4 6, 0, 3;
    %cmp/u;
    %jmp/1 T_0.6, 6;
    %dup/vec4;
    %pushi/vec4 7, 0, 3;
    %cmp/u;
    %jmp/1 T_0.7, 6;
    %pushi/vec4 0, 0, 4;
    %store/vec4 v0x153e1d460_0, 0, 4;
    %jmp T_0.9;
T_0.0 ;
    %pushi/vec4 1, 0, 4;
    %store/vec4 v0x153e1d460_0, 0, 4;
    %jmp T_0.9;
T_0.1 ;
    %pushi/vec4 2, 0, 4;
    %store/vec4 v0x153e1d460_0, 0, 4;
    %jmp T_0.9;
T_0.2 ;
    %pushi/vec4 3, 0, 4;
    %store/vec4 v0x153e1d460_0, 0, 4;
    %jmp T_0.9;
T_0.3 ;
    %pushi/vec4 4, 0, 4;
    %store/vec4 v0x153e1d460_0, 0, 4;
    %jmp T_0.9;
T_0.4 ;
    %pushi/vec4 8, 0, 4;
    %store/vec4 v0x153e1d460_0, 0, 4;
    %jmp T_0.9;
T_0.5 ;
    %pushi/vec4 10, 0, 4;
    %store/vec4 v0x153e1d460_0, 0, 4;
    %jmp T_0.9;
T_0.6 ;
    %pushi/vec4 12, 0, 4;
    %store/vec4 v0x153e1d460_0, 0, 4;
    %jmp T_0.9;
T_0.7 ;
    %pushi/vec4 15, 0, 4;
    %store/vec4 v0x153e1d460_0, 0, 4;
    %jmp T_0.9;
T_0.9 ;
    %pop/vec4 1;
    %jmp T_0;
    .thread T_0, $push;
    .scope S_0x153e08af0;
T_1 ;
    %vpi_call 2 16 "$dumpfile", "rom_8x4.vcd" {0 0 0};
    %vpi_call 2 17 "$dumpvars", 32'sb00000000000000000000000000000000, S_0x153e08af0 {0 0 0};
    %pushi/vec4 0, 0, 3;
    %store/vec4 v0x153e1d520_0, 0, 3;
    %delay 10000, 0;
    %pushi/vec4 1, 0, 3;
    %store/vec4 v0x153e1d520_0, 0, 3;
    %delay 10000, 0;
    %pushi/vec4 2, 0, 3;
    %store/vec4 v0x153e1d520_0, 0, 3;
    %delay 10000, 0;
    %pushi/vec4 3, 0, 3;
    %store/vec4 v0x153e1d520_0, 0, 3;
    %delay 10000, 0;
    %pushi/vec4 4, 0, 3;
    %store/vec4 v0x153e1d520_0, 0, 3;
    %delay 10000, 0;
    %pushi/vec4 5, 0, 3;
    %store/vec4 v0x153e1d520_0, 0, 3;
    %delay 10000, 0;
    %pushi/vec4 6, 0, 3;
    %store/vec4 v0x153e1d520_0, 0, 3;
    %delay 10000, 0;
    %pushi/vec4 7, 0, 3;
    %store/vec4 v0x153e1d520_0, 0, 3;
    %delay 10000, 0;
    %vpi_call 2 29 "$finish" {0 0 0};
    %end;
    .thread T_1;
# The file index is used to find the file name in the following table.
:file_names 4;
    "N/A";
    "<interactive>";
    "rom_8x4_tb.v";
    "rom_8x4.v";
