#! /opt/homebrew/Cellar/icarus-verilog/12.0/bin/vvp
:ivl_version "12.0 (stable)";
:ivl_delay_selection "TYPICAL";
:vpi_time_precision - 12;
:vpi_module "/opt/homebrew/Cellar/icarus-verilog/12.0/lib/ivl/system.vpi";
:vpi_module "/opt/homebrew/Cellar/icarus-verilog/12.0/lib/ivl/vhdl_sys.vpi";
:vpi_module "/opt/homebrew/Cellar/icarus-verilog/12.0/lib/ivl/vhdl_textio.vpi";
:vpi_module "/opt/homebrew/Cellar/icarus-verilog/12.0/lib/ivl/v2005_math.vpi";
:vpi_module "/opt/homebrew/Cellar/icarus-verilog/12.0/lib/ivl/va_math.vpi";
S_0x135707c90 .scope module, "priority_encoder_8to3_tb" "priority_encoder_8to3_tb" 2 4;
 .timescale -9 -12;
v0x13571dc30_0 .var "in", 7 0;
v0x13571dce0_0 .net "out", 2 0, v0x13571da80_0;  1 drivers
v0x13571dd90_0 .net "valid", 0 0, v0x13571db30_0;  1 drivers
S_0x135707e00 .scope module, "uut" "priority_encoder_8to3" 2 11, 3 4 0, S_0x135707c90;
 .timescale 0 0;
    .port_info 0 /INPUT 8 "in";
    .port_info 1 /OUTPUT 3 "out";
    .port_info 2 /OUTPUT 1 "valid";
v0x135705690_0 .net "in", 7 0, v0x13571dc30_0;  1 drivers
v0x13571da80_0 .var "out", 2 0;
v0x13571db30_0 .var "valid", 0 0;
E_0x1357085a0 .event anyedge, v0x135705690_0;
    .scope S_0x135707e00;
T_0 ;
    %wait E_0x1357085a0;
    %pushi/vec4 1, 0, 1;
    %store/vec4 v0x13571db30_0, 0, 1;
    %load/vec4 v0x135705690_0;
    %dup/vec4;
    %pushi/vec4 255, 127, 8;
    %cmp/x;
    %jmp/1 T_0.0, 4;
    %dup/vec4;
    %pushi/vec4 127, 63, 8;
    %cmp/x;
    %jmp/1 T_0.1, 4;
    %dup/vec4;
    %pushi/vec4 63, 31, 8;
    %cmp/x;
    %jmp/1 T_0.2, 4;
    %dup/vec4;
    %pushi/vec4 31, 15, 8;
    %cmp/x;
    %jmp/1 T_0.3, 4;
    %dup/vec4;
    %pushi/vec4 15, 7, 8;
    %cmp/x;
    %jmp/1 T_0.4, 4;
    %dup/vec4;
    %pushi/vec4 7, 3, 8;
    %cmp/x;
    %jmp/1 T_0.5, 4;
    %dup/vec4;
    %pushi/vec4 3, 1, 8;
    %cmp/x;
    %jmp/1 T_0.6, 4;
    %dup/vec4;
    %pushi/vec4 1, 0, 8;
    %cmp/x;
    %jmp/1 T_0.7, 4;
    %pushi/vec4 0, 0, 3;
    %store/vec4 v0x13571da80_0, 0, 3;
    %pushi/vec4 0, 0, 1;
    %store/vec4 v0x13571db30_0, 0, 1;
    %jmp T_0.9;
T_0.0 ;
    %pushi/vec4 7, 0, 3;
    %store/vec4 v0x13571da80_0, 0, 3;
    %jmp T_0.9;
T_0.1 ;
    %pushi/vec4 6, 0, 3;
    %store/vec4 v0x13571da80_0, 0, 3;
    %jmp T_0.9;
T_0.2 ;
    %pushi/vec4 5, 0, 3;
    %store/vec4 v0x13571da80_0, 0, 3;
    %jmp T_0.9;
T_0.3 ;
    %pushi/vec4 4, 0, 3;
    %store/vec4 v0x13571da80_0, 0, 3;
    %jmp T_0.9;
T_0.4 ;
    %pushi/vec4 3, 0, 3;
    %store/vec4 v0x13571da80_0, 0, 3;
    %jmp T_0.9;
T_0.5 ;
    %pushi/vec4 2, 0, 3;
    %store/vec4 v0x13571da80_0, 0, 3;
    %jmp T_0.9;
T_0.6 ;
    %pushi/vec4 1, 0, 3;
    %store/vec4 v0x13571da80_0, 0, 3;
    %jmp T_0.9;
T_0.7 ;
    %pushi/vec4 0, 0, 3;
    %store/vec4 v0x13571da80_0, 0, 3;
    %jmp T_0.9;
T_0.9 ;
    %pop/vec4 1;
    %jmp T_0;
    .thread T_0, $push;
    .scope S_0x135707c90;
T_1 ;
    %vpi_call 2 18 "$dumpfile", "priority_encoder_8to3.vcd" {0 0 0};
    %vpi_call 2 19 "$dumpvars", 32'sb00000000000000000000000000000000, S_0x135707c90 {0 0 0};
    %pushi/vec4 0, 0, 8;
    %store/vec4 v0x13571dc30_0, 0, 8;
    %delay 10000, 0;
    %pushi/vec4 1, 0, 8;
    %store/vec4 v0x13571dc30_0, 0, 8;
    %delay 10000, 0;
    %pushi/vec4 2, 0, 8;
    %store/vec4 v0x13571dc30_0, 0, 8;
    %delay 10000, 0;
    %pushi/vec4 4, 0, 8;
    %store/vec4 v0x13571dc30_0, 0, 8;
    %delay 10000, 0;
    %pushi/vec4 8, 0, 8;
    %store/vec4 v0x13571dc30_0, 0, 8;
    %delay 10000, 0;
    %pushi/vec4 16, 0, 8;
    %store/vec4 v0x13571dc30_0, 0, 8;
    %delay 10000, 0;
    %pushi/vec4 32, 0, 8;
    %store/vec4 v0x13571dc30_0, 0, 8;
    %delay 10000, 0;
    %pushi/vec4 64, 0, 8;
    %store/vec4 v0x13571dc30_0, 0, 8;
    %delay 10000, 0;
    %pushi/vec4 128, 0, 8;
    %store/vec4 v0x13571dc30_0, 0, 8;
    %delay 10000, 0;
    %pushi/vec4 200, 0, 8;
    %store/vec4 v0x13571dc30_0, 0, 8;
    %delay 10000, 0;
    %pushi/vec4 3, 0, 8;
    %store/vec4 v0x13571dc30_0, 0, 8;
    %delay 10000, 0;
    %vpi_call 2 36 "$finish" {0 0 0};
    %end;
    .thread T_1;
# The file index is used to find the file name in the following table.
:file_names 4;
    "N/A";
    "<interactive>";
    "priority_encoder_8to3_tb.v";
    "priority_encoder_8to3.v";
