#! /opt/homebrew/Cellar/icarus-verilog/12.0/bin/vvp
:ivl_version "12.0 (stable)";
:ivl_delay_selection "TYPICAL";
:vpi_time_precision - 12;
:vpi_module "/opt/homebrew/Cellar/icarus-verilog/12.0/lib/ivl/system.vpi";
:vpi_module "/opt/homebrew/Cellar/icarus-verilog/12.0/lib/ivl/vhdl_sys.vpi";
:vpi_module "/opt/homebrew/Cellar/icarus-verilog/12.0/lib/ivl/vhdl_textio.vpi";
:vpi_module "/opt/homebrew/Cellar/icarus-verilog/12.0/lib/ivl/v2005_math.vpi";
:vpi_module "/opt/homebrew/Cellar/icarus-verilog/12.0/lib/ivl/va_math.vpi";
S_0x1496084b0 .scope module, "d_flip_flop_tb" "d_flip_flop_tb" 2 4;
 .timescale -9 -12;
v0x14961c6f0_0 .var "clk", 0 0;
v0x14961c790_0 .var "d", 0 0;
v0x14961c840_0 .net "q", 0 0, v0x14961c5f0_0;  1 drivers
S_0x1496074c0 .scope module, "uut" "d_flip_flop" 2 10, 3 2 0, S_0x1496084b0;
 .timescale 0 0;
    .port_info 0 /INPUT 1 "clk";
    .port_info 1 /INPUT 1 "d";
    .port_info 2 /OUTPUT 1 "q";
v0x149608620_0 .net "clk", 0 0, v0x14961c6f0_0;  1 drivers
v0x14961c550_0 .net "d", 0 0, v0x14961c790_0;  1 drivers
v0x14961c5f0_0 .var "q", 0 0;
E_0x149607bc0 .event posedge, v0x149608620_0;
    .scope S_0x1496074c0;
T_0 ;
    %wait E_0x149607bc0;
    %load/vec4 v0x14961c550_0;
    %assign/vec4 v0x14961c5f0_0, 0;
    %jmp T_0;
    .thread T_0;
    .scope S_0x1496084b0;
T_1 ;
    %delay 5000, 0;
    %load/vec4 v0x14961c6f0_0;
    %inv;
    %store/vec4 v0x14961c6f0_0, 0, 1;
    %jmp T_1;
    .thread T_1;
    .scope S_0x1496084b0;
T_2 ;
    %vpi_call 2 20 "$dumpfile", "d_flip_flop.vcd" {0 0 0};
    %vpi_call 2 21 "$dumpvars", 32'sb00000000000000000000000000000000, S_0x1496084b0 {0 0 0};
    %pushi/vec4 0, 0, 1;
    %store/vec4 v0x14961c6f0_0, 0, 1;
    %pushi/vec4 0, 0, 1;
    %store/vec4 v0x14961c790_0, 0, 1;
    %delay 12000, 0;
    %pushi/vec4 1, 0, 1;
    %store/vec4 v0x14961c790_0, 0, 1;
    %delay 10000, 0;
    %pushi/vec4 0, 0, 1;
    %store/vec4 v0x14961c790_0, 0, 1;
    %delay 10000, 0;
    %pushi/vec4 1, 0, 1;
    %store/vec4 v0x14961c790_0, 0, 1;
    %delay 10000, 0;
    %pushi/vec4 1, 0, 1;
    %store/vec4 v0x14961c790_0, 0, 1;
    %delay 10000, 0;
    %pushi/vec4 0, 0, 1;
    %store/vec4 v0x14961c790_0, 0, 1;
    %delay 10000, 0;
    %vpi_call 2 31 "$finish" {0 0 0};
    %end;
    .thread T_2;
# The file index is used to find the file name in the following table.
:file_names 4;
    "N/A";
    "<interactive>";
    "d_flip_flop_tb.v";
    "d_flip_flop.v";
