#! /opt/homebrew/Cellar/icarus-verilog/12.0/bin/vvp
:ivl_version "12.0 (stable)";
:ivl_delay_selection "TYPICAL";
:vpi_time_precision - 12;
:vpi_module "/opt/homebrew/Cellar/icarus-verilog/12.0/lib/ivl/system.vpi";
:vpi_module "/opt/homebrew/Cellar/icarus-verilog/12.0/lib/ivl/vhdl_sys.vpi";
:vpi_module "/opt/homebrew/Cellar/icarus-verilog/12.0/lib/ivl/vhdl_textio.vpi";
:vpi_module "/opt/homebrew/Cellar/icarus-verilog/12.0/lib/ivl/v2005_math.vpi";
:vpi_module "/opt/homebrew/Cellar/icarus-verilog/12.0/lib/ivl/va_math.vpi";
S_0x12fe08e70 .scope module, "watchdog_timer_tb" "watchdog_timer_tb" 2 3;
 .timescale -9 -12;
v0x12fe1e3d0_0 .var "clk", 0 0;
v0x12fe1e470_0 .var "kick", 0 0;
v0x12fe1e520_0 .var "rst", 0 0;
v0x12fe1e5f0_0 .net "wdt_reset", 0 0, v0x12fe1e2f0_0;  1 drivers
S_0x12fe06660 .scope module, "uut" "watchdog_timer" 2 8, 3 2 0, S_0x12fe08e70;
 .timescale 0 0;
    .port_info 0 /INPUT 1 "clk";
    .port_info 1 /INPUT 1 "rst";
    .port_info 2 /INPUT 1 "kick";
    .port_info 3 /OUTPUT 1 "wdt_reset";
P_0x12fe09550 .param/l "TIMEOUT" 0 3 9, +C4<00000000000000000000000000001010>;
v0x12fe08fe0_0 .net "clk", 0 0, v0x12fe1e3d0_0;  1 drivers
v0x12fe1e130_0 .var "counter", 3 0;
v0x12fe1e1d0_0 .net "kick", 0 0, v0x12fe1e470_0;  1 drivers
v0x12fe1e260_0 .net "rst", 0 0, v0x12fe1e520_0;  1 drivers
v0x12fe1e2f0_0 .var "wdt_reset", 0 0;
E_0x12fe06d20 .event posedge, v0x12fe1e260_0, v0x12fe08fe0_0;
    .scope S_0x12fe06660;
T_0 ;
    %wait E_0x12fe06d20;
    %load/vec4 v0x12fe1e260_0;
    %flag_set/vec4 8;
    %jmp/0xz  T_0.0, 8;
    %pushi/vec4 0, 0, 4;
    %assign/vec4 v0x12fe1e130_0, 0;
    %pushi/vec4 0, 0, 1;
    %assign/vec4 v0x12fe1e2f0_0, 0;
    %jmp T_0.1;
T_0.0 ;
    %load/vec4 v0x12fe1e1d0_0;
    %flag_set/vec4 8;
    %jmp/0xz  T_0.2, 8;
    %pushi/vec4 0, 0, 4;
    %assign/vec4 v0x12fe1e130_0, 0;
    %pushi/vec4 0, 0, 1;
    %assign/vec4 v0x12fe1e2f0_0, 0;
    %jmp T_0.3;
T_0.2 ;
    %load/vec4 v0x12fe1e130_0;
    %addi 1, 0, 4;
    %assign/vec4 v0x12fe1e130_0, 0;
    %load/vec4 v0x12fe1e130_0;
    %pad/u 32;
    %cmpi/u 10, 0, 32;
    %flag_inv 5; GE is !LT
    %jmp/0xz  T_0.4, 5;
    %pushi/vec4 1, 0, 1;
    %assign/vec4 v0x12fe1e2f0_0, 0;
T_0.4 ;
T_0.3 ;
T_0.1 ;
    %jmp T_0;
    .thread T_0;
    .scope S_0x12fe08e70;
T_1 ;
    %vpi_call 2 16 "$dumpfile", "watchdog_timer.vcd" {0 0 0};
    %vpi_call 2 17 "$dumpvars", 32'sb00000000000000000000000000000000, S_0x12fe08e70 {0 0 0};
    %pushi/vec4 0, 0, 1;
    %store/vec4 v0x12fe1e3d0_0, 0, 1;
    %pushi/vec4 1, 0, 1;
    %store/vec4 v0x12fe1e520_0, 0, 1;
    %pushi/vec4 0, 0, 1;
    %store/vec4 v0x12fe1e470_0, 0, 1;
    %delay 10000, 0;
    %pushi/vec4 0, 0, 1;
    %store/vec4 v0x12fe1e520_0, 0, 1;
    %pushi/vec4 5, 0, 32;
T_1.0 %dup/vec4;
    %pushi/vec4 0, 0, 32;
    %cmp/s;
    %jmp/1xz T_1.1, 5;
    %jmp/1 T_1.1, 4;
    %pushi/vec4 1, 0, 32;
    %sub;
    %delay 8000, 0;
    %pushi/vec4 1, 0, 1;
    %store/vec4 v0x12fe1e470_0, 0, 1;
    %delay 2000, 0;
    %pushi/vec4 0, 0, 1;
    %store/vec4 v0x12fe1e470_0, 0, 1;
    %jmp T_1.0;
T_1.1 ;
    %pop/vec4 1;
    %delay 100000, 0;
    %vpi_call 2 30 "$finish" {0 0 0};
    %end;
    .thread T_1;
    .scope S_0x12fe08e70;
T_2 ;
    %delay 5000, 0;
    %load/vec4 v0x12fe1e3d0_0;
    %inv;
    %store/vec4 v0x12fe1e3d0_0, 0, 1;
    %jmp T_2;
    .thread T_2;
# The file index is used to find the file name in the following table.
:file_names 4;
    "N/A";
    "<interactive>";
    "watchdog_timer_tb.v";
    "watchdog_timer.v";
