#! /opt/homebrew/Cellar/icarus-verilog/12.0/bin/vvp
:ivl_version "12.0 (stable)";
:ivl_delay_selection "TYPICAL";
:vpi_time_precision - 12;
:vpi_module "/opt/homebrew/Cellar/icarus-verilog/12.0/lib/ivl/system.vpi";
:vpi_module "/opt/homebrew/Cellar/icarus-verilog/12.0/lib/ivl/vhdl_sys.vpi";
:vpi_module "/opt/homebrew/Cellar/icarus-verilog/12.0/lib/ivl/vhdl_textio.vpi";
:vpi_module "/opt/homebrew/Cellar/icarus-verilog/12.0/lib/ivl/v2005_math.vpi";
:vpi_module "/opt/homebrew/Cellar/icarus-verilog/12.0/lib/ivl/va_math.vpi";
S_0x15a104ce0 .scope module, "alu8_ops_tb" "alu8_ops_tb" 2 4;
 .timescale -9 -12;
P_0x15a104e50 .param/l "WIDTH" 0 2 6, +C4<00000000000000000000000000001000>;
v0x15a115a00_0 .var "a", 7 0;
v0x15a115ad0_0 .var "b", 7 0;
v0x15a115b60_0 .net "flag_c", 0 0, v0x15a1154b0_0;  1 drivers
v0x15a115c10_0 .net "flag_n", 0 0, v0x15a115540_0;  1 drivers
v0x15a115cc0_0 .net "flag_v", 0 0, v0x15a1155d0_0;  1 drivers
v0x15a115d90_0 .net "flag_z", 0 0, v0x15a115670_0;  1 drivers
v0x15a115e40_0 .var "op", 2 0;
v0x15a115ef0_0 .net "result", 7 0, v0x15a1157c0_0;  1 drivers
S_0x15a104f80 .scope module, "uut" "alu8_ops" 2 13, 3 4 0, S_0x15a104ce0;
 .timescale 0 0;
    .port_info 0 /INPUT 8 "a";
    .port_info 1 /INPUT 8 "b";
    .port_info 2 /INPUT 3 "op";
    .port_info 3 /OUTPUT 8 "result";
    .port_info 4 /OUTPUT 1 "flag_c";
    .port_info 5 /OUTPUT 1 "flag_z";
    .port_info 6 /OUTPUT 1 "flag_v";
    .port_info 7 /OUTPUT 1 "flag_n";
P_0x15a1050f0 .param/l "WIDTH" 0 3 5, +C4<00000000000000000000000000001000>;
v0x15a105360_0 .net "a", 7 0, v0x15a115a00_0;  1 drivers
v0x15a115410_0 .net "b", 7 0, v0x15a115ad0_0;  1 drivers
v0x15a1154b0_0 .var "flag_c", 0 0;
v0x15a115540_0 .var "flag_n", 0 0;
v0x15a1155d0_0 .var "flag_v", 0 0;
v0x15a115670_0 .var "flag_z", 0 0;
v0x15a115710_0 .net "op", 2 0, v0x15a115e40_0;  1 drivers
v0x15a1157c0_0 .var "result", 7 0;
v0x15a115870_0 .var "temp", 8 0;
E_0x15a1052f0/0 .event anyedge, v0x15a115710_0, v0x15a105360_0, v0x15a115410_0, v0x15a115870_0;
E_0x15a1052f0/1 .event anyedge, v0x15a1157c0_0;
E_0x15a1052f0 .event/or E_0x15a1052f0/0, E_0x15a1052f0/1;
    .scope S_0x15a104f80;
T_0 ;
    %wait E_0x15a1052f0;
    %pushi/vec4 0, 0, 1;
    %store/vec4 v0x15a1154b0_0, 0, 1;
    %pushi/vec4 0, 0, 1;
    %store/vec4 v0x15a1155d0_0, 0, 1;
    %pushi/vec4 0, 0, 8;
    %store/vec4 v0x15a1157c0_0, 0, 8;
    %pushi/vec4 0, 0, 9;
    %store/vec4 v0x15a115870_0, 0, 9;
    %load/vec4 v0x15a115710_0;
    %dup/vec4;
    %pushi/vec4 0, 0, 3;
    %cmp/u;
    %jmp/1 T_0.0, 6;
    %dup/vec4;
    %pushi/vec4 1, 0, 3;
    %cmp/u;
    %jmp/1 T_0.1, 6;
    %dup/vec4;
    %pushi/vec4 2, 0, 3;
    %cmp/u;
    %jmp/1 T_0.2, 6;
    %dup/vec4;
    %pushi/vec4 3, 0, 3;
    %cmp/u;
    %jmp/1 T_0.3, 6;
    %dup/vec4;
    %pushi/vec4 4, 0, 3;
    %cmp/u;
    %jmp/1 T_0.4, 6;
    %dup/vec4;
    %pushi/vec4 5, 0, 3;
    %cmp/u;
    %jmp/1 T_0.5, 6;
    %dup/vec4;
    %pushi/vec4 6, 0, 3;
    %cmp/u;
    %jmp/1 T_0.6, 6;
    %dup/vec4;
    %pushi/vec4 7, 0, 3;
    %cmp/u;
    %jmp/1 T_0.7, 6;
    %pushi/vec4 0, 0, 8;
    %store/vec4 v0x15a1157c0_0, 0, 8;
    %pushi/vec4 0, 0, 1;
    %store/vec4 v0x15a1154b0_0, 0, 1;
    %pushi/vec4 0, 0, 1;
    %store/vec4 v0x15a1155d0_0, 0, 1;
    %jmp T_0.9;
T_0.0 ;
    %pushi/vec4 0, 0, 1;
    %load/vec4 v0x15a105360_0;
    %concat/vec4; draw_concat_vec4
    %pushi/vec4 0, 0, 1;
    %load/vec4 v0x15a115410_0;
    %concat/vec4; draw_concat_vec4
    %add;
    %store/vec4 v0x15a115870_0, 0, 9;
    %load/vec4 v0x15a115870_0;
    %parti/s 8, 0, 2;
    %store/vec4 v0x15a1157c0_0, 0, 8;
    %load/vec4 v0x15a115870_0;
    %parti/s 1, 8, 5;
    %store/vec4 v0x15a1154b0_0, 0, 1;
    %load/vec4 v0x15a105360_0;
    %parti/s 1, 7, 4;
    %load/vec4 v0x15a115410_0;
    %parti/s 1, 7, 4;
    %and;
    %load/vec4 v0x15a1157c0_0;
    %parti/s 1, 7, 4;
    %inv;
    %and;
    %load/vec4 v0x15a105360_0;
    %parti/s 1, 7, 4;
    %inv;
    %load/vec4 v0x15a115410_0;
    %parti/s 1, 7, 4;
    %inv;
    %and;
    %load/vec4 v0x15a1157c0_0;
    %parti/s 1, 7, 4;
    %and;
    %or;
    %store/vec4 v0x15a1155d0_0, 0, 1;
    %jmp T_0.9;
T_0.1 ;
    %pushi/vec4 0, 0, 1;
    %load/vec4 v0x15a105360_0;
    %concat/vec4; draw_concat_vec4
    %pushi/vec4 0, 0, 1;
    %load/vec4 v0x15a115410_0;
    %concat/vec4; draw_concat_vec4
    %sub;
    %store/vec4 v0x15a115870_0, 0, 9;
    %load/vec4 v0x15a115870_0;
    %parti/s 8, 0, 2;
    %store/vec4 v0x15a1157c0_0, 0, 8;
    %load/vec4 v0x15a115870_0;
    %parti/s 1, 8, 5;
    %inv;
    %store/vec4 v0x15a1154b0_0, 0, 1;
    %load/vec4 v0x15a105360_0;
    %parti/s 1, 7, 4;
    %load/vec4 v0x15a115410_0;
    %parti/s 1, 7, 4;
    %inv;
    %and;
    %load/vec4 v0x15a1157c0_0;
    %parti/s 1, 7, 4;
    %inv;
    %and;
    %load/vec4 v0x15a105360_0;
    %parti/s 1, 7, 4;
    %inv;
    %load/vec4 v0x15a115410_0;
    %parti/s 1, 7, 4;
    %and;
    %load/vec4 v0x15a1157c0_0;
    %parti/s 1, 7, 4;
    %and;
    %or;
    %store/vec4 v0x15a1155d0_0, 0, 1;
    %jmp T_0.9;
T_0.2 ;
    %load/vec4 v0x15a105360_0;
    %load/vec4 v0x15a115410_0;
    %and;
    %store/vec4 v0x15a1157c0_0, 0, 8;
    %pushi/vec4 0, 0, 1;
    %store/vec4 v0x15a1154b0_0, 0, 1;
    %pushi/vec4 0, 0, 1;
    %store/vec4 v0x15a1155d0_0, 0, 1;
    %jmp T_0.9;
T_0.3 ;
    %load/vec4 v0x15a105360_0;
    %load/vec4 v0x15a115410_0;
    %or;
    %store/vec4 v0x15a1157c0_0, 0, 8;
    %pushi/vec4 0, 0, 1;
    %store/vec4 v0x15a1154b0_0, 0, 1;
    %pushi/vec4 0, 0, 1;
    %store/vec4 v0x15a1155d0_0, 0, 1;
    %jmp T_0.9;
T_0.4 ;
    %load/vec4 v0x15a105360_0;
    %load/vec4 v0x15a115410_0;
    %xor;
    %store/vec4 v0x15a1157c0_0, 0, 8;
    %pushi/vec4 0, 0, 1;
    %store/vec4 v0x15a1154b0_0, 0, 1;
    %pushi/vec4 0, 0, 1;
    %store/vec4 v0x15a1155d0_0, 0, 1;
    %jmp T_0.9;
T_0.5 ;
    %load/vec4 v0x15a105360_0;
    %inv;
    %store/vec4 v0x15a1157c0_0, 0, 8;
    %pushi/vec4 0, 0, 1;
    %store/vec4 v0x15a1154b0_0, 0, 1;
    %pushi/vec4 0, 0, 1;
    %store/vec4 v0x15a1155d0_0, 0, 1;
    %jmp T_0.9;
T_0.6 ;
    %pushi/vec4 0, 0, 1;
    %load/vec4 v0x15a105360_0;
    %concat/vec4; draw_concat_vec4
    %ix/load 4, 1, 0;
    %flag_set/imm 4, 0;
    %shiftl 4;
    %store/vec4 v0x15a115870_0, 0, 9;
    %load/vec4 v0x15a115870_0;
    %parti/s 8, 0, 2;
    %store/vec4 v0x15a1157c0_0, 0, 8;
    %load/vec4 v0x15a115870_0;
    %parti/s 1, 8, 5;
    %store/vec4 v0x15a1154b0_0, 0, 1;
    %pushi/vec4 0, 0, 1;
    %store/vec4 v0x15a1155d0_0, 0, 1;
    %jmp T_0.9;
T_0.7 ;
    %load/vec4 v0x15a105360_0;
    %ix/load 4, 1, 0;
    %flag_set/imm 4, 0;
    %shiftr 4;
    %store/vec4 v0x15a1157c0_0, 0, 8;
    %load/vec4 v0x15a105360_0;
    %parti/s 1, 0, 2;
    %store/vec4 v0x15a1154b0_0, 0, 1;
    %pushi/vec4 0, 0, 1;
    %store/vec4 v0x15a1155d0_0, 0, 1;
    %jmp T_0.9;
T_0.9 ;
    %pop/vec4 1;
    %load/vec4 v0x15a1157c0_0;
    %pushi/vec4 0, 0, 8;
    %cmp/e;
    %flag_get/vec4 4;
    %store/vec4 v0x15a115670_0, 0, 1;
    %load/vec4 v0x15a1157c0_0;
    %parti/s 1, 7, 4;
    %store/vec4 v0x15a115540_0, 0, 1;
    %jmp T_0;
    .thread T_0, $push;
    .scope S_0x15a104ce0;
T_1 ;
    %vpi_call 2 25 "$dumpfile", "alu8_ops.vcd" {0 0 0};
    %vpi_call 2 26 "$dumpvars", 32'sb00000000000000000000000000000000, S_0x15a104ce0 {0 0 0};
    %pushi/vec4 10, 0, 8;
    %store/vec4 v0x15a115a00_0, 0, 8;
    %pushi/vec4 5, 0, 8;
    %store/vec4 v0x15a115ad0_0, 0, 8;
    %pushi/vec4 0, 0, 3;
    %store/vec4 v0x15a115e40_0, 0, 3;
    %delay 10000, 0;
    %vpi_call 2 30 "$display", "ADD: %0d + %0d = %0d | C:%b V:%b Z:%b N:%b", v0x15a115a00_0, v0x15a115ad0_0, v0x15a115ef0_0, v0x15a115b60_0, v0x15a115cc0_0, v0x15a115d90_0, v0x15a115c10_0 {0 0 0};
    %pushi/vec4 200, 0, 8;
    %store/vec4 v0x15a115a00_0, 0, 8;
    %pushi/vec4 100, 0, 8;
    %store/vec4 v0x15a115ad0_0, 0, 8;
    %pushi/vec4 0, 0, 3;
    %store/vec4 v0x15a115e40_0, 0, 3;
    %delay 10000, 0;
    %vpi_call 2 33 "$display", "ADD: %0d + %0d = %0d | C:%b V:%b", v0x15a115a00_0, v0x15a115ad0_0, v0x15a115ef0_0, v0x15a115b60_0, v0x15a115cc0_0 {0 0 0};
    %pushi/vec4 127, 0, 8;
    %store/vec4 v0x15a115a00_0, 0, 8;
    %pushi/vec4 1, 0, 8;
    %store/vec4 v0x15a115ad0_0, 0, 8;
    %pushi/vec4 0, 0, 3;
    %store/vec4 v0x15a115e40_0, 0, 3;
    %delay 10000, 0;
    %vpi_call 2 37 "$display", "ADD OVF: %0d + %0d = %0d | C:%b V:%b N:%b", v0x15a115a00_0, v0x15a115ad0_0, v0x15a115ef0_0, v0x15a115b60_0, v0x15a115cc0_0, v0x15a115c10_0 {0 0 0};
    %pushi/vec4 50, 0, 8;
    %store/vec4 v0x15a115a00_0, 0, 8;
    %pushi/vec4 20, 0, 8;
    %store/vec4 v0x15a115ad0_0, 0, 8;
    %pushi/vec4 1, 0, 3;
    %store/vec4 v0x15a115e40_0, 0, 3;
    %delay 10000, 0;
    %vpi_call 2 41 "$display", "SUB: %0d - %0d = %0d | C(no-borrow):%b V:%b", v0x15a115a00_0, v0x15a115ad0_0, v0x15a115ef0_0, v0x15a115b60_0, v0x15a115cc0_0 {0 0 0};
    %pushi/vec4 20, 0, 8;
    %store/vec4 v0x15a115a00_0, 0, 8;
    %pushi/vec4 50, 0, 8;
    %store/vec4 v0x15a115ad0_0, 0, 8;
    %pushi/vec4 1, 0, 3;
    %store/vec4 v0x15a115e40_0, 0, 3;
    %delay 10000, 0;
    %vpi_call 2 44 "$display", "SUB BORROW: %0d - %0d = %0d | C(no-borrow):%b V:%b", v0x15a115a00_0, v0x15a115ad0_0, v0x15a115ef0_0, v0x15a115b60_0, v0x15a115cc0_0 {0 0 0};
    %pushi/vec4 128, 0, 8;
    %store/vec4 v0x15a115a00_0, 0, 8;
    %pushi/vec4 1, 0, 8;
    %store/vec4 v0x15a115ad0_0, 0, 8;
    %pushi/vec4 1, 0, 3;
    %store/vec4 v0x15a115e40_0, 0, 3;
    %delay 10000, 0;
    %vpi_call 2 48 "$display", "SUB OVF: a:%b b:%b res:%b | V:%b N:%b C:%b", v0x15a115a00_0, v0x15a115ad0_0, v0x15a115ef0_0, v0x15a115cc0_0, v0x15a115c10_0, v0x15a115b60_0 {0 0 0};
    %pushi/vec4 204, 0, 8;
    %store/vec4 v0x15a115a00_0, 0, 8;
    %pushi/vec4 170, 0, 8;
    %store/vec4 v0x15a115ad0_0, 0, 8;
    %pushi/vec4 2, 0, 3;
    %store/vec4 v0x15a115e40_0, 0, 3;
    %delay 10000, 0;
    %vpi_call 2 52 "$display", "AND: a=%b b=%b res=%b", v0x15a115a00_0, v0x15a115ad0_0, v0x15a115ef0_0 {0 0 0};
    %pushi/vec4 3, 0, 3;
    %store/vec4 v0x15a115e40_0, 0, 3;
    %delay 10000, 0;
    %vpi_call 2 55 "$display", "OR  : res=%b", v0x15a115ef0_0 {0 0 0};
    %pushi/vec4 4, 0, 3;
    %store/vec4 v0x15a115e40_0, 0, 3;
    %delay 10000, 0;
    %vpi_call 2 58 "$display", "XOR : res=%b", v0x15a115ef0_0 {0 0 0};
    %pushi/vec4 5, 0, 3;
    %store/vec4 v0x15a115e40_0, 0, 3;
    %delay 10000, 0;
    %vpi_call 2 62 "$display", "NOT : a=%b res=%b", v0x15a115a00_0, v0x15a115ef0_0 {0 0 0};
    %pushi/vec4 129, 0, 8;
    %store/vec4 v0x15a115a00_0, 0, 8;
    %pushi/vec4 6, 0, 3;
    %store/vec4 v0x15a115e40_0, 0, 3;
    %delay 10000, 0;
    %vpi_call 2 66 "$display", "SLL : a=%b res=%b C:%b", v0x15a115a00_0, v0x15a115ef0_0, v0x15a115b60_0 {0 0 0};
    %pushi/vec4 3, 0, 8;
    %store/vec4 v0x15a115a00_0, 0, 8;
    %pushi/vec4 7, 0, 3;
    %store/vec4 v0x15a115e40_0, 0, 3;
    %delay 10000, 0;
    %vpi_call 2 70 "$display", "SRL : a=%b res=%b C:%b", v0x15a115a00_0, v0x15a115ef0_0, v0x15a115b60_0 {0 0 0};
    %pushi/vec4 5, 0, 8;
    %store/vec4 v0x15a115a00_0, 0, 8;
    %pushi/vec4 5, 0, 8;
    %store/vec4 v0x15a115ad0_0, 0, 8;
    %pushi/vec4 1, 0, 3;
    %store/vec4 v0x15a115e40_0, 0, 3;
    %delay 10000, 0;
    %vpi_call 2 74 "$display", "ZERO test: res=%d Z:%b", v0x15a115ef0_0, v0x15a115d90_0 {0 0 0};
    %delay 20000, 0;
    %vpi_call 2 77 "$finish" {0 0 0};
    %end;
    .thread T_1;
# The file index is used to find the file name in the following table.
:file_names 4;
    "N/A";
    "<interactive>";
    "alu8_ops_tb.v";
    "alu8_ops.v";
