#! /opt/homebrew/Cellar/icarus-verilog/12.0/bin/vvp
:ivl_version "12.0 (stable)";
:ivl_delay_selection "TYPICAL";
:vpi_time_precision - 12;
:vpi_module "/opt/homebrew/Cellar/icarus-verilog/12.0/lib/ivl/system.vpi";
:vpi_module "/opt/homebrew/Cellar/icarus-verilog/12.0/lib/ivl/vhdl_sys.vpi";
:vpi_module "/opt/homebrew/Cellar/icarus-verilog/12.0/lib/ivl/vhdl_textio.vpi";
:vpi_module "/opt/homebrew/Cellar/icarus-verilog/12.0/lib/ivl/v2005_math.vpi";
:vpi_module "/opt/homebrew/Cellar/icarus-verilog/12.0/lib/ivl/va_math.vpi";
S_0x13c608c20 .scope module, "ring_counter_tb" "ring_counter_tb" 2 3;
 .timescale -9 -12;
v0x13c61c9f0_0 .var "clk", 0 0;
v0x13c61ca90_0 .net "q", 3 0, v0x13c61c840_0;  1 drivers
v0x13c61cb40_0 .var "rst", 0 0;
S_0x13c6074d0 .scope module, "uut" "ring_counter" 2 8, 3 2 0, S_0x13c608c20;
 .timescale 0 0;
    .port_info 0 /INPUT 1 "clk";
    .port_info 1 /INPUT 1 "rst";
    .port_info 2 /OUTPUT 4 "q";
v0x13c608d90_0 .net "clk", 0 0, v0x13c61c9f0_0;  1 drivers
v0x13c61c840_0 .var "q", 3 0;
v0x13c61c8f0_0 .net "rst", 0 0, v0x13c61cb40_0;  1 drivers
E_0x13c60ccc0 .event posedge, v0x13c61c8f0_0, v0x13c608d90_0;
    .scope S_0x13c6074d0;
T_0 ;
    %pushi/vec4 1, 0, 4;
    %store/vec4 v0x13c61c840_0, 0, 4;
    %end;
    .thread T_0;
    .scope S_0x13c6074d0;
T_1 ;
    %wait E_0x13c60ccc0;
    %load/vec4 v0x13c61c8f0_0;
    %flag_set/vec4 8;
    %jmp/0xz  T_1.0, 8;
    %pushi/vec4 1, 0, 4;
    %assign/vec4 v0x13c61c840_0, 0;
    %jmp T_1.1;
T_1.0 ;
    %load/vec4 v0x13c61c840_0;
    %parti/s 3, 0, 2;
    %load/vec4 v0x13c61c840_0;
    %parti/s 1, 3, 3;
    %concat/vec4; draw_concat_vec4
    %assign/vec4 v0x13c61c840_0, 0;
T_1.1 ;
    %jmp T_1;
    .thread T_1;
    .scope S_0x13c608c20;
T_2 ;
    %delay 5000, 0;
    %load/vec4 v0x13c61c9f0_0;
    %inv;
    %store/vec4 v0x13c61c9f0_0, 0, 1;
    %jmp T_2;
    .thread T_2;
    .scope S_0x13c608c20;
T_3 ;
    %vpi_call 2 17 "$dumpfile", "ring_counter.vcd" {0 0 0};
    %vpi_call 2 18 "$dumpvars", 32'sb00000000000000000000000000000000, S_0x13c608c20 {0 0 0};
    %pushi/vec4 0, 0, 1;
    %store/vec4 v0x13c61c9f0_0, 0, 1;
    %pushi/vec4 1, 0, 1;
    %store/vec4 v0x13c61cb40_0, 0, 1;
    %delay 10000, 0;
    %pushi/vec4 0, 0, 1;
    %store/vec4 v0x13c61cb40_0, 0, 1;
    %delay 100000, 0;
    %vpi_call 2 25 "$finish" {0 0 0};
    %end;
    .thread T_3;
# The file index is used to find the file name in the following table.
:file_names 4;
    "N/A";
    "<interactive>";
    "ring_counter_tb.v";
    "ring_counter.v";
