#! /opt/homebrew/Cellar/icarus-verilog/12.0/bin/vvp
:ivl_version "12.0 (stable)";
:ivl_delay_selection "TYPICAL";
:vpi_time_precision - 12;
:vpi_module "/opt/homebrew/Cellar/icarus-verilog/12.0/lib/ivl/system.vpi";
:vpi_module "/opt/homebrew/Cellar/icarus-verilog/12.0/lib/ivl/vhdl_sys.vpi";
:vpi_module "/opt/homebrew/Cellar/icarus-verilog/12.0/lib/ivl/vhdl_textio.vpi";
:vpi_module "/opt/homebrew/Cellar/icarus-verilog/12.0/lib/ivl/v2005_math.vpi";
:vpi_module "/opt/homebrew/Cellar/icarus-verilog/12.0/lib/ivl/va_math.vpi";
S_0x13ce08c30 .scope module, "gray_counter_4bit_tb" "gray_counter_4bit_tb" 2 3;
 .timescale -9 -12;
v0x13ce1d180_0 .var "clk", 0 0;
v0x13ce1d220_0 .net "gray", 3 0, v0x13ce1cfd0_0;  1 drivers
v0x13ce1d2d0_0 .var "rst", 0 0;
S_0x13ce06d30 .scope module, "uut" "gray_counter_4bit" 2 8, 3 2 0, S_0x13ce08c30;
 .timescale 0 0;
    .port_info 0 /INPUT 1 "clk";
    .port_info 1 /INPUT 1 "rst";
    .port_info 2 /OUTPUT 4 "gray";
v0x13ce08da0_0 .var "binary", 3 0;
v0x13ce1cf30_0 .net "clk", 0 0, v0x13ce1d180_0;  1 drivers
v0x13ce1cfd0_0 .var "gray", 3 0;
v0x13ce1d090_0 .net "rst", 0 0, v0x13ce1d2d0_0;  1 drivers
E_0x13ce0d3d0 .event anyedge, v0x13ce08da0_0;
E_0x13ce07280 .event posedge, v0x13ce1d090_0, v0x13ce1cf30_0;
    .scope S_0x13ce06d30;
T_0 ;
    %pushi/vec4 0, 0, 4;
    %store/vec4 v0x13ce08da0_0, 0, 4;
    %pushi/vec4 0, 0, 4;
    %store/vec4 v0x13ce1cfd0_0, 0, 4;
    %end;
    .thread T_0;
    .scope S_0x13ce06d30;
T_1 ;
    %wait E_0x13ce07280;
    %load/vec4 v0x13ce1d090_0;
    %flag_set/vec4 8;
    %jmp/0xz  T_1.0, 8;
    %pushi/vec4 0, 0, 4;
    %assign/vec4 v0x13ce08da0_0, 0;
    %jmp T_1.1;
T_1.0 ;
    %load/vec4 v0x13ce08da0_0;
    %addi 1, 0, 4;
    %assign/vec4 v0x13ce08da0_0, 0;
T_1.1 ;
    %jmp T_1;
    .thread T_1;
    .scope S_0x13ce06d30;
T_2 ;
    %wait E_0x13ce0d3d0;
    %load/vec4 v0x13ce08da0_0;
    %load/vec4 v0x13ce08da0_0;
    %ix/load 4, 1, 0;
    %flag_set/imm 4, 0;
    %shiftr 4;
    %xor;
    %store/vec4 v0x13ce1cfd0_0, 0, 4;
    %jmp T_2;
    .thread T_2, $push;
    .scope S_0x13ce08c30;
T_3 ;
    %delay 5000, 0;
    %load/vec4 v0x13ce1d180_0;
    %inv;
    %store/vec4 v0x13ce1d180_0, 0, 1;
    %jmp T_3;
    .thread T_3;
    .scope S_0x13ce08c30;
T_4 ;
    %vpi_call 2 18 "$dumpfile", "gray_counter_4bit.vcd" {0 0 0};
    %vpi_call 2 19 "$dumpvars", 32'sb00000000000000000000000000000000, S_0x13ce08c30 {0 0 0};
    %pushi/vec4 0, 0, 1;
    %store/vec4 v0x13ce1d180_0, 0, 1;
    %pushi/vec4 1, 0, 1;
    %store/vec4 v0x13ce1d2d0_0, 0, 1;
    %delay 10000, 0;
    %pushi/vec4 0, 0, 1;
    %store/vec4 v0x13ce1d2d0_0, 0, 1;
    %delay 200000, 0;
    %vpi_call 2 27 "$finish" {0 0 0};
    %end;
    .thread T_4;
# The file index is used to find the file name in the following table.
:file_names 4;
    "N/A";
    "<interactive>";
    "gray_counter_4bit_tb.v";
    "gray_counter_4bit.v";
