#! /opt/homebrew/Cellar/icarus-verilog/12.0/bin/vvp
:ivl_version "12.0 (stable)";
:ivl_delay_selection "TYPICAL";
:vpi_time_precision - 12;
:vpi_module "/opt/homebrew/Cellar/icarus-verilog/12.0/lib/ivl/system.vpi";
:vpi_module "/opt/homebrew/Cellar/icarus-verilog/12.0/lib/ivl/vhdl_sys.vpi";
:vpi_module "/opt/homebrew/Cellar/icarus-verilog/12.0/lib/ivl/vhdl_textio.vpi";
:vpi_module "/opt/homebrew/Cellar/icarus-verilog/12.0/lib/ivl/v2005_math.vpi";
:vpi_module "/opt/homebrew/Cellar/icarus-verilog/12.0/lib/ivl/va_math.vpi";
S_0x13b60cc40 .scope module, "alu_with_flags_tb" "alu_with_flags_tb" 2 4;
 .timescale -9 -12;
v0x13b627cf0_0 .var "a", 3 0;
v0x13b627da0_0 .var "b", 3 0;
v0x13b627e30_0 .net "carry", 0 0, v0x13b627810_0;  1 drivers
v0x13b627ee0_0 .var "op", 2 0;
v0x13b627f90_0 .net "overflow", 0 0, v0x13b627960_0;  1 drivers
v0x13b628060_0 .net "result", 3 0, v0x13b627a40_0;  1 drivers
v0x13b628110_0 .net "zero", 0 0, v0x13b627ba0_0;  1 drivers
S_0x13b6074f0 .scope module, "uut" "alu_with_flags" 2 11, 3 3 0, S_0x13b60cc40;
 .timescale 0 0;
    .port_info 0 /INPUT 4 "a";
    .port_info 1 /INPUT 4 "b";
    .port_info 2 /INPUT 3 "op";
    .port_info 3 /OUTPUT 4 "result";
    .port_info 4 /OUTPUT 1 "carry";
    .port_info 5 /OUTPUT 1 "zero";
    .port_info 6 /OUTPUT 1 "overflow";
v0x13b60cdb0_0 .net "a", 3 0, v0x13b627cf0_0;  1 drivers
v0x13b627770_0 .net "b", 3 0, v0x13b627da0_0;  1 drivers
v0x13b627810_0 .var "carry", 0 0;
v0x13b6278c0_0 .net "op", 2 0, v0x13b627ee0_0;  1 drivers
v0x13b627960_0 .var "overflow", 0 0;
v0x13b627a40_0 .var "result", 3 0;
v0x13b627af0_0 .var "temp", 4 0;
v0x13b627ba0_0 .var "zero", 0 0;
E_0x13b60da90/0 .event anyedge, v0x13b6278c0_0, v0x13b60cdb0_0, v0x13b627770_0, v0x13b627af0_0;
E_0x13b60da90/1 .event anyedge, v0x13b627a40_0;
E_0x13b60da90 .event/or E_0x13b60da90/0, E_0x13b60da90/1;
    .scope S_0x13b6074f0;
T_0 ;
    %wait E_0x13b60da90;
    %pushi/vec4 0, 0, 1;
    %store/vec4 v0x13b627810_0, 0, 1;
    %pushi/vec4 0, 0, 1;
    %store/vec4 v0x13b627960_0, 0, 1;
    %load/vec4 v0x13b6278c0_0;
    %dup/vec4;
    %pushi/vec4 0, 0, 3;
    %cmp/u;
    %jmp/1 T_0.0, 6;
    %dup/vec4;
    %pushi/vec4 1, 0, 3;
    %cmp/u;
    %jmp/1 T_0.1, 6;
    %dup/vec4;
    %pushi/vec4 2, 0, 3;
    %cmp/u;
    %jmp/1 T_0.2, 6;
    %dup/vec4;
    %pushi/vec4 3, 0, 3;
    %cmp/u;
    %jmp/1 T_0.3, 6;
    %dup/vec4;
    %pushi/vec4 4, 0, 3;
    %cmp/u;
    %jmp/1 T_0.4, 6;
    %dup/vec4;
    %pushi/vec4 5, 0, 3;
    %cmp/u;
    %jmp/1 T_0.5, 6;
    %dup/vec4;
    %pushi/vec4 6, 0, 3;
    %cmp/u;
    %jmp/1 T_0.6, 6;
    %dup/vec4;
    %pushi/vec4 7, 0, 3;
    %cmp/u;
    %jmp/1 T_0.7, 6;
    %pushi/vec4 0, 0, 5;
    %store/vec4 v0x13b627af0_0, 0, 5;
    %jmp T_0.9;
T_0.0 ;
    %load/vec4 v0x13b60cdb0_0;
    %pad/u 5;
    %load/vec4 v0x13b627770_0;
    %pad/u 5;
    %add;
    %store/vec4 v0x13b627af0_0, 0, 5;
    %jmp T_0.9;
T_0.1 ;
    %load/vec4 v0x13b60cdb0_0;
    %pad/u 5;
    %load/vec4 v0x13b627770_0;
    %pad/u 5;
    %sub;
    %store/vec4 v0x13b627af0_0, 0, 5;
    %jmp T_0.9;
T_0.2 ;
    %load/vec4 v0x13b60cdb0_0;
    %pad/u 5;
    %load/vec4 v0x13b627770_0;
    %pad/u 5;
    %and;
    %store/vec4 v0x13b627af0_0, 0, 5;
    %jmp T_0.9;
T_0.3 ;
    %load/vec4 v0x13b60cdb0_0;
    %pad/u 5;
    %load/vec4 v0x13b627770_0;
    %pad/u 5;
    %or;
    %store/vec4 v0x13b627af0_0, 0, 5;
    %jmp T_0.9;
T_0.4 ;
    %load/vec4 v0x13b60cdb0_0;
    %pad/u 5;
    %load/vec4 v0x13b627770_0;
    %pad/u 5;
    %xor;
    %store/vec4 v0x13b627af0_0, 0, 5;
    %jmp T_0.9;
T_0.5 ;
    %load/vec4 v0x13b60cdb0_0;
    %pad/u 5;
    %inv;
    %store/vec4 v0x13b627af0_0, 0, 5;
    %jmp T_0.9;
T_0.6 ;
    %load/vec4 v0x13b60cdb0_0;
    %pad/u 5;
    %ix/load 4, 1, 0;
    %flag_set/imm 4, 0;
    %shiftl 4;
    %store/vec4 v0x13b627af0_0, 0, 5;
    %jmp T_0.9;
T_0.7 ;
    %load/vec4 v0x13b60cdb0_0;
    %pad/u 5;
    %ix/load 4, 1, 0;
    %flag_set/imm 4, 0;
    %shiftr 4;
    %store/vec4 v0x13b627af0_0, 0, 5;
    %jmp T_0.9;
T_0.9 ;
    %pop/vec4 1;
    %load/vec4 v0x13b627af0_0;
    %parti/s 4, 0, 2;
    %store/vec4 v0x13b627a40_0, 0, 4;
    %load/vec4 v0x13b627af0_0;
    %parti/s 1, 4, 4;
    %store/vec4 v0x13b627810_0, 0, 1;
    %load/vec4 v0x13b627a40_0;
    %pushi/vec4 0, 0, 4;
    %cmp/e;
    %flag_get/vec4 4;
    %store/vec4 v0x13b627ba0_0, 0, 1;
    %load/vec4 v0x13b6278c0_0;
    %cmpi/e 0, 0, 3;
    %jmp/0xz  T_0.10, 4;
    %load/vec4 v0x13b60cdb0_0;
    %parti/s 1, 3, 3;
    %inv;
    %load/vec4 v0x13b627770_0;
    %parti/s 1, 3, 3;
    %inv;
    %and;
    %load/vec4 v0x13b627a40_0;
    %parti/s 1, 3, 3;
    %and;
    %load/vec4 v0x13b60cdb0_0;
    %parti/s 1, 3, 3;
    %load/vec4 v0x13b627770_0;
    %parti/s 1, 3, 3;
    %and;
    %load/vec4 v0x13b627a40_0;
    %parti/s 1, 3, 3;
    %inv;
    %and;
    %or;
    %store/vec4 v0x13b627960_0, 0, 1;
    %jmp T_0.11;
T_0.10 ;
    %load/vec4 v0x13b6278c0_0;
    %cmpi/e 1, 0, 3;
    %jmp/0xz  T_0.12, 4;
    %load/vec4 v0x13b60cdb0_0;
    %parti/s 1, 3, 3;
    %inv;
    %load/vec4 v0x13b627770_0;
    %parti/s 1, 3, 3;
    %and;
    %load/vec4 v0x13b627a40_0;
    %parti/s 1, 3, 3;
    %and;
    %load/vec4 v0x13b60cdb0_0;
    %parti/s 1, 3, 3;
    %load/vec4 v0x13b627770_0;
    %parti/s 1, 3, 3;
    %inv;
    %and;
    %load/vec4 v0x13b627a40_0;
    %parti/s 1, 3, 3;
    %inv;
    %and;
    %or;
    %store/vec4 v0x13b627960_0, 0, 1;
T_0.12 ;
T_0.11 ;
    %jmp T_0;
    .thread T_0, $push;
    .scope S_0x13b60cc40;
T_1 ;
    %vpi_call 2 22 "$dumpfile", "alu_with_flags.vcd" {0 0 0};
    %vpi_call 2 23 "$dumpvars", 32'sb00000000000000000000000000000000, S_0x13b60cc40 {0 0 0};
    %pushi/vec4 7, 0, 4;
    %store/vec4 v0x13b627cf0_0, 0, 4;
    %pushi/vec4 9, 0, 4;
    %store/vec4 v0x13b627da0_0, 0, 4;
    %pushi/vec4 0, 0, 3;
    %store/vec4 v0x13b627ee0_0, 0, 3;
    %delay 10000, 0;
    %pushi/vec4 3, 0, 4;
    %store/vec4 v0x13b627cf0_0, 0, 4;
    %pushi/vec4 7, 0, 4;
    %store/vec4 v0x13b627da0_0, 0, 4;
    %pushi/vec4 1, 0, 3;
    %store/vec4 v0x13b627ee0_0, 0, 3;
    %delay 10000, 0;
    %pushi/vec4 12, 0, 4;
    %store/vec4 v0x13b627cf0_0, 0, 4;
    %pushi/vec4 10, 0, 4;
    %store/vec4 v0x13b627da0_0, 0, 4;
    %pushi/vec4 2, 0, 3;
    %store/vec4 v0x13b627ee0_0, 0, 3;
    %delay 10000, 0;
    %pushi/vec4 3, 0, 3;
    %store/vec4 v0x13b627ee0_0, 0, 3;
    %delay 10000, 0;
    %pushi/vec4 4, 0, 3;
    %store/vec4 v0x13b627ee0_0, 0, 3;
    %delay 10000, 0;
    %pushi/vec4 6, 0, 4;
    %store/vec4 v0x13b627cf0_0, 0, 4;
    %pushi/vec4 5, 0, 3;
    %store/vec4 v0x13b627ee0_0, 0, 3;
    %delay 10000, 0;
    %pushi/vec4 1, 0, 4;
    %store/vec4 v0x13b627cf0_0, 0, 4;
    %pushi/vec4 6, 0, 3;
    %store/vec4 v0x13b627ee0_0, 0, 3;
    %delay 10000, 0;
    %pushi/vec4 8, 0, 4;
    %store/vec4 v0x13b627cf0_0, 0, 4;
    %pushi/vec4 7, 0, 3;
    %store/vec4 v0x13b627ee0_0, 0, 3;
    %delay 10000, 0;
    %pushi/vec4 8, 0, 4;
    %store/vec4 v0x13b627cf0_0, 0, 4;
    %pushi/vec4 8, 0, 4;
    %store/vec4 v0x13b627da0_0, 0, 4;
    %pushi/vec4 0, 0, 3;
    %store/vec4 v0x13b627ee0_0, 0, 3;
    %delay 10000, 0;
    %vpi_call 2 52 "$finish" {0 0 0};
    %end;
    .thread T_1;
# The file index is used to find the file name in the following table.
:file_names 4;
    "N/A";
    "<interactive>";
    "alu_with_flags_tb.v";
    "alu_with_flags.v";
