#! /opt/homebrew/Cellar/icarus-verilog/12.0/bin/vvp
:ivl_version "12.0 (stable)";
:ivl_delay_selection "TYPICAL";
:vpi_time_precision - 12;
:vpi_module "/opt/homebrew/Cellar/icarus-verilog/12.0/lib/ivl/system.vpi";
:vpi_module "/opt/homebrew/Cellar/icarus-verilog/12.0/lib/ivl/vhdl_sys.vpi";
:vpi_module "/opt/homebrew/Cellar/icarus-verilog/12.0/lib/ivl/vhdl_textio.vpi";
:vpi_module "/opt/homebrew/Cellar/icarus-verilog/12.0/lib/ivl/v2005_math.vpi";
:vpi_module "/opt/homebrew/Cellar/icarus-verilog/12.0/lib/ivl/va_math.vpi";
S_0x12780b830 .scope module, "time_mux_7seg_driver_tb" "time_mux_7seg_driver_tb" 2 4;
 .timescale -9 -12;
v0x127824640_0 .var "clk", 0 0;
v0x1278246f0_0 .net "digit_enable", 3 0, v0x127824220_0;  1 drivers
v0x127824780_0 .var "digits_bcd", 15 0;
v0x127824850_0 .var "rst_n", 0 0;
v0x127824900_0 .net "seg", 6 0, v0x127824510_0;  1 drivers
S_0x12780b9a0 .scope module, "uut" "time_mux_7seg_driver" 2 12, 3 4 0, S_0x12780b830;
 .timescale 0 0;
    .port_info 0 /INPUT 1 "clk";
    .port_info 1 /INPUT 1 "rst_n";
    .port_info 2 /INPUT 16 "digits_bcd";
    .port_info 3 /OUTPUT 7 "seg";
    .port_info 4 /OUTPUT 4 "digit_enable";
v0x127824010_0 .net "clk", 0 0, v0x127824640_0;  1 drivers
v0x1278240b0_0 .var "current_bcd", 3 0;
v0x127824160_0 .var "current_digit", 1 0;
v0x127824220_0 .var "digit_enable", 3 0;
v0x1278242d0_0 .net "digits_bcd", 15 0, v0x127824780_0;  1 drivers
v0x1278243c0_0 .var "refresh_counter", 16 0;
v0x127824470_0 .net "rst_n", 0 0, v0x127824850_0;  1 drivers
v0x127824510_0 .var "seg", 6 0;
E_0x12780c300 .event anyedge, v0x1278240b0_0, v0x127824160_0;
E_0x12780bcf0 .event anyedge, v0x127824160_0, v0x1278242d0_0;
E_0x127805fb0/0 .event negedge, v0x127824470_0;
E_0x127805fb0/1 .event posedge, v0x127824010_0;
E_0x127805fb0 .event/or E_0x127805fb0/0, E_0x127805fb0/1;
S_0x127805620 .scope function.vec4.s7, "bcd_to_7seg" "bcd_to_7seg" 3 17, 3 17 0, S_0x12780b9a0;
 .timescale 0 0;
v0x127805790_0 .var "bcd", 3 0;
; Variable bcd_to_7seg is vec4 return value of scope S_0x127805620
TD_time_mux_7seg_driver_tb.uut.bcd_to_7seg ;
    %load/vec4 v0x127805790_0;
    %dup/vec4;
    %pushi/vec4 0, 0, 4;
    %cmp/u;
    %jmp/1 T_0.0, 6;
    %dup/vec4;
    %pushi/vec4 1, 0, 4;
    %cmp/u;
    %jmp/1 T_0.1, 6;
    %dup/vec4;
    %pushi/vec4 2, 0, 4;
    %cmp/u;
    %jmp/1 T_0.2, 6;
    %dup/vec4;
    %pushi/vec4 3, 0, 4;
    %cmp/u;
    %jmp/1 T_0.3, 6;
    %dup/vec4;
    %pushi/vec4 4, 0, 4;
    %cmp/u;
    %jmp/1 T_0.4, 6;
    %dup/vec4;
    %pushi/vec4 5, 0, 4;
    %cmp/u;
    %jmp/1 T_0.5, 6;
    %dup/vec4;
    %pushi/vec4 6, 0, 4;
    %cmp/u;
    %jmp/1 T_0.6, 6;
    %dup/vec4;
    %pushi/vec4 7, 0, 4;
    %cmp/u;
    %jmp/1 T_0.7, 6;
    %dup/vec4;
    %pushi/vec4 8, 0, 4;
    %cmp/u;
    %jmp/1 T_0.8, 6;
    %dup/vec4;
    %pushi/vec4 9, 0, 4;
    %cmp/u;
    %jmp/1 T_0.9, 6;
    %pushi/vec4 127, 0, 7;
    %ret/vec4 0, 0, 7;  Assign to bcd_to_7seg (store_vec4_to_lval)
    %jmp T_0.11;
T_0.0 ;
    %pushi/vec4 64, 0, 7;
    %ret/vec4 0, 0, 7;  Assign to bcd_to_7seg (store_vec4_to_lval)
    %jmp T_0.11;
T_0.1 ;
    %pushi/vec4 121, 0, 7;
    %ret/vec4 0, 0, 7;  Assign to bcd_to_7seg (store_vec4_to_lval)
    %jmp T_0.11;
T_0.2 ;
    %pushi/vec4 36, 0, 7;
    %ret/vec4 0, 0, 7;  Assign to bcd_to_7seg (store_vec4_to_lval)
    %jmp T_0.11;
T_0.3 ;
    %pushi/vec4 48, 0, 7;
    %ret/vec4 0, 0, 7;  Assign to bcd_to_7seg (store_vec4_to_lval)
    %jmp T_0.11;
T_0.4 ;
    %pushi/vec4 25, 0, 7;
    %ret/vec4 0, 0, 7;  Assign to bcd_to_7seg (store_vec4_to_lval)
    %jmp T_0.11;
T_0.5 ;
    %pushi/vec4 18, 0, 7;
    %ret/vec4 0, 0, 7;  Assign to bcd_to_7seg (store_vec4_to_lval)
    %jmp T_0.11;
T_0.6 ;
    %pushi/vec4 2, 0, 7;
    %ret/vec4 0, 0, 7;  Assign to bcd_to_7seg (store_vec4_to_lval)
    %jmp T_0.11;
T_0.7 ;
    %pushi/vec4 120, 0, 7;
    %ret/vec4 0, 0, 7;  Assign to bcd_to_7seg (store_vec4_to_lval)
    %jmp T_0.11;
T_0.8 ;
    %pushi/vec4 0, 0, 7;
    %ret/vec4 0, 0, 7;  Assign to bcd_to_7seg (store_vec4_to_lval)
    %jmp T_0.11;
T_0.9 ;
    %pushi/vec4 16, 0, 7;
    %ret/vec4 0, 0, 7;  Assign to bcd_to_7seg (store_vec4_to_lval)
    %jmp T_0.11;
T_0.11 ;
    %pop/vec4 1;
    %end;
    .scope S_0x12780b9a0;
T_1 ;
    %wait E_0x127805fb0;
    %load/vec4 v0x127824470_0;
    %nor/r;
    %flag_set/vec4 8;
    %jmp/0xz  T_1.0, 8;
    %pushi/vec4 0, 0, 17;
    %assign/vec4 v0x1278243c0_0, 0;
    %pushi/vec4 0, 0, 2;
    %assign/vec4 v0x127824160_0, 0;
    %jmp T_1.1;
T_1.0 ;
    %load/vec4 v0x1278243c0_0;
    %addi 1, 0, 17;
    %assign/vec4 v0x1278243c0_0, 0;
    %load/vec4 v0x1278243c0_0;
    %pad/u 32;
    %cmpi/e 0, 0, 32;
    %jmp/0xz  T_1.2, 4;
    %load/vec4 v0x127824160_0;
    %addi 1, 0, 2;
    %assign/vec4 v0x127824160_0, 0;
T_1.2 ;
T_1.1 ;
    %jmp T_1;
    .thread T_1;
    .scope S_0x12780b9a0;
T_2 ;
    %wait E_0x12780bcf0;
    %load/vec4 v0x127824160_0;
    %dup/vec4;
    %pushi/vec4 0, 0, 2;
    %cmp/u;
    %jmp/1 T_2.0, 6;
    %dup/vec4;
    %pushi/vec4 1, 0, 2;
    %cmp/u;
    %jmp/1 T_2.1, 6;
    %dup/vec4;
    %pushi/vec4 2, 0, 2;
    %cmp/u;
    %jmp/1 T_2.2, 6;
    %dup/vec4;
    %pushi/vec4 3, 0, 2;
    %cmp/u;
    %jmp/1 T_2.3, 6;
    %pushi/vec4 0, 0, 4;
    %store/vec4 v0x1278240b0_0, 0, 4;
    %jmp T_2.5;
T_2.0 ;
    %load/vec4 v0x1278242d0_0;
    %parti/s 4, 0, 2;
    %store/vec4 v0x1278240b0_0, 0, 4;
    %jmp T_2.5;
T_2.1 ;
    %load/vec4 v0x1278242d0_0;
    %parti/s 4, 4, 4;
    %store/vec4 v0x1278240b0_0, 0, 4;
    %jmp T_2.5;
T_2.2 ;
    %load/vec4 v0x1278242d0_0;
    %parti/s 4, 8, 5;
    %store/vec4 v0x1278240b0_0, 0, 4;
    %jmp T_2.5;
T_2.3 ;
    %load/vec4 v0x1278242d0_0;
    %parti/s 4, 12, 5;
    %store/vec4 v0x1278240b0_0, 0, 4;
    %jmp T_2.5;
T_2.5 ;
    %pop/vec4 1;
    %jmp T_2;
    .thread T_2, $push;
    .scope S_0x12780b9a0;
T_3 ;
    %wait E_0x12780c300;
    %load/vec4 v0x1278240b0_0;
    %store/vec4 v0x127805790_0, 0, 4;
    %callf/vec4 TD_time_mux_7seg_driver_tb.uut.bcd_to_7seg, S_0x127805620;
    %store/vec4 v0x127824510_0, 0, 7;
    %pushi/vec4 1, 0, 4;
    %ix/getv 4, v0x127824160_0;
    %shiftl 4;
    %inv;
    %store/vec4 v0x127824220_0, 0, 4;
    %jmp T_3;
    .thread T_3, $push;
    .scope S_0x12780b830;
T_4 ;
    %pushi/vec4 0, 0, 1;
    %store/vec4 v0x127824640_0, 0, 1;
    %end;
    .thread T_4;
    .scope S_0x12780b830;
T_5 ;
    %delay 10000, 0;
    %load/vec4 v0x127824640_0;
    %inv;
    %store/vec4 v0x127824640_0, 0, 1;
    %jmp T_5;
    .thread T_5;
    .scope S_0x12780b830;
T_6 ;
    %vpi_call 2 24 "$dumpfile", "time_mux_7seg_driver.vcd" {0 0 0};
    %vpi_call 2 25 "$dumpvars", 32'sb00000000000000000000000000000000, S_0x12780b830 {0 0 0};
    %pushi/vec4 0, 0, 1;
    %store/vec4 v0x127824850_0, 0, 1;
    %pushi/vec4 0, 0, 16;
    %store/vec4 v0x127824780_0, 0, 16;
    %delay 50000, 0;
    %pushi/vec4 1, 0, 1;
    %store/vec4 v0x127824850_0, 0, 1;
    %pushi/vec4 4660, 0, 16;
    %store/vec4 v0x127824780_0, 0, 16;
    %delay 10000000, 0;
    %pushi/vec4 22136, 0, 16;
    %store/vec4 v0x127824780_0, 0, 16;
    %delay 10000000, 0;
    %pushi/vec4 39321, 0, 16;
    %store/vec4 v0x127824780_0, 0, 16;
    %delay 10000000, 0;
    %vpi_call 2 43 "$finish" {0 0 0};
    %end;
    .thread T_6;
# The file index is used to find the file name in the following table.
:file_names 4;
    "N/A";
    "<interactive>";
    "time_mux_7seg_driver_tb.v";
    "time_mux_7seg_driver.v";
