#! /opt/homebrew/Cellar/icarus-verilog/12.0/bin/vvp
:ivl_version "12.0 (stable)";
:ivl_delay_selection "TYPICAL";
:vpi_time_precision - 12;
:vpi_module "/opt/homebrew/Cellar/icarus-verilog/12.0/lib/ivl/system.vpi";
:vpi_module "/opt/homebrew/Cellar/icarus-verilog/12.0/lib/ivl/vhdl_sys.vpi";
:vpi_module "/opt/homebrew/Cellar/icarus-verilog/12.0/lib/ivl/vhdl_textio.vpi";
:vpi_module "/opt/homebrew/Cellar/icarus-verilog/12.0/lib/ivl/v2005_math.vpi";
:vpi_module "/opt/homebrew/Cellar/icarus-verilog/12.0/lib/ivl/va_math.vpi";
S_0x10fe057a0 .scope module, "updown_counter_8bit_tb" "updown_counter_8bit_tb" 2 4;
 .timescale -9 -12;
v0x10fe1aa50_0 .var "clk", 0 0;
v0x10fe1aaf0_0 .net "count", 7 0, v0x10fe1a7f0_0;  1 drivers
v0x10fe1aba0_0 .var "rst", 0 0;
v0x10fe1ac70_0 .var "up_down", 0 0;
S_0x10fe05910 .scope module, "uut" "updown_counter_8bit" 2 10, 3 2 0, S_0x10fe057a0;
 .timescale 0 0;
    .port_info 0 /INPUT 1 "clk";
    .port_info 1 /INPUT 1 "rst";
    .port_info 2 /INPUT 1 "up_down";
    .port_info 3 /OUTPUT 8 "count";
v0x10fe0a9d0_0 .net "clk", 0 0, v0x10fe1aa50_0;  1 drivers
v0x10fe1a7f0_0 .var "count", 7 0;
v0x10fe1a8a0_0 .net "rst", 0 0, v0x10fe1aba0_0;  1 drivers
v0x10fe1a950_0 .net "up_down", 0 0, v0x10fe1ac70_0;  1 drivers
E_0x10fe05a80 .event posedge, v0x10fe1a8a0_0, v0x10fe0a9d0_0;
    .scope S_0x10fe05910;
T_0 ;
    %wait E_0x10fe05a80;
    %load/vec4 v0x10fe1a8a0_0;
    %flag_set/vec4 8;
    %jmp/0xz  T_0.0, 8;
    %pushi/vec4 0, 0, 8;
    %assign/vec4 v0x10fe1a7f0_0, 0;
    %jmp T_0.1;
T_0.0 ;
    %load/vec4 v0x10fe1a950_0;
    %flag_set/vec4 8;
    %jmp/0xz  T_0.2, 8;
    %load/vec4 v0x10fe1a7f0_0;
    %addi 1, 0, 8;
    %assign/vec4 v0x10fe1a7f0_0, 0;
    %jmp T_0.3;
T_0.2 ;
    %load/vec4 v0x10fe1a7f0_0;
    %subi 1, 0, 8;
    %assign/vec4 v0x10fe1a7f0_0, 0;
T_0.3 ;
T_0.1 ;
    %jmp T_0;
    .thread T_0;
    .scope S_0x10fe057a0;
T_1 ;
    %delay 5000, 0;
    %load/vec4 v0x10fe1aa50_0;
    %inv;
    %store/vec4 v0x10fe1aa50_0, 0, 1;
    %jmp T_1;
    .thread T_1;
    .scope S_0x10fe057a0;
T_2 ;
    %vpi_call 2 21 "$dumpfile", "updown_counter_8bit.vcd" {0 0 0};
    %vpi_call 2 22 "$dumpvars", 32'sb00000000000000000000000000000000, S_0x10fe057a0 {0 0 0};
    %pushi/vec4 0, 0, 1;
    %store/vec4 v0x10fe1aa50_0, 0, 1;
    %pushi/vec4 1, 0, 1;
    %store/vec4 v0x10fe1aba0_0, 0, 1;
    %pushi/vec4 1, 0, 1;
    %store/vec4 v0x10fe1ac70_0, 0, 1;
    %delay 10000, 0;
    %pushi/vec4 0, 0, 1;
    %store/vec4 v0x10fe1aba0_0, 0, 1;
    %delay 50000, 0;
    %pushi/vec4 0, 0, 1;
    %store/vec4 v0x10fe1ac70_0, 0, 1;
    %delay 50000, 0;
    %pushi/vec4 1, 0, 1;
    %store/vec4 v0x10fe1aba0_0, 0, 1;
    %delay 10000, 0;
    %pushi/vec4 0, 0, 1;
    %store/vec4 v0x10fe1aba0_0, 0, 1;
    %delay 10000, 0;
    %vpi_call 2 42 "$finish" {0 0 0};
    %end;
    .thread T_2;
# The file index is used to find the file name in the following table.
:file_names 4;
    "N/A";
    "<interactive>";
    "updown_counter_8bit_tb.v";
    "updown_counter_8bit.v";
