#! /opt/homebrew/Cellar/icarus-verilog/12.0/bin/vvp
:ivl_version "12.0 (stable)";
:ivl_delay_selection "TYPICAL";
:vpi_time_precision - 12;
:vpi_module "/opt/homebrew/Cellar/icarus-verilog/12.0/lib/ivl/system.vpi";
:vpi_module "/opt/homebrew/Cellar/icarus-verilog/12.0/lib/ivl/vhdl_sys.vpi";
:vpi_module "/opt/homebrew/Cellar/icarus-verilog/12.0/lib/ivl/vhdl_textio.vpi";
:vpi_module "/opt/homebrew/Cellar/icarus-verilog/12.0/lib/ivl/v2005_math.vpi";
:vpi_module "/opt/homebrew/Cellar/icarus-verilog/12.0/lib/ivl/va_math.vpi";
S_0x14a006680 .scope module, "comparator_4bit_tb" "comparator_4bit_tb" 2 4;
 .timescale -9 -12;
v0x14a01c210_0 .var "a", 3 0;
v0x14a01c2c0_0 .net "a_eq_b", 0 0, L_0x14a01c700;  1 drivers
v0x14a01c350_0 .net "a_gt_b", 0 0, L_0x14a01c5a0;  1 drivers
v0x14a01c420_0 .net "a_lt_b", 0 0, L_0x14a01c7e0;  1 drivers
v0x14a01c4d0_0 .var "b", 3 0;
S_0x14a0067f0 .scope module, "uut" "comparator_4bit" 2 10, 3 2 0, S_0x14a006680;
 .timescale 0 0;
    .port_info 0 /INPUT 4 "a";
    .port_info 1 /INPUT 4 "b";
    .port_info 2 /OUTPUT 1 "a_gt_b";
    .port_info 3 /OUTPUT 1 "a_eq_b";
    .port_info 4 /OUTPUT 1 "a_lt_b";
v0x14a00b120_0 .net "a", 3 0, v0x14a01c210_0;  1 drivers
v0x14a01bed0_0 .net "a_eq_b", 0 0, L_0x14a01c700;  alias, 1 drivers
v0x14a01bf70_0 .net "a_gt_b", 0 0, L_0x14a01c5a0;  alias, 1 drivers
v0x14a01c000_0 .net "a_lt_b", 0 0, L_0x14a01c7e0;  alias, 1 drivers
v0x14a01c0a0_0 .net "b", 3 0, v0x14a01c4d0_0;  1 drivers
L_0x14a01c5a0 .cmp/gt 4, v0x14a01c210_0, v0x14a01c4d0_0;
L_0x14a01c700 .cmp/eq 4, v0x14a01c210_0, v0x14a01c4d0_0;
L_0x14a01c7e0 .cmp/gt 4, v0x14a01c4d0_0, v0x14a01c210_0;
    .scope S_0x14a006680;
T_0 ;
    %vpi_call 2 19 "$dumpfile", "comparator_4bit.vcd" {0 0 0};
    %vpi_call 2 20 "$dumpvars", 32'sb00000000000000000000000000000000, S_0x14a006680 {0 0 0};
    %pushi/vec4 1, 0, 4;
    %store/vec4 v0x14a01c210_0, 0, 4;
    %pushi/vec4 2, 0, 4;
    %store/vec4 v0x14a01c4d0_0, 0, 4;
    %delay 10000, 0;
    %pushi/vec4 10, 0, 4;
    %store/vec4 v0x14a01c210_0, 0, 4;
    %pushi/vec4 10, 0, 4;
    %store/vec4 v0x14a01c4d0_0, 0, 4;
    %delay 10000, 0;
    %pushi/vec4 14, 0, 4;
    %store/vec4 v0x14a01c210_0, 0, 4;
    %pushi/vec4 10, 0, 4;
    %store/vec4 v0x14a01c4d0_0, 0, 4;
    %delay 10000, 0;
    %pushi/vec4 0, 0, 4;
    %store/vec4 v0x14a01c210_0, 0, 4;
    %pushi/vec4 0, 0, 4;
    %store/vec4 v0x14a01c4d0_0, 0, 4;
    %delay 10000, 0;
    %pushi/vec4 7, 0, 4;
    %store/vec4 v0x14a01c210_0, 0, 4;
    %pushi/vec4 8, 0, 4;
    %store/vec4 v0x14a01c4d0_0, 0, 4;
    %delay 10000, 0;
    %pushi/vec4 15, 0, 4;
    %store/vec4 v0x14a01c210_0, 0, 4;
    %pushi/vec4 1, 0, 4;
    %store/vec4 v0x14a01c4d0_0, 0, 4;
    %delay 10000, 0;
    %vpi_call 2 30 "$finish" {0 0 0};
    %end;
    .thread T_0;
# The file index is used to find the file name in the following table.
:file_names 4;
    "N/A";
    "<interactive>";
    "comparator_4bit_tb.v";
    "comparator_4bit.v";
