#! /opt/homebrew/Cellar/icarus-verilog/12.0/bin/vvp
:ivl_version "12.0 (stable)";
:ivl_delay_selection "TYPICAL";
:vpi_time_precision - 12;
:vpi_module "/opt/homebrew/Cellar/icarus-verilog/12.0/lib/ivl/system.vpi";
:vpi_module "/opt/homebrew/Cellar/icarus-verilog/12.0/lib/ivl/vhdl_sys.vpi";
:vpi_module "/opt/homebrew/Cellar/icarus-verilog/12.0/lib/ivl/vhdl_textio.vpi";
:vpi_module "/opt/homebrew/Cellar/icarus-verilog/12.0/lib/ivl/v2005_math.vpi";
:vpi_module "/opt/homebrew/Cellar/icarus-verilog/12.0/lib/ivl/va_math.vpi";
S_0x14fe08760 .scope module, "t_flip_flop_tb" "t_flip_flop_tb" 2 4;
 .timescale -9 -12;
v0x14fe1cb60_0 .var "clk", 0 0;
v0x14fe1cc00_0 .net "q", 0 0, v0x14fe1c9c0_0;  1 drivers
v0x14fe1ccb0_0 .var "t", 0 0;
S_0x14fe074c0 .scope module, "uut" "t_flip_flop" 2 10, 3 1 0, S_0x14fe08760;
 .timescale 0 0;
    .port_info 0 /INPUT 1 "clk";
    .port_info 1 /INPUT 1 "t";
    .port_info 2 /OUTPUT 1 "q";
v0x14fe088d0_0 .net "clk", 0 0, v0x14fe1cb60_0;  1 drivers
v0x14fe1c9c0_0 .var "q", 0 0;
v0x14fe1ca60_0 .net "t", 0 0, v0x14fe1ccb0_0;  1 drivers
E_0x14fe07df0 .event posedge, v0x14fe088d0_0;
    .scope S_0x14fe074c0;
T_0 ;
    %pushi/vec4 0, 0, 1;
    %store/vec4 v0x14fe1c9c0_0, 0, 1;
    %end;
    .thread T_0;
    .scope S_0x14fe074c0;
T_1 ;
    %wait E_0x14fe07df0;
    %load/vec4 v0x14fe1ca60_0;
    %flag_set/vec4 8;
    %jmp/0xz  T_1.0, 8;
    %load/vec4 v0x14fe1c9c0_0;
    %inv;
    %assign/vec4 v0x14fe1c9c0_0, 0;
T_1.0 ;
    %jmp T_1;
    .thread T_1;
    .scope S_0x14fe08760;
T_2 ;
    %delay 5000, 0;
    %load/vec4 v0x14fe1cb60_0;
    %inv;
    %store/vec4 v0x14fe1cb60_0, 0, 1;
    %jmp T_2;
    .thread T_2;
    .scope S_0x14fe08760;
T_3 ;
    %vpi_call 2 20 "$dumpfile", "t_flip_flop.vcd" {0 0 0};
    %vpi_call 2 21 "$dumpvars", 32'sb00000000000000000000000000000000, S_0x14fe08760 {0 0 0};
    %pushi/vec4 0, 0, 1;
    %store/vec4 v0x14fe1cb60_0, 0, 1;
    %pushi/vec4 0, 0, 1;
    %store/vec4 v0x14fe1ccb0_0, 0, 1;
    %delay 10000, 0;
    %pushi/vec4 1, 0, 1;
    %store/vec4 v0x14fe1ccb0_0, 0, 1;
    %delay 10000, 0;
    %pushi/vec4 1, 0, 1;
    %store/vec4 v0x14fe1ccb0_0, 0, 1;
    %delay 10000, 0;
    %pushi/vec4 0, 0, 1;
    %store/vec4 v0x14fe1ccb0_0, 0, 1;
    %delay 10000, 0;
    %pushi/vec4 1, 0, 1;
    %store/vec4 v0x14fe1ccb0_0, 0, 1;
    %delay 10000, 0;
    %pushi/vec4 0, 0, 1;
    %store/vec4 v0x14fe1ccb0_0, 0, 1;
    %delay 10000, 0;
    %vpi_call 2 31 "$finish" {0 0 0};
    %end;
    .thread T_3;
# The file index is used to find the file name in the following table.
:file_names 4;
    "N/A";
    "<interactive>";
    "t_flip_flop_tb.v";
    "t_flip_flop.v";
