#! /opt/homebrew/Cellar/icarus-verilog/12.0/bin/vvp
:ivl_version "12.0 (stable)";
:ivl_delay_selection "TYPICAL";
:vpi_time_precision - 12;
:vpi_module "/opt/homebrew/Cellar/icarus-verilog/12.0/lib/ivl/system.vpi";
:vpi_module "/opt/homebrew/Cellar/icarus-verilog/12.0/lib/ivl/vhdl_sys.vpi";
:vpi_module "/opt/homebrew/Cellar/icarus-verilog/12.0/lib/ivl/vhdl_textio.vpi";
:vpi_module "/opt/homebrew/Cellar/icarus-verilog/12.0/lib/ivl/v2005_math.vpi";
:vpi_module "/opt/homebrew/Cellar/icarus-verilog/12.0/lib/ivl/va_math.vpi";
S_0x1376085b0 .scope module, "decoder3to8_tb" "decoder3to8_tb" 2 4;
 .timescale -9 -12;
v0x13761e540_0 .var "en", 0 0;
v0x13761e5e0_0 .var "in", 2 0;
v0x13761e690_0 .net "out", 7 0, L_0x13761e9d0;  1 drivers
S_0x137608720 .scope module, "uut" "decoder3to8" 2 11, 3 2 0, S_0x1376085b0;
 .timescale 0 0;
    .port_info 0 /INPUT 3 "in";
    .port_info 1 /INPUT 1 "en";
    .port_info 2 /OUTPUT 8 "out";
L_0x138078010 .functor BUFT 1, C4<1>, C4<0>, C4<0>, C4<0>;
L_0x13761e780 .functor XNOR 1, v0x13761e540_0, L_0x138078010, C4<0>, C4<0>;
v0x1376074c0_0 .net/2u *"_ivl_0", 0 0, L_0x138078010;  1 drivers
v0x13761e010_0 .net *"_ivl_2", 0 0, L_0x13761e780;  1 drivers
L_0x138078058 .functor BUFT 1, C4<00000001>, C4<0>, C4<0>, C4<0>;
v0x13761e0b0_0 .net/2u *"_ivl_4", 7 0, L_0x138078058;  1 drivers
v0x13761e170_0 .net *"_ivl_6", 7 0, L_0x13761e8b0;  1 drivers
L_0x1380780a0 .functor BUFT 1, C4<00000000>, C4<0>, C4<0>, C4<0>;
v0x13761e220_0 .net/2u *"_ivl_8", 7 0, L_0x1380780a0;  1 drivers
v0x13761e310_0 .net "en", 0 0, v0x13761e540_0;  1 drivers
v0x13761e3b0_0 .net "in", 2 0, v0x13761e5e0_0;  1 drivers
v0x13761e460_0 .net "out", 7 0, L_0x13761e9d0;  alias, 1 drivers
L_0x13761e8b0 .shift/l 8, L_0x138078058, v0x13761e5e0_0;
L_0x13761e9d0 .functor MUXZ 8, L_0x1380780a0, L_0x13761e8b0, L_0x13761e780, C4<>;
    .scope S_0x1376085b0;
T_0 ;
    %vpi_call 2 18 "$dumpfile", "decoder3to8.vcd" {0 0 0};
    %vpi_call 2 19 "$dumpvars", 32'sb00000000000000000000000000000000, S_0x1376085b0 {0 0 0};
    %pushi/vec4 0, 0, 1;
    %store/vec4 v0x13761e540_0, 0, 1;
    %pushi/vec4 0, 0, 3;
    %store/vec4 v0x13761e5e0_0, 0, 3;
    %delay 10000, 0;
    %pushi/vec4 1, 0, 1;
    %store/vec4 v0x13761e540_0, 0, 1;
    %pushi/vec4 0, 0, 3;
    %store/vec4 v0x13761e5e0_0, 0, 3;
    %delay 10000, 0;
    %pushi/vec4 1, 0, 3;
    %store/vec4 v0x13761e5e0_0, 0, 3;
    %delay 10000, 0;
    %pushi/vec4 2, 0, 3;
    %store/vec4 v0x13761e5e0_0, 0, 3;
    %delay 10000, 0;
    %pushi/vec4 3, 0, 3;
    %store/vec4 v0x13761e5e0_0, 0, 3;
    %delay 10000, 0;
    %pushi/vec4 4, 0, 3;
    %store/vec4 v0x13761e5e0_0, 0, 3;
    %delay 10000, 0;
    %pushi/vec4 5, 0, 3;
    %store/vec4 v0x13761e5e0_0, 0, 3;
    %delay 10000, 0;
    %pushi/vec4 6, 0, 3;
    %store/vec4 v0x13761e5e0_0, 0, 3;
    %delay 10000, 0;
    %pushi/vec4 7, 0, 3;
    %store/vec4 v0x13761e5e0_0, 0, 3;
    %delay 10000, 0;
    %vpi_call 2 31 "$finish" {0 0 0};
    %end;
    .thread T_0;
# The file index is used to find the file name in the following table.
:file_names 4;
    "N/A";
    "<interactive>";
    "decoder3to8_tb.v";
    "decoder3to8.v";
