#! /opt/homebrew/Cellar/icarus-verilog/12.0/bin/vvp
:ivl_version "12.0 (stable)";
:ivl_delay_selection "TYPICAL";
:vpi_time_precision - 12;
:vpi_module "/opt/homebrew/Cellar/icarus-verilog/12.0/lib/ivl/system.vpi";
:vpi_module "/opt/homebrew/Cellar/icarus-verilog/12.0/lib/ivl/vhdl_sys.vpi";
:vpi_module "/opt/homebrew/Cellar/icarus-verilog/12.0/lib/ivl/vhdl_textio.vpi";
:vpi_module "/opt/homebrew/Cellar/icarus-verilog/12.0/lib/ivl/v2005_math.vpi";
:vpi_module "/opt/homebrew/Cellar/icarus-verilog/12.0/lib/ivl/va_math.vpi";
S_0x12f7051e0 .scope module, "traffic_light_pedestrian_tb" "traffic_light_pedestrian_tb" 2 3;
 .timescale -9 -12;
v0x12f715ef0_0 .var "clk", 0 0;
v0x12f715fa0_0 .net "light", 2 0, v0x12f715980_0;  1 drivers
v0x12f716030_0 .var "pedestrian_request", 0 0;
v0x12f716100_0 .var "rst", 0 0;
v0x12f7161b0_0 .net "walk", 0 0, v0x12f715dd0_0;  1 drivers
S_0x12f705350 .scope module, "uut" "traffic_light_pedestrian" 2 9, 3 1 0, S_0x12f7051e0;
 .timescale 0 0;
    .port_info 0 /INPUT 1 "clk";
    .port_info 1 /INPUT 1 "rst";
    .port_info 2 /INPUT 1 "pedestrian_request";
    .port_info 3 /OUTPUT 3 "light";
    .port_info 4 /OUTPUT 1 "walk";
P_0x12f705510 .param/l "GREEN" 0 3 10, C4<01>;
P_0x12f705550 .param/l "RED" 0 3 9, C4<00>;
P_0x12f705590 .param/l "WALK" 0 3 12, C4<11>;
P_0x12f7055d0 .param/l "YELLOW" 0 3 11, C4<10>;
v0x12f7058d0_0 .net "clk", 0 0, v0x12f715ef0_0;  1 drivers
v0x12f715980_0 .var "light", 2 0;
v0x12f715a30_0 .var "next_state", 1 0;
v0x12f715af0_0 .net "pedestrian_request", 0 0, v0x12f716030_0;  1 drivers
v0x12f715b90_0 .net "rst", 0 0, v0x12f716100_0;  1 drivers
v0x12f715c70_0 .var "state", 1 0;
v0x12f715d20_0 .var "timer", 3 0;
v0x12f715dd0_0 .var "walk", 0 0;
E_0x12f7057c0 .event anyedge, v0x12f715c70_0;
E_0x12f705810 .event anyedge, v0x12f715c70_0, v0x12f715d20_0, v0x12f715af0_0;
E_0x12f705870 .event posedge, v0x12f715b90_0, v0x12f7058d0_0;
    .scope S_0x12f705350;
T_0 ;
    %wait E_0x12f705870;
    %load/vec4 v0x12f715b90_0;
    %flag_set/vec4 8;
    %jmp/0xz  T_0.0, 8;
    %pushi/vec4 0, 0, 2;
    %assign/vec4 v0x12f715c70_0, 0;
    %pushi/vec4 0, 0, 4;
    %assign/vec4 v0x12f715d20_0, 0;
    %pushi/vec4 0, 0, 1;
    %assign/vec4 v0x12f715dd0_0, 0;
    %jmp T_0.1;
T_0.0 ;
    %load/vec4 v0x12f715a30_0;
    %assign/vec4 v0x12f715c70_0, 0;
    %load/vec4 v0x12f715c70_0;
    %load/vec4 v0x12f715a30_0;
    %cmp/ne;
    %jmp/0xz  T_0.2, 4;
    %pushi/vec4 0, 0, 4;
    %assign/vec4 v0x12f715d20_0, 0;
    %jmp T_0.3;
T_0.2 ;
    %load/vec4 v0x12f715d20_0;
    %addi 1, 0, 4;
    %assign/vec4 v0x12f715d20_0, 0;
T_0.3 ;
T_0.1 ;
    %jmp T_0;
    .thread T_0;
    .scope S_0x12f705350;
T_1 ;
    %wait E_0x12f705810;
    %load/vec4 v0x12f715c70_0;
    %store/vec4 v0x12f715a30_0, 0, 2;
    %load/vec4 v0x12f715c70_0;
    %dup/vec4;
    %pushi/vec4 0, 0, 2;
    %cmp/u;
    %jmp/1 T_1.0, 6;
    %dup/vec4;
    %pushi/vec4 1, 0, 2;
    %cmp/u;
    %jmp/1 T_1.1, 6;
    %dup/vec4;
    %pushi/vec4 2, 0, 2;
    %cmp/u;
    %jmp/1 T_1.2, 6;
    %dup/vec4;
    %pushi/vec4 3, 0, 2;
    %cmp/u;
    %jmp/1 T_1.3, 6;
    %jmp T_1.4;
T_1.0 ;
    %load/vec4 v0x12f715d20_0;
    %cmpi/u 5, 0, 4;
    %flag_inv 5; GE is !LT
    %jmp/0xz  T_1.5, 5;
    %load/vec4 v0x12f715af0_0;
    %flag_set/vec4 8;
    %jmp/0xz  T_1.7, 8;
    %pushi/vec4 3, 0, 2;
    %store/vec4 v0x12f715a30_0, 0, 2;
    %jmp T_1.8;
T_1.7 ;
    %pushi/vec4 1, 0, 2;
    %store/vec4 v0x12f715a30_0, 0, 2;
T_1.8 ;
T_1.5 ;
    %jmp T_1.4;
T_1.1 ;
    %load/vec4 v0x12f715d20_0;
    %cmpi/u 5, 0, 4;
    %flag_inv 5; GE is !LT
    %jmp/0xz  T_1.9, 5;
    %pushi/vec4 2, 0, 2;
    %store/vec4 v0x12f715a30_0, 0, 2;
T_1.9 ;
    %jmp T_1.4;
T_1.2 ;
    %load/vec4 v0x12f715d20_0;
    %cmpi/u 2, 0, 4;
    %flag_inv 5; GE is !LT
    %jmp/0xz  T_1.11, 5;
    %pushi/vec4 0, 0, 2;
    %store/vec4 v0x12f715a30_0, 0, 2;
T_1.11 ;
    %jmp T_1.4;
T_1.3 ;
    %load/vec4 v0x12f715d20_0;
    %cmpi/u 3, 0, 4;
    %flag_inv 5; GE is !LT
    %jmp/0xz  T_1.13, 5;
    %pushi/vec4 1, 0, 2;
    %store/vec4 v0x12f715a30_0, 0, 2;
T_1.13 ;
    %jmp T_1.4;
T_1.4 ;
    %pop/vec4 1;
    %jmp T_1;
    .thread T_1, $push;
    .scope S_0x12f705350;
T_2 ;
    %wait E_0x12f7057c0;
    %pushi/vec4 0, 0, 3;
    %store/vec4 v0x12f715980_0, 0, 3;
    %pushi/vec4 0, 0, 1;
    %store/vec4 v0x12f715dd0_0, 0, 1;
    %load/vec4 v0x12f715c70_0;
    %dup/vec4;
    %pushi/vec4 0, 0, 2;
    %cmp/u;
    %jmp/1 T_2.0, 6;
    %dup/vec4;
    %pushi/vec4 1, 0, 2;
    %cmp/u;
    %jmp/1 T_2.1, 6;
    %dup/vec4;
    %pushi/vec4 2, 0, 2;
    %cmp/u;
    %jmp/1 T_2.2, 6;
    %dup/vec4;
    %pushi/vec4 3, 0, 2;
    %cmp/u;
    %jmp/1 T_2.3, 6;
    %jmp T_2.4;
T_2.0 ;
    %pushi/vec4 4, 0, 3;
    %store/vec4 v0x12f715980_0, 0, 3;
    %jmp T_2.4;
T_2.1 ;
    %pushi/vec4 1, 0, 3;
    %store/vec4 v0x12f715980_0, 0, 3;
    %jmp T_2.4;
T_2.2 ;
    %pushi/vec4 2, 0, 3;
    %store/vec4 v0x12f715980_0, 0, 3;
    %jmp T_2.4;
T_2.3 ;
    %pushi/vec4 4, 0, 3;
    %store/vec4 v0x12f715980_0, 0, 3;
    %pushi/vec4 1, 0, 1;
    %store/vec4 v0x12f715dd0_0, 0, 1;
    %jmp T_2.4;
T_2.4 ;
    %pop/vec4 1;
    %jmp T_2;
    .thread T_2, $push;
    .scope S_0x12f7051e0;
T_3 ;
    %vpi_call 2 18 "$dumpfile", "traffic_light_pedestrian.vcd" {0 0 0};
    %vpi_call 2 19 "$dumpvars", 32'sb00000000000000000000000000000000, S_0x12f7051e0 {0 0 0};
    %pushi/vec4 0, 0, 1;
    %store/vec4 v0x12f715ef0_0, 0, 1;
    %pushi/vec4 1, 0, 1;
    %store/vec4 v0x12f716100_0, 0, 1;
    %pushi/vec4 0, 0, 1;
    %store/vec4 v0x12f716030_0, 0, 1;
    %delay 10000, 0;
    %pushi/vec4 0, 0, 1;
    %store/vec4 v0x12f716100_0, 0, 1;
    %delay 30000, 0;
    %pushi/vec4 1, 0, 1;
    %store/vec4 v0x12f716030_0, 0, 1;
    %delay 30000, 0;
    %pushi/vec4 0, 0, 1;
    %store/vec4 v0x12f716030_0, 0, 1;
    %delay 200000, 0;
    %vpi_call 2 30 "$finish" {0 0 0};
    %end;
    .thread T_3;
    .scope S_0x12f7051e0;
T_4 ;
    %delay 5000, 0;
    %load/vec4 v0x12f715ef0_0;
    %inv;
    %store/vec4 v0x12f715ef0_0, 0, 1;
    %jmp T_4;
    .thread T_4;
# The file index is used to find the file name in the following table.
:file_names 4;
    "N/A";
    "<interactive>";
    "traffic_light_pedestrian_tb.v";
    "traffic_light_pedestrian.v";
