#! /opt/homebrew/Cellar/icarus-verilog/12.0/bin/vvp
:ivl_version "12.0 (stable)";
:ivl_delay_selection "TYPICAL";
:vpi_time_precision - 12;
:vpi_module "/opt/homebrew/Cellar/icarus-verilog/12.0/lib/ivl/system.vpi";
:vpi_module "/opt/homebrew/Cellar/icarus-verilog/12.0/lib/ivl/vhdl_sys.vpi";
:vpi_module "/opt/homebrew/Cellar/icarus-verilog/12.0/lib/ivl/vhdl_textio.vpi";
:vpi_module "/opt/homebrew/Cellar/icarus-verilog/12.0/lib/ivl/v2005_math.vpi";
:vpi_module "/opt/homebrew/Cellar/icarus-verilog/12.0/lib/ivl/va_math.vpi";
S_0x11c606a80 .scope module, "jk_flip_flop_tb" "jk_flip_flop_tb" 2 4;
 .timescale -9 -12;
v0x11c617180_0 .var "clk", 0 0;
v0x11c617220_0 .var "j", 0 0;
v0x11c6172d0_0 .var "k", 0 0;
v0x11c6173a0_0 .net "q", 0 0, v0x11c617080_0;  1 drivers
S_0x11c606bf0 .scope module, "uut" "jk_flip_flop" 2 9, 3 2 0, S_0x11c606a80;
 .timescale 0 0;
    .port_info 0 /INPUT 1 "clk";
    .port_info 1 /INPUT 1 "j";
    .port_info 2 /INPUT 1 "k";
    .port_info 3 /OUTPUT 1 "q";
v0x11c606e80_0 .net "clk", 0 0, v0x11c617180_0;  1 drivers
v0x11c616f30_0 .net "j", 0 0, v0x11c617220_0;  1 drivers
v0x11c616fd0_0 .net "k", 0 0, v0x11c6172d0_0;  1 drivers
v0x11c617080_0 .var "q", 0 0;
E_0x11c606e20 .event posedge, v0x11c606e80_0;
    .scope S_0x11c606bf0;
T_0 ;
    %pushi/vec4 0, 0, 1;
    %store/vec4 v0x11c617080_0, 0, 1;
    %end;
    .thread T_0;
    .scope S_0x11c606bf0;
T_1 ;
    %wait E_0x11c606e20;
    %load/vec4 v0x11c616f30_0;
    %load/vec4 v0x11c616fd0_0;
    %concat/vec4; draw_concat_vec4
    %dup/vec4;
    %pushi/vec4 0, 0, 2;
    %cmp/u;
    %jmp/1 T_1.0, 6;
    %dup/vec4;
    %pushi/vec4 1, 0, 2;
    %cmp/u;
    %jmp/1 T_1.1, 6;
    %dup/vec4;
    %pushi/vec4 2, 0, 2;
    %cmp/u;
    %jmp/1 T_1.2, 6;
    %dup/vec4;
    %pushi/vec4 3, 0, 2;
    %cmp/u;
    %jmp/1 T_1.3, 6;
    %jmp T_1.4;
T_1.0 ;
    %load/vec4 v0x11c617080_0;
    %assign/vec4 v0x11c617080_0, 0;
    %jmp T_1.4;
T_1.1 ;
    %pushi/vec4 0, 0, 1;
    %assign/vec4 v0x11c617080_0, 0;
    %jmp T_1.4;
T_1.2 ;
    %pushi/vec4 1, 0, 1;
    %assign/vec4 v0x11c617080_0, 0;
    %jmp T_1.4;
T_1.3 ;
    %load/vec4 v0x11c617080_0;
    %inv;
    %assign/vec4 v0x11c617080_0, 0;
    %jmp T_1.4;
T_1.4 ;
    %pop/vec4 1;
    %jmp T_1;
    .thread T_1;
    .scope S_0x11c606a80;
T_2 ;
    %delay 5000, 0;
    %load/vec4 v0x11c617180_0;
    %inv;
    %store/vec4 v0x11c617180_0, 0, 1;
    %jmp T_2;
    .thread T_2;
    .scope S_0x11c606a80;
T_3 ;
    %vpi_call 2 20 "$dumpfile", "jk_flip_flop.vcd" {0 0 0};
    %vpi_call 2 21 "$dumpvars", 32'sb00000000000000000000000000000000, S_0x11c606a80 {0 0 0};
    %pushi/vec4 0, 0, 1;
    %store/vec4 v0x11c617180_0, 0, 1;
    %pushi/vec4 0, 0, 1;
    %store/vec4 v0x11c617220_0, 0, 1;
    %pushi/vec4 0, 0, 1;
    %store/vec4 v0x11c6172d0_0, 0, 1;
    %delay 10000, 0;
    %pushi/vec4 0, 0, 1;
    %store/vec4 v0x11c617220_0, 0, 1;
    %pushi/vec4 0, 0, 1;
    %store/vec4 v0x11c6172d0_0, 0, 1;
    %delay 10000, 0;
    %pushi/vec4 1, 0, 1;
    %store/vec4 v0x11c617220_0, 0, 1;
    %pushi/vec4 0, 0, 1;
    %store/vec4 v0x11c6172d0_0, 0, 1;
    %delay 10000, 0;
    %pushi/vec4 0, 0, 1;
    %store/vec4 v0x11c617220_0, 0, 1;
    %pushi/vec4 1, 0, 1;
    %store/vec4 v0x11c6172d0_0, 0, 1;
    %delay 10000, 0;
    %pushi/vec4 1, 0, 1;
    %store/vec4 v0x11c617220_0, 0, 1;
    %pushi/vec4 1, 0, 1;
    %store/vec4 v0x11c6172d0_0, 0, 1;
    %delay 10000, 0;
    %pushi/vec4 1, 0, 1;
    %store/vec4 v0x11c617220_0, 0, 1;
    %pushi/vec4 1, 0, 1;
    %store/vec4 v0x11c6172d0_0, 0, 1;
    %delay 10000, 0;
    %pushi/vec4 0, 0, 1;
    %store/vec4 v0x11c617220_0, 0, 1;
    %pushi/vec4 0, 0, 1;
    %store/vec4 v0x11c6172d0_0, 0, 1;
    %delay 10000, 0;
    %vpi_call 2 32 "$finish" {0 0 0};
    %end;
    .thread T_3;
# The file index is used to find the file name in the following table.
:file_names 4;
    "N/A";
    "<interactive>";
    "jk_flip_flop_tb.v";
    "jk_flip_flop.v";
