#! /opt/homebrew/Cellar/icarus-verilog/12.0/bin/vvp
:ivl_version "12.0 (stable)";
:ivl_delay_selection "TYPICAL";
:vpi_time_precision - 12;
:vpi_module "/opt/homebrew/Cellar/icarus-verilog/12.0/lib/ivl/system.vpi";
:vpi_module "/opt/homebrew/Cellar/icarus-verilog/12.0/lib/ivl/vhdl_sys.vpi";
:vpi_module "/opt/homebrew/Cellar/icarus-verilog/12.0/lib/ivl/vhdl_textio.vpi";
:vpi_module "/opt/homebrew/Cellar/icarus-verilog/12.0/lib/ivl/v2005_math.vpi";
:vpi_module "/opt/homebrew/Cellar/icarus-verilog/12.0/lib/ivl/va_math.vpi";
S_0x14de090a0 .scope module, "sr_flip_flop_tb" "sr_flip_flop_tb" 2 4;
 .timescale -9 -12;
v0x14de1eb80_0 .var "clk", 0 0;
v0x14de1ec20_0 .net "q", 0 0, v0x14de1e930_0;  1 drivers
v0x14de1ecd0_0 .var "r", 0 0;
v0x14de1eda0_0 .var "s", 0 0;
S_0x14de074d0 .scope module, "uut" "sr_flip_flop" 2 9, 3 2 0, S_0x14de090a0;
 .timescale 0 0;
    .port_info 0 /INPUT 1 "clk";
    .port_info 1 /INPUT 1 "s";
    .port_info 2 /INPUT 1 "r";
    .port_info 3 /OUTPUT 1 "q";
v0x14de09210_0 .net "clk", 0 0, v0x14de1eb80_0;  1 drivers
v0x14de1e930_0 .var "q", 0 0;
v0x14de1e9d0_0 .net "r", 0 0, v0x14de1ecd0_0;  1 drivers
v0x14de1ea80_0 .net "s", 0 0, v0x14de1eda0_0;  1 drivers
E_0x14de09620 .event posedge, v0x14de09210_0;
    .scope S_0x14de074d0;
T_0 ;
    %pushi/vec4 0, 0, 1;
    %store/vec4 v0x14de1e930_0, 0, 1;
    %end;
    .thread T_0;
    .scope S_0x14de074d0;
T_1 ;
    %wait E_0x14de09620;
    %load/vec4 v0x14de1ea80_0;
    %load/vec4 v0x14de1e9d0_0;
    %concat/vec4; draw_concat_vec4
    %dup/vec4;
    %pushi/vec4 0, 0, 2;
    %cmp/u;
    %jmp/1 T_1.0, 6;
    %dup/vec4;
    %pushi/vec4 1, 0, 2;
    %cmp/u;
    %jmp/1 T_1.1, 6;
    %dup/vec4;
    %pushi/vec4 2, 0, 2;
    %cmp/u;
    %jmp/1 T_1.2, 6;
    %dup/vec4;
    %pushi/vec4 3, 0, 2;
    %cmp/u;
    %jmp/1 T_1.3, 6;
    %jmp T_1.4;
T_1.0 ;
    %load/vec4 v0x14de1e930_0;
    %assign/vec4 v0x14de1e930_0, 0;
    %jmp T_1.4;
T_1.1 ;
    %pushi/vec4 0, 0, 1;
    %assign/vec4 v0x14de1e930_0, 0;
    %jmp T_1.4;
T_1.2 ;
    %pushi/vec4 1, 0, 1;
    %assign/vec4 v0x14de1e930_0, 0;
    %jmp T_1.4;
T_1.3 ;
    %pushi/vec4 1, 1, 1;
    %assign/vec4 v0x14de1e930_0, 0;
    %jmp T_1.4;
T_1.4 ;
    %pop/vec4 1;
    %jmp T_1;
    .thread T_1;
    .scope S_0x14de090a0;
T_2 ;
    %delay 5000, 0;
    %load/vec4 v0x14de1eb80_0;
    %inv;
    %store/vec4 v0x14de1eb80_0, 0, 1;
    %jmp T_2;
    .thread T_2;
    .scope S_0x14de090a0;
T_3 ;
    %vpi_call 2 19 "$dumpfile", "sr_flip_flop.vcd" {0 0 0};
    %vpi_call 2 20 "$dumpvars", 32'sb00000000000000000000000000000000, S_0x14de090a0 {0 0 0};
    %pushi/vec4 0, 0, 1;
    %store/vec4 v0x14de1eb80_0, 0, 1;
    %pushi/vec4 0, 0, 1;
    %store/vec4 v0x14de1eda0_0, 0, 1;
    %pushi/vec4 0, 0, 1;
    %store/vec4 v0x14de1ecd0_0, 0, 1;
    %delay 10000, 0;
    %pushi/vec4 0, 0, 1;
    %store/vec4 v0x14de1eda0_0, 0, 1;
    %pushi/vec4 0, 0, 1;
    %store/vec4 v0x14de1ecd0_0, 0, 1;
    %delay 10000, 0;
    %pushi/vec4 1, 0, 1;
    %store/vec4 v0x14de1eda0_0, 0, 1;
    %pushi/vec4 0, 0, 1;
    %store/vec4 v0x14de1ecd0_0, 0, 1;
    %delay 10000, 0;
    %pushi/vec4 0, 0, 1;
    %store/vec4 v0x14de1eda0_0, 0, 1;
    %pushi/vec4 1, 0, 1;
    %store/vec4 v0x14de1ecd0_0, 0, 1;
    %delay 10000, 0;
    %pushi/vec4 1, 0, 1;
    %store/vec4 v0x14de1eda0_0, 0, 1;
    %pushi/vec4 1, 0, 1;
    %store/vec4 v0x14de1ecd0_0, 0, 1;
    %delay 10000, 0;
    %pushi/vec4 0, 0, 1;
    %store/vec4 v0x14de1eda0_0, 0, 1;
    %pushi/vec4 0, 0, 1;
    %store/vec4 v0x14de1ecd0_0, 0, 1;
    %delay 10000, 0;
    %vpi_call 2 30 "$finish" {0 0 0};
    %end;
    .thread T_3;
# The file index is used to find the file name in the following table.
:file_names 4;
    "N/A";
    "<interactive>";
    "sr_flip_flop_tb.v";
    "sr_flip_flop.v";
