#! /opt/homebrew/Cellar/icarus-verilog/12.0/bin/vvp
:ivl_version "12.0 (stable)";
:ivl_delay_selection "TYPICAL";
:vpi_time_precision - 12;
:vpi_module "/opt/homebrew/Cellar/icarus-verilog/12.0/lib/ivl/system.vpi";
:vpi_module "/opt/homebrew/Cellar/icarus-verilog/12.0/lib/ivl/vhdl_sys.vpi";
:vpi_module "/opt/homebrew/Cellar/icarus-verilog/12.0/lib/ivl/vhdl_textio.vpi";
:vpi_module "/opt/homebrew/Cellar/icarus-verilog/12.0/lib/ivl/v2005_math.vpi";
:vpi_module "/opt/homebrew/Cellar/icarus-verilog/12.0/lib/ivl/va_math.vpi";
S_0x145608440 .scope module, "sign_extender_tb" "sign_extender_tb" 2 3;
 .timescale -9 -12;
v0x14561c7a0_0 .var/i "i", 31 0;
v0x14561c850_0 .var "in", 3 0;
v0x14561c910_0 .net "out", 7 0, L_0x14561cc70;  1 drivers
S_0x1456074d0 .scope module, "uut" "sign_extender" 2 8, 3 2 0, S_0x145608440;
 .timescale 0 0;
    .port_info 0 /INPUT 4 "in";
    .port_info 1 /OUTPUT 8 "out";
v0x1456085b0_0 .net *"_ivl_1", 0 0, L_0x14561c9e0;  1 drivers
v0x14561c570_0 .net *"_ivl_2", 3 0, L_0x14561cae0;  1 drivers
v0x14561c610_0 .net "in", 3 0, v0x14561c850_0;  1 drivers
v0x14561c6c0_0 .net "out", 7 0, L_0x14561cc70;  alias, 1 drivers
L_0x14561c9e0 .part v0x14561c850_0, 3, 1;
L_0x14561cae0 .concat [ 1 1 1 1], L_0x14561c9e0, L_0x14561c9e0, L_0x14561c9e0, L_0x14561c9e0;
L_0x14561cc70 .concat [ 4 4 0 0], v0x14561c850_0, L_0x14561cae0;
    .scope S_0x145608440;
T_0 ;
    %vpi_call 2 16 "$dumpfile", "sign_extender.vcd" {0 0 0};
    %vpi_call 2 17 "$dumpvars", 32'sb00000000000000000000000000000000, S_0x145608440 {0 0 0};
    %pushi/vec4 0, 0, 32;
    %store/vec4 v0x14561c7a0_0, 0, 32;
T_0.0 ;
    %load/vec4 v0x14561c7a0_0;
    %cmpi/s 16, 0, 32;
    %jmp/0xz T_0.1, 5;
    %load/vec4 v0x14561c7a0_0;
    %parti/s 4, 0, 2;
    %store/vec4 v0x14561c850_0, 0, 4;
    %delay 10000, 0;
    %load/vec4 v0x14561c7a0_0;
    %addi 1, 0, 32;
    %store/vec4 v0x14561c7a0_0, 0, 32;
    %jmp T_0.0;
T_0.1 ;
    %vpi_call 2 25 "$finish" {0 0 0};
    %end;
    .thread T_0;
# The file index is used to find the file name in the following table.
:file_names 4;
    "N/A";
    "<interactive>";
    "sign_extender_tb.v";
    "sign_extender.v";
