#! /opt/homebrew/Cellar/icarus-verilog/12.0/bin/vvp
:ivl_version "12.0 (stable)";
:ivl_delay_selection "TYPICAL";
:vpi_time_precision - 12;
:vpi_module "/opt/homebrew/Cellar/icarus-verilog/12.0/lib/ivl/system.vpi";
:vpi_module "/opt/homebrew/Cellar/icarus-verilog/12.0/lib/ivl/vhdl_sys.vpi";
:vpi_module "/opt/homebrew/Cellar/icarus-verilog/12.0/lib/ivl/vhdl_textio.vpi";
:vpi_module "/opt/homebrew/Cellar/icarus-verilog/12.0/lib/ivl/v2005_math.vpi";
:vpi_module "/opt/homebrew/Cellar/icarus-verilog/12.0/lib/ivl/va_math.vpi";
S_0x14e705e50 .scope module, "pulse_generator_tb" "pulse_generator_tb" 2 3;
 .timescale -9 -12;
v0x14e7198d0_0 .var "clk", 0 0;
v0x14e719970_0 .net "pulse", 0 0, v0x14e7195c0_0;  1 drivers
v0x14e719a20_0 .var "rst", 0 0;
v0x14e719af0_0 .var "trigger", 0 0;
S_0x14e704080 .scope module, "uut" "pulse_generator" 2 8, 3 2 0, S_0x14e705e50;
 .timescale 0 0;
    .port_info 0 /INPUT 1 "clk";
    .port_info 1 /INPUT 1 "rst";
    .port_info 2 /INPUT 1 "trigger";
    .port_info 3 /OUTPUT 1 "pulse";
v0x14e705fc0_0 .net "clk", 0 0, v0x14e7198d0_0;  1 drivers
v0x14e7195c0_0 .var "pulse", 0 0;
v0x14e719660_0 .net "rst", 0 0, v0x14e719a20_0;  1 drivers
v0x14e719710_0 .net "trigger", 0 0, v0x14e719af0_0;  1 drivers
v0x14e7197b0_0 .var "trigger_d", 0 0;
E_0x14e7062f0 .event posedge, v0x14e719660_0, v0x14e705fc0_0;
    .scope S_0x14e704080;
T_0 ;
    %wait E_0x14e7062f0;
    %load/vec4 v0x14e719660_0;
    %flag_set/vec4 8;
    %jmp/0xz  T_0.0, 8;
    %pushi/vec4 0, 0, 1;
    %assign/vec4 v0x14e7197b0_0, 0;
    %pushi/vec4 0, 0, 1;
    %assign/vec4 v0x14e7195c0_0, 0;
    %jmp T_0.1;
T_0.0 ;
    %load/vec4 v0x14e719710_0;
    %assign/vec4 v0x14e7197b0_0, 0;
    %load/vec4 v0x14e719710_0;
    %load/vec4 v0x14e7197b0_0;
    %inv;
    %and;
    %assign/vec4 v0x14e7195c0_0, 0;
T_0.1 ;
    %jmp T_0;
    .thread T_0;
    .scope S_0x14e705e50;
T_1 ;
    %delay 5000, 0;
    %load/vec4 v0x14e7198d0_0;
    %inv;
    %store/vec4 v0x14e7198d0_0, 0, 1;
    %jmp T_1;
    .thread T_1;
    .scope S_0x14e705e50;
T_2 ;
    %vpi_call 2 19 "$dumpfile", "pulse_generator.vcd" {0 0 0};
    %vpi_call 2 20 "$dumpvars", 32'sb00000000000000000000000000000000, S_0x14e705e50 {0 0 0};
    %pushi/vec4 0, 0, 1;
    %store/vec4 v0x14e7198d0_0, 0, 1;
    %pushi/vec4 1, 0, 1;
    %store/vec4 v0x14e719a20_0, 0, 1;
    %pushi/vec4 0, 0, 1;
    %store/vec4 v0x14e719af0_0, 0, 1;
    %delay 10000, 0;
    %pushi/vec4 0, 0, 1;
    %store/vec4 v0x14e719a20_0, 0, 1;
    %delay 10000, 0;
    %pushi/vec4 1, 0, 1;
    %store/vec4 v0x14e719af0_0, 0, 1;
    %delay 10000, 0;
    %pushi/vec4 1, 0, 1;
    %store/vec4 v0x14e719af0_0, 0, 1;
    %delay 10000, 0;
    %pushi/vec4 0, 0, 1;
    %store/vec4 v0x14e719af0_0, 0, 1;
    %delay 20000, 0;
    %pushi/vec4 1, 0, 1;
    %store/vec4 v0x14e719af0_0, 0, 1;
    %delay 10000, 0;
    %pushi/vec4 0, 0, 1;
    %store/vec4 v0x14e719af0_0, 0, 1;
    %delay 20000, 0;
    %pushi/vec4 1, 0, 1;
    %store/vec4 v0x14e719af0_0, 0, 1;
    %delay 10000, 0;
    %pushi/vec4 0, 0, 1;
    %store/vec4 v0x14e719af0_0, 0, 1;
    %delay 20000, 0;
    %vpi_call 2 30 "$finish" {0 0 0};
    %end;
    .thread T_2;
# The file index is used to find the file name in the following table.
:file_names 4;
    "N/A";
    "<interactive>";
    "pulse_generator_tb.v";
    "pulse_generator.v";
