#! /opt/homebrew/Cellar/icarus-verilog/12.0/bin/vvp
:ivl_version "12.0 (stable)";
:ivl_delay_selection "TYPICAL";
:vpi_time_precision - 12;
:vpi_module "/opt/homebrew/Cellar/icarus-verilog/12.0/lib/ivl/system.vpi";
:vpi_module "/opt/homebrew/Cellar/icarus-verilog/12.0/lib/ivl/vhdl_sys.vpi";
:vpi_module "/opt/homebrew/Cellar/icarus-verilog/12.0/lib/ivl/vhdl_textio.vpi";
:vpi_module "/opt/homebrew/Cellar/icarus-verilog/12.0/lib/ivl/v2005_math.vpi";
:vpi_module "/opt/homebrew/Cellar/icarus-verilog/12.0/lib/ivl/va_math.vpi";
S_0x155f06320 .scope module, "johnson_counter_tb" "johnson_counter_tb" 2 3;
 .timescale -9 -12;
v0x155f1a1e0_0 .var "clk", 0 0;
v0x155f1a280_0 .net "q", 3 0, v0x155f1a030_0;  1 drivers
v0x155f1a330_0 .var "rst", 0 0;
S_0x155f06490 .scope module, "uut" "johnson_counter" 2 8, 3 2 0, S_0x155f06320;
 .timescale 0 0;
    .port_info 0 /INPUT 1 "clk";
    .port_info 1 /INPUT 1 "rst";
    .port_info 2 /OUTPUT 4 "q";
v0x155f04c20_0 .net "clk", 0 0, v0x155f1a1e0_0;  1 drivers
v0x155f1a030_0 .var "q", 3 0;
v0x155f1a0e0_0 .net "rst", 0 0, v0x155f1a330_0;  1 drivers
E_0x155f06990 .event posedge, v0x155f1a0e0_0, v0x155f04c20_0;
    .scope S_0x155f06490;
T_0 ;
    %pushi/vec4 0, 0, 4;
    %store/vec4 v0x155f1a030_0, 0, 4;
    %end;
    .thread T_0;
    .scope S_0x155f06490;
T_1 ;
    %wait E_0x155f06990;
    %load/vec4 v0x155f1a0e0_0;
    %flag_set/vec4 8;
    %jmp/0xz  T_1.0, 8;
    %pushi/vec4 0, 0, 4;
    %assign/vec4 v0x155f1a030_0, 0;
    %jmp T_1.1;
T_1.0 ;
    %load/vec4 v0x155f1a030_0;
    %parti/s 1, 0, 2;
    %inv;
    %load/vec4 v0x155f1a030_0;
    %parti/s 3, 1, 2;
    %concat/vec4; draw_concat_vec4
    %assign/vec4 v0x155f1a030_0, 0;
T_1.1 ;
    %jmp T_1;
    .thread T_1;
    .scope S_0x155f06320;
T_2 ;
    %delay 5000, 0;
    %load/vec4 v0x155f1a1e0_0;
    %inv;
    %store/vec4 v0x155f1a1e0_0, 0, 1;
    %jmp T_2;
    .thread T_2;
    .scope S_0x155f06320;
T_3 ;
    %vpi_call 2 18 "$dumpfile", "johnson_counter.vcd" {0 0 0};
    %vpi_call 2 19 "$dumpvars", 32'sb00000000000000000000000000000000, S_0x155f06320 {0 0 0};
    %pushi/vec4 0, 0, 1;
    %store/vec4 v0x155f1a1e0_0, 0, 1;
    %pushi/vec4 1, 0, 1;
    %store/vec4 v0x155f1a330_0, 0, 1;
    %delay 10000, 0;
    %pushi/vec4 0, 0, 1;
    %store/vec4 v0x155f1a330_0, 0, 1;
    %delay 100000, 0;
    %vpi_call 2 26 "$finish" {0 0 0};
    %end;
    .thread T_3;
# The file index is used to find the file name in the following table.
:file_names 4;
    "N/A";
    "<interactive>";
    "johnson_counter_tb.v";
    "johnson_counter.v";
