#! /opt/homebrew/Cellar/icarus-verilog/12.0/bin/vvp
:ivl_version "12.0 (stable)";
:ivl_delay_selection "TYPICAL";
:vpi_time_precision - 12;
:vpi_module "/opt/homebrew/Cellar/icarus-verilog/12.0/lib/ivl/system.vpi";
:vpi_module "/opt/homebrew/Cellar/icarus-verilog/12.0/lib/ivl/vhdl_sys.vpi";
:vpi_module "/opt/homebrew/Cellar/icarus-verilog/12.0/lib/ivl/vhdl_textio.vpi";
:vpi_module "/opt/homebrew/Cellar/icarus-verilog/12.0/lib/ivl/v2005_math.vpi";
:vpi_module "/opt/homebrew/Cellar/icarus-verilog/12.0/lib/ivl/va_math.vpi";
S_0x15460aef0 .scope module, "register_file_tb" "register_file_tb" 2 3;
 .timescale -9 -12;
v0x154626070_0 .var "clk", 0 0;
v0x154626100_0 .var "en", 0 0;
v0x154626190_0 .var "raddr1", 2 0;
v0x154626220_0 .var "raddr2", 2 0;
v0x1546262b0_0 .net "rdata1", 7 0, L_0x1546268e0;  1 drivers
v0x154626380_0 .net "rdata2", 7 0, L_0x154626bd0;  1 drivers
v0x154626430_0 .var "rst", 0 0;
v0x1546264e0_0 .var "waddr", 2 0;
v0x154626590_0 .var "wdata", 7 0;
S_0x15460b060 .scope module, "uut" "register_file" 2 14, 3 2 0, S_0x15460aef0;
 .timescale 0 0;
    .port_info 0 /INPUT 1 "clk";
    .port_info 1 /INPUT 1 "rst";
    .port_info 2 /INPUT 1 "en";
    .port_info 3 /INPUT 3 "waddr";
    .port_info 4 /INPUT 8 "wdata";
    .port_info 5 /INPUT 3 "raddr1";
    .port_info 6 /INPUT 3 "raddr2";
    .port_info 7 /OUTPUT 8 "rdata1";
    .port_info 8 /OUTPUT 8 "rdata2";
L_0x1546268e0 .functor BUFZ 8, L_0x1546266c0, C4<00000000>, C4<00000000>, C4<00000000>;
L_0x154626bd0 .functor BUFZ 8, L_0x1546269d0, C4<00000000>, C4<00000000>, C4<00000000>;
v0x1546074d0_0 .net *"_ivl_0", 7 0, L_0x1546266c0;  1 drivers
v0x154625380_0 .net *"_ivl_10", 4 0, L_0x154626a70;  1 drivers
L_0x158078058 .functor BUFT 1, C4<00>, C4<0>, C4<0>, C4<0>;
v0x154625420_0 .net *"_ivl_13", 1 0, L_0x158078058;  1 drivers
v0x1546254d0_0 .net *"_ivl_2", 4 0, L_0x154626760;  1 drivers
L_0x158078010 .functor BUFT 1, C4<00>, C4<0>, C4<0>, C4<0>;
v0x154625580_0 .net *"_ivl_5", 1 0, L_0x158078010;  1 drivers
v0x154625670_0 .net *"_ivl_8", 7 0, L_0x1546269d0;  1 drivers
v0x154625720_0 .net "clk", 0 0, v0x154626070_0;  1 drivers
v0x1546257c0_0 .net "en", 0 0, v0x154626100_0;  1 drivers
v0x154625860_0 .var/i "i", 31 0;
v0x154625970_0 .net "raddr1", 2 0, v0x154626190_0;  1 drivers
v0x154625a20_0 .net "raddr2", 2 0, v0x154626220_0;  1 drivers
v0x154625ad0_0 .net "rdata1", 7 0, L_0x1546268e0;  alias, 1 drivers
v0x154625b80_0 .net "rdata2", 7 0, L_0x154626bd0;  alias, 1 drivers
v0x154625c30 .array "reg_array", 0 7, 7 0;
v0x154625cd0_0 .net "rst", 0 0, v0x154626430_0;  1 drivers
v0x154625d70_0 .net "waddr", 2 0, v0x1546264e0_0;  1 drivers
v0x154625e20_0 .net "wdata", 7 0, v0x154626590_0;  1 drivers
E_0x154613260 .event posedge, v0x154625cd0_0, v0x154625720_0;
L_0x1546266c0 .array/port v0x154625c30, L_0x154626760;
L_0x154626760 .concat [ 3 2 0 0], v0x154626190_0, L_0x158078010;
L_0x1546269d0 .array/port v0x154625c30, L_0x154626a70;
L_0x154626a70 .concat [ 3 2 0 0], v0x154626220_0, L_0x158078058;
    .scope S_0x15460b060;
T_0 ;
    %wait E_0x154613260;
    %load/vec4 v0x154625cd0_0;
    %flag_set/vec4 8;
    %jmp/0xz  T_0.0, 8;
    %pushi/vec4 0, 0, 32;
    %store/vec4 v0x154625860_0, 0, 32;
T_0.2 ;
    %load/vec4 v0x154625860_0;
    %cmpi/s 8, 0, 32;
    %jmp/0xz T_0.3, 5;
    %pushi/vec4 0, 0, 8;
    %ix/getv/s 3, v0x154625860_0;
    %ix/load 4, 0, 0; Constant delay
    %assign/vec4/a/d v0x154625c30, 0, 4;
    %load/vec4 v0x154625860_0;
    %addi 1, 0, 32;
    %store/vec4 v0x154625860_0, 0, 32;
    %jmp T_0.2;
T_0.3 ;
    %jmp T_0.1;
T_0.0 ;
    %load/vec4 v0x1546257c0_0;
    %flag_set/vec4 8;
    %jmp/0xz  T_0.4, 8;
    %load/vec4 v0x154625e20_0;
    %load/vec4 v0x154625d70_0;
    %pad/u 5;
    %ix/vec4 3;
    %ix/load 4, 0, 0; Constant delay
    %assign/vec4/a/d v0x154625c30, 0, 4;
T_0.4 ;
T_0.1 ;
    %jmp T_0;
    .thread T_0;
    .scope S_0x15460aef0;
T_1 ;
    %delay 5000, 0;
    %load/vec4 v0x154626070_0;
    %inv;
    %store/vec4 v0x154626070_0, 0, 1;
    %jmp T_1;
    .thread T_1;
    .scope S_0x15460aef0;
T_2 ;
    %vpi_call 2 30 "$dumpfile", "register_file.vcd" {0 0 0};
    %vpi_call 2 31 "$dumpvars", 32'sb00000000000000000000000000000000, S_0x15460aef0 {0 0 0};
    %pushi/vec4 0, 0, 1;
    %store/vec4 v0x154626070_0, 0, 1;
    %pushi/vec4 1, 0, 1;
    %store/vec4 v0x154626430_0, 0, 1;
    %pushi/vec4 0, 0, 1;
    %store/vec4 v0x154626100_0, 0, 1;
    %pushi/vec4 0, 0, 3;
    %store/vec4 v0x1546264e0_0, 0, 3;
    %pushi/vec4 0, 0, 8;
    %store/vec4 v0x154626590_0, 0, 8;
    %pushi/vec4 0, 0, 3;
    %store/vec4 v0x154626190_0, 0, 3;
    %pushi/vec4 0, 0, 3;
    %store/vec4 v0x154626220_0, 0, 3;
    %delay 10000, 0;
    %pushi/vec4 0, 0, 1;
    %store/vec4 v0x154626430_0, 0, 1;
    %pushi/vec4 1, 0, 1;
    %store/vec4 v0x154626100_0, 0, 1;
    %pushi/vec4 3, 0, 3;
    %store/vec4 v0x1546264e0_0, 0, 3;
    %pushi/vec4 170, 0, 8;
    %store/vec4 v0x154626590_0, 0, 8;
    %delay 10000, 0;
    %pushi/vec4 5, 0, 3;
    %store/vec4 v0x1546264e0_0, 0, 3;
    %pushi/vec4 85, 0, 8;
    %store/vec4 v0x154626590_0, 0, 8;
    %delay 10000, 0;
    %pushi/vec4 7, 0, 3;
    %store/vec4 v0x1546264e0_0, 0, 3;
    %pushi/vec4 255, 0, 8;
    %store/vec4 v0x154626590_0, 0, 8;
    %delay 10000, 0;
    %pushi/vec4 0, 0, 1;
    %store/vec4 v0x154626100_0, 0, 1;
    %pushi/vec4 3, 0, 3;
    %store/vec4 v0x154626190_0, 0, 3;
    %pushi/vec4 5, 0, 3;
    %store/vec4 v0x154626220_0, 0, 3;
    %delay 10000, 0;
    %pushi/vec4 7, 0, 3;
    %store/vec4 v0x154626190_0, 0, 3;
    %pushi/vec4 2, 0, 3;
    %store/vec4 v0x154626220_0, 0, 3;
    %delay 10000, 0;
    %vpi_call 2 56 "$finish" {0 0 0};
    %end;
    .thread T_2;
# The file index is used to find the file name in the following table.
:file_names 4;
    "N/A";
    "<interactive>";
    "register_file_tb.v";
    "register_file.v";
