#! /opt/homebrew/Cellar/icarus-verilog/12.0/bin/vvp
:ivl_version "12.0 (stable)";
:ivl_delay_selection "TYPICAL";
:vpi_time_precision - 12;
:vpi_module "/opt/homebrew/Cellar/icarus-verilog/12.0/lib/ivl/system.vpi";
:vpi_module "/opt/homebrew/Cellar/icarus-verilog/12.0/lib/ivl/vhdl_sys.vpi";
:vpi_module "/opt/homebrew/Cellar/icarus-verilog/12.0/lib/ivl/vhdl_textio.vpi";
:vpi_module "/opt/homebrew/Cellar/icarus-verilog/12.0/lib/ivl/v2005_math.vpi";
:vpi_module "/opt/homebrew/Cellar/icarus-verilog/12.0/lib/ivl/va_math.vpi";
S_0x12c707220 .scope module, "seq_detector_1011_tb" "seq_detector_1011_tb" 2 3;
 .timescale -9 -12;
v0x12c717d60_0 .var "clk", 0 0;
v0x12c717e00_0 .net "detected", 0 0, v0x12c717990_0;  1 drivers
v0x12c717eb0_0 .var "in", 0 0;
v0x12c717f80_0 .var "rst", 0 0;
S_0x12c707390 .scope module, "uut" "seq_detector_1011" 2 8, 3 2 0, S_0x12c707220;
 .timescale 0 0;
    .port_info 0 /INPUT 1 "clk";
    .port_info 1 /INPUT 1 "rst";
    .port_info 2 /INPUT 1 "in";
    .port_info 3 /OUTPUT 1 "detected";
P_0x12c707550 .param/l "S0" 0 3 10, C4<000>;
P_0x12c707590 .param/l "S1" 0 3 11, C4<001>;
P_0x12c7075d0 .param/l "S2" 0 3 12, C4<010>;
P_0x12c707610 .param/l "S3" 0 3 13, C4<011>;
P_0x12c707650 .param/l "S4" 0 3 14, C4<100>;
v0x12c7078e0_0 .net "clk", 0 0, v0x12c717d60_0;  1 drivers
v0x12c717990_0 .var "detected", 0 0;
v0x12c717a30_0 .net "in", 0 0, v0x12c717eb0_0;  1 drivers
v0x12c717ae0_0 .var "next_state", 2 0;
v0x12c717b90_0 .net "rst", 0 0, v0x12c717f80_0;  1 drivers
v0x12c717c70_0 .var "state", 2 0;
E_0x12c7077f0 .event anyedge, v0x12c717c70_0;
E_0x12c707830 .event anyedge, v0x12c717c70_0, v0x12c717a30_0;
E_0x12c707880 .event posedge, v0x12c717b90_0, v0x12c7078e0_0;
    .scope S_0x12c707390;
T_0 ;
    %wait E_0x12c707880;
    %load/vec4 v0x12c717b90_0;
    %flag_set/vec4 8;
    %jmp/0xz  T_0.0, 8;
    %pushi/vec4 0, 0, 3;
    %assign/vec4 v0x12c717c70_0, 0;
    %jmp T_0.1;
T_0.0 ;
    %load/vec4 v0x12c717ae0_0;
    %assign/vec4 v0x12c717c70_0, 0;
T_0.1 ;
    %jmp T_0;
    .thread T_0;
    .scope S_0x12c707390;
T_1 ;
    %wait E_0x12c707830;
    %load/vec4 v0x12c717c70_0;
    %dup/vec4;
    %pushi/vec4 0, 0, 3;
    %cmp/u;
    %jmp/1 T_1.0, 6;
    %dup/vec4;
    %pushi/vec4 1, 0, 3;
    %cmp/u;
    %jmp/1 T_1.1, 6;
    %dup/vec4;
    %pushi/vec4 2, 0, 3;
    %cmp/u;
    %jmp/1 T_1.2, 6;
    %dup/vec4;
    %pushi/vec4 3, 0, 3;
    %cmp/u;
    %jmp/1 T_1.3, 6;
    %dup/vec4;
    %pushi/vec4 4, 0, 3;
    %cmp/u;
    %jmp/1 T_1.4, 6;
    %pushi/vec4 0, 0, 3;
    %store/vec4 v0x12c717ae0_0, 0, 3;
    %jmp T_1.6;
T_1.0 ;
    %load/vec4 v0x12c717a30_0;
    %pad/u 32;
    %cmpi/e 1, 0, 32;
    %flag_mov 8, 4;
    %jmp/0 T_1.7, 8;
    %pushi/vec4 1, 0, 3;
    %jmp/1 T_1.8, 8;
T_1.7 ; End of true expr.
    %pushi/vec4 0, 0, 3;
    %jmp/0 T_1.8, 8;
 ; End of false expr.
    %blend;
T_1.8;
    %store/vec4 v0x12c717ae0_0, 0, 3;
    %jmp T_1.6;
T_1.1 ;
    %load/vec4 v0x12c717a30_0;
    %pad/u 32;
    %cmpi/e 0, 0, 32;
    %flag_mov 8, 4;
    %jmp/0 T_1.9, 8;
    %pushi/vec4 2, 0, 3;
    %jmp/1 T_1.10, 8;
T_1.9 ; End of true expr.
    %pushi/vec4 1, 0, 3;
    %jmp/0 T_1.10, 8;
 ; End of false expr.
    %blend;
T_1.10;
    %store/vec4 v0x12c717ae0_0, 0, 3;
    %jmp T_1.6;
T_1.2 ;
    %load/vec4 v0x12c717a30_0;
    %pad/u 32;
    %cmpi/e 1, 0, 32;
    %flag_mov 8, 4;
    %jmp/0 T_1.11, 8;
    %pushi/vec4 3, 0, 3;
    %jmp/1 T_1.12, 8;
T_1.11 ; End of true expr.
    %pushi/vec4 0, 0, 3;
    %jmp/0 T_1.12, 8;
 ; End of false expr.
    %blend;
T_1.12;
    %store/vec4 v0x12c717ae0_0, 0, 3;
    %jmp T_1.6;
T_1.3 ;
    %load/vec4 v0x12c717a30_0;
    %pad/u 32;
    %cmpi/e 1, 0, 32;
    %flag_mov 8, 4;
    %jmp/0 T_1.13, 8;
    %pushi/vec4 4, 0, 3;
    %jmp/1 T_1.14, 8;
T_1.13 ; End of true expr.
    %pushi/vec4 2, 0, 3;
    %jmp/0 T_1.14, 8;
 ; End of false expr.
    %blend;
T_1.14;
    %store/vec4 v0x12c717ae0_0, 0, 3;
    %jmp T_1.6;
T_1.4 ;
    %load/vec4 v0x12c717a30_0;
    %pad/u 32;
    %cmpi/e 1, 0, 32;
    %flag_mov 8, 4;
    %jmp/0 T_1.15, 8;
    %pushi/vec4 1, 0, 3;
    %jmp/1 T_1.16, 8;
T_1.15 ; End of true expr.
    %pushi/vec4 2, 0, 3;
    %jmp/0 T_1.16, 8;
 ; End of false expr.
    %blend;
T_1.16;
    %store/vec4 v0x12c717ae0_0, 0, 3;
    %jmp T_1.6;
T_1.6 ;
    %pop/vec4 1;
    %jmp T_1;
    .thread T_1, $push;
    .scope S_0x12c707390;
T_2 ;
    %wait E_0x12c7077f0;
    %load/vec4 v0x12c717c70_0;
    %pushi/vec4 4, 0, 3;
    %cmp/e;
    %flag_get/vec4 4;
    %store/vec4 v0x12c717990_0, 0, 1;
    %jmp T_2;
    .thread T_2, $push;
    .scope S_0x12c707220;
T_3 ;
    %delay 5000, 0;
    %load/vec4 v0x12c717d60_0;
    %inv;
    %store/vec4 v0x12c717d60_0, 0, 1;
    %jmp T_3;
    .thread T_3;
    .scope S_0x12c707220;
T_4 ;
    %vpi_call 2 19 "$dumpfile", "seq_detector_1011.vcd" {0 0 0};
    %vpi_call 2 20 "$dumpvars", 32'sb00000000000000000000000000000000, S_0x12c707220 {0 0 0};
    %pushi/vec4 0, 0, 1;
    %store/vec4 v0x12c717d60_0, 0, 1;
    %pushi/vec4 1, 0, 1;
    %store/vec4 v0x12c717f80_0, 0, 1;
    %pushi/vec4 0, 0, 1;
    %store/vec4 v0x12c717eb0_0, 0, 1;
    %delay 10000, 0;
    %pushi/vec4 0, 0, 1;
    %store/vec4 v0x12c717f80_0, 0, 1;
    %pushi/vec4 1, 0, 1;
    %store/vec4 v0x12c717eb0_0, 0, 1;
    %delay 10000, 0;
    %pushi/vec4 0, 0, 1;
    %store/vec4 v0x12c717eb0_0, 0, 1;
    %delay 10000, 0;
    %pushi/vec4 1, 0, 1;
    %store/vec4 v0x12c717eb0_0, 0, 1;
    %delay 10000, 0;
    %pushi/vec4 1, 0, 1;
    %store/vec4 v0x12c717eb0_0, 0, 1;
    %delay 10000, 0;
    %pushi/vec4 1, 0, 1;
    %store/vec4 v0x12c717eb0_0, 0, 1;
    %delay 10000, 0;
    %pushi/vec4 0, 0, 1;
    %store/vec4 v0x12c717eb0_0, 0, 1;
    %delay 10000, 0;
    %pushi/vec4 1, 0, 1;
    %store/vec4 v0x12c717eb0_0, 0, 1;
    %delay 10000, 0;
    %pushi/vec4 1, 0, 1;
    %store/vec4 v0x12c717eb0_0, 0, 1;
    %delay 10000, 0;
    %delay 20000, 0;
    %vpi_call 2 38 "$finish" {0 0 0};
    %end;
    .thread T_4;
# The file index is used to find the file name in the following table.
:file_names 4;
    "N/A";
    "<interactive>";
    "seq_detector_1011_tb.v";
    "seq_detector_1011.v";
