#! /opt/homebrew/Cellar/icarus-verilog/12.0/bin/vvp
:ivl_version "12.0 (stable)";
:ivl_delay_selection "TYPICAL";
:vpi_time_precision - 12;
:vpi_module "/opt/homebrew/Cellar/icarus-verilog/12.0/lib/ivl/system.vpi";
:vpi_module "/opt/homebrew/Cellar/icarus-verilog/12.0/lib/ivl/vhdl_sys.vpi";
:vpi_module "/opt/homebrew/Cellar/icarus-verilog/12.0/lib/ivl/vhdl_textio.vpi";
:vpi_module "/opt/homebrew/Cellar/icarus-verilog/12.0/lib/ivl/v2005_math.vpi";
:vpi_module "/opt/homebrew/Cellar/icarus-verilog/12.0/lib/ivl/va_math.vpi";
S_0x12b608b60 .scope module, "full_adder_tb" "full_adder_tb" 2 4;
 .timescale -9 -12;
v0x12b6211a0_0 .var "a", 0 0;
v0x12b621230_0 .var "b", 0 0;
v0x12b6212c0_0 .var "cin", 0 0;
v0x12b621390_0 .net "cout", 0 0, L_0x12b621b40;  1 drivers
v0x12b621440_0 .net "sum", 0 0, L_0x12b621640;  1 drivers
S_0x12b608cd0 .scope module, "uut" "full_adder" 2 10, 3 2 0, S_0x12b608b60;
 .timescale 0 0;
    .port_info 0 /INPUT 1 "a";
    .port_info 1 /INPUT 1 "b";
    .port_info 2 /INPUT 1 "cin";
    .port_info 3 /OUTPUT 1 "sum";
    .port_info 4 /OUTPUT 1 "cout";
L_0x12b621510 .functor XOR 1, v0x12b6211a0_0, v0x12b621230_0, C4<0>, C4<0>;
L_0x12b621640 .functor XOR 1, L_0x12b621510, v0x12b6212c0_0, C4<0>, C4<0>;
L_0x12b621730 .functor AND 1, v0x12b6211a0_0, v0x12b621230_0, C4<1>, C4<1>;
L_0x12b6217a0 .functor AND 1, v0x12b621230_0, v0x12b6212c0_0, C4<1>, C4<1>;
L_0x12b6218b0 .functor OR 1, L_0x12b621730, L_0x12b6217a0, C4<0>, C4<0>;
L_0x12b6219d0 .functor AND 1, v0x12b6211a0_0, v0x12b6212c0_0, C4<1>, C4<1>;
L_0x12b621b40 .functor OR 1, L_0x12b6218b0, L_0x12b6219d0, C4<0>, C4<0>;
v0x12b60f0d0_0 .net *"_ivl_0", 0 0, L_0x12b621510;  1 drivers
v0x12b620ab0_0 .net *"_ivl_10", 0 0, L_0x12b6219d0;  1 drivers
v0x12b620b50_0 .net *"_ivl_4", 0 0, L_0x12b621730;  1 drivers
v0x12b620c00_0 .net *"_ivl_6", 0 0, L_0x12b6217a0;  1 drivers
v0x12b620cb0_0 .net *"_ivl_8", 0 0, L_0x12b6218b0;  1 drivers
v0x12b620da0_0 .net "a", 0 0, v0x12b6211a0_0;  1 drivers
v0x12b620e40_0 .net "b", 0 0, v0x12b621230_0;  1 drivers
v0x12b620ee0_0 .net "cin", 0 0, v0x12b6212c0_0;  1 drivers
v0x12b620f80_0 .net "cout", 0 0, L_0x12b621b40;  alias, 1 drivers
v0x12b621090_0 .net "sum", 0 0, L_0x12b621640;  alias, 1 drivers
    .scope S_0x12b608b60;
T_0 ;
    %vpi_call 2 19 "$dumpfile", "full_adder.vcd" {0 0 0};
    %vpi_call 2 20 "$dumpvars", 32'sb00000000000000000000000000000000, S_0x12b608b60 {0 0 0};
    %pushi/vec4 0, 0, 1;
    %store/vec4 v0x12b6211a0_0, 0, 1;
    %pushi/vec4 0, 0, 1;
    %store/vec4 v0x12b621230_0, 0, 1;
    %pushi/vec4 0, 0, 1;
    %store/vec4 v0x12b6212c0_0, 0, 1;
    %delay 10000, 0;
    %pushi/vec4 0, 0, 1;
    %store/vec4 v0x12b6211a0_0, 0, 1;
    %pushi/vec4 0, 0, 1;
    %store/vec4 v0x12b621230_0, 0, 1;
    %pushi/vec4 1, 0, 1;
    %store/vec4 v0x12b6212c0_0, 0, 1;
    %delay 10000, 0;
    %pushi/vec4 0, 0, 1;
    %store/vec4 v0x12b6211a0_0, 0, 1;
    %pushi/vec4 1, 0, 1;
    %store/vec4 v0x12b621230_0, 0, 1;
    %pushi/vec4 0, 0, 1;
    %store/vec4 v0x12b6212c0_0, 0, 1;
    %delay 10000, 0;
    %pushi/vec4 0, 0, 1;
    %store/vec4 v0x12b6211a0_0, 0, 1;
    %pushi/vec4 1, 0, 1;
    %store/vec4 v0x12b621230_0, 0, 1;
    %pushi/vec4 1, 0, 1;
    %store/vec4 v0x12b6212c0_0, 0, 1;
    %delay 10000, 0;
    %pushi/vec4 1, 0, 1;
    %store/vec4 v0x12b6211a0_0, 0, 1;
    %pushi/vec4 0, 0, 1;
    %store/vec4 v0x12b621230_0, 0, 1;
    %pushi/vec4 0, 0, 1;
    %store/vec4 v0x12b6212c0_0, 0, 1;
    %delay 10000, 0;
    %pushi/vec4 1, 0, 1;
    %store/vec4 v0x12b6211a0_0, 0, 1;
    %pushi/vec4 0, 0, 1;
    %store/vec4 v0x12b621230_0, 0, 1;
    %pushi/vec4 1, 0, 1;
    %store/vec4 v0x12b6212c0_0, 0, 1;
    %delay 10000, 0;
    %pushi/vec4 1, 0, 1;
    %store/vec4 v0x12b6211a0_0, 0, 1;
    %pushi/vec4 1, 0, 1;
    %store/vec4 v0x12b621230_0, 0, 1;
    %pushi/vec4 0, 0, 1;
    %store/vec4 v0x12b6212c0_0, 0, 1;
    %delay 10000, 0;
    %pushi/vec4 1, 0, 1;
    %store/vec4 v0x12b6211a0_0, 0, 1;
    %pushi/vec4 1, 0, 1;
    %store/vec4 v0x12b621230_0, 0, 1;
    %pushi/vec4 1, 0, 1;
    %store/vec4 v0x12b6212c0_0, 0, 1;
    %delay 10000, 0;
    %vpi_call 2 32 "$finish" {0 0 0};
    %end;
    .thread T_0;
# The file index is used to find the file name in the following table.
:file_names 4;
    "N/A";
    "<interactive>";
    "full_adder_tb.v";
    "full_adder.v";
