#! /opt/homebrew/Cellar/icarus-verilog/12.0/bin/vvp
:ivl_version "12.0 (stable)";
:ivl_delay_selection "TYPICAL";
:vpi_time_precision - 12;
:vpi_module "/opt/homebrew/Cellar/icarus-verilog/12.0/lib/ivl/system.vpi";
:vpi_module "/opt/homebrew/Cellar/icarus-verilog/12.0/lib/ivl/vhdl_sys.vpi";
:vpi_module "/opt/homebrew/Cellar/icarus-verilog/12.0/lib/ivl/vhdl_textio.vpi";
:vpi_module "/opt/homebrew/Cellar/icarus-verilog/12.0/lib/ivl/v2005_math.vpi";
:vpi_module "/opt/homebrew/Cellar/icarus-verilog/12.0/lib/ivl/va_math.vpi";
S_0x1436081c0 .scope module, "clock_gating_tb" "clock_gating_tb" 2 4;
 .timescale -9 -12;
v0x14361c060_0 .var "clk", 0 0;
v0x14361c100_0 .var "en", 0 0;
v0x14361c1b0_0 .net "gated_clk", 0 0, L_0x14361c280;  1 drivers
S_0x1436074d0 .scope module, "uut" "clock_gating" 2 11, 3 3 0, S_0x1436081c0;
 .timescale 0 0;
    .port_info 0 /INPUT 1 "clk";
    .port_info 1 /INPUT 1 "en";
    .port_info 2 /OUTPUT 1 "gated_clk";
L_0x14361c280 .functor AND 1, v0x14361c060_0, v0x14361c100_0, C4<1>, C4<1>;
v0x143608330_0 .net "clk", 0 0, v0x14361c060_0;  1 drivers
v0x14361bec0_0 .net "en", 0 0, v0x14361c100_0;  1 drivers
v0x14361bf60_0 .net "gated_clk", 0 0, L_0x14361c280;  alias, 1 drivers
    .scope S_0x1436081c0;
T_0 ;
    %vpi_call 2 18 "$dumpfile", "clock_gating.vcd" {0 0 0};
    %vpi_call 2 19 "$dumpvars", 32'sb00000000000000000000000000000000, S_0x1436081c0 {0 0 0};
    %pushi/vec4 0, 0, 1;
    %store/vec4 v0x14361c060_0, 0, 1;
    %pushi/vec4 0, 0, 1;
    %store/vec4 v0x14361c100_0, 0, 1;
    %delay 10000, 0;
    %pushi/vec4 1, 0, 1;
    %store/vec4 v0x14361c100_0, 0, 1;
    %delay 40000, 0;
    %pushi/vec4 0, 0, 1;
    %store/vec4 v0x14361c100_0, 0, 1;
    %delay 20000, 0;
    %pushi/vec4 1, 0, 1;
    %store/vec4 v0x14361c100_0, 0, 1;
    %delay 30000, 0;
    %pushi/vec4 0, 0, 1;
    %store/vec4 v0x14361c100_0, 0, 1;
    %delay 20000, 0;
    %vpi_call 2 29 "$finish" {0 0 0};
    %end;
    .thread T_0;
    .scope S_0x1436081c0;
T_1 ;
    %delay 5000, 0;
    %load/vec4 v0x14361c060_0;
    %inv;
    %store/vec4 v0x14361c060_0, 0, 1;
    %jmp T_1;
    .thread T_1;
# The file index is used to find the file name in the following table.
:file_names 4;
    "N/A";
    "<interactive>";
    "clock_gating_tb.v";
    "clock_gating.v";
