#! /opt/homebrew/Cellar/icarus-verilog/12.0/bin/vvp
:ivl_version "12.0 (stable)";
:ivl_delay_selection "TYPICAL";
:vpi_time_precision - 12;
:vpi_module "/opt/homebrew/Cellar/icarus-verilog/12.0/lib/ivl/system.vpi";
:vpi_module "/opt/homebrew/Cellar/icarus-verilog/12.0/lib/ivl/vhdl_sys.vpi";
:vpi_module "/opt/homebrew/Cellar/icarus-verilog/12.0/lib/ivl/vhdl_textio.vpi";
:vpi_module "/opt/homebrew/Cellar/icarus-verilog/12.0/lib/ivl/v2005_math.vpi";
:vpi_module "/opt/homebrew/Cellar/icarus-verilog/12.0/lib/ivl/va_math.vpi";
S_0x15210cca0 .scope module, "booth_multiplier_fsm_tb" "booth_multiplier_fsm_tb" 2 4;
 .timescale -9 -12;
v0x15212d550_0 .var/s "X", 3 0;
v0x15212d620_0 .var/s "Y", 3 0;
v0x15212d6b0_0 .net/s "Z", 7 0, v0x15212cb00_0;  1 drivers
v0x15212d760_0 .var "clk", 0 0;
v0x15212d810_0 .var "rst", 0 0;
v0x15212d8e0_0 .var "start", 0 0;
v0x15212d990_0 .net "valid", 0 0, v0x15212d440_0;  1 drivers
E_0x152105f40 .event anyedge, v0x15212d440_0;
S_0x152105630 .scope task, "start_pulse" "start_pulse" 2 77, 2 77 0, S_0x15210cca0;
 .timescale -9 -12;
E_0x15210d380 .event negedge, v0x15212cc70_0;
TD_booth_multiplier_fsm_tb.start_pulse ;
    %wait E_0x15210d380;
    %pushi/vec4 1, 0, 1;
    %store/vec4 v0x15212d8e0_0, 0, 1;
    %wait E_0x15210d380;
    %pushi/vec4 0, 0, 1;
    %store/vec4 v0x15212d8e0_0, 0, 1;
    %end;
S_0x1521057a0 .scope module, "uut" "booth_multiplier_fsm" 2 14, 3 1 0, S_0x15210cca0;
 .timescale 0 0;
    .port_info 0 /INPUT 1 "clk";
    .port_info 1 /INPUT 1 "rst";
    .port_info 2 /INPUT 1 "start";
    .port_info 3 /INPUT 4 "X";
    .port_info 4 /INPUT 4 "Y";
    .port_info 5 /OUTPUT 1 "valid";
    .port_info 6 /OUTPUT 8 "Z";
P_0x15210d920 .param/l "IDLE" 0 3 16, C4<0>;
P_0x15210d960 .param/l "START" 0 3 17, C4<1>;
v0x15210ce10_0 .net/s "X", 3 0, v0x15212d550_0;  1 drivers
v0x15212ca50_0 .net/s "Y", 3 0, v0x15212d620_0;  1 drivers
v0x15212cb00_0 .var/s "Z", 7 0;
v0x15212cbc0_0 .var/s "Z_temp", 7 0;
v0x15212cc70_0 .net "clk", 0 0, v0x15212d760_0;  1 drivers
v0x15212cd50_0 .var "count", 1 0;
v0x15212ce00_0 .var/s "next_Z", 7 0;
v0x15212ceb0_0 .var "next_count", 1 0;
v0x15212cf60_0 .var "next_state", 0 0;
v0x15212d070_0 .var "next_temp", 1 0;
v0x15212d110_0 .var "next_valid", 0 0;
v0x15212d1b0_0 .var "pres_state", 0 0;
v0x15212d250_0 .net "rst", 0 0, v0x15212d810_0;  1 drivers
v0x15212d2f0_0 .net "start", 0 0, v0x15212d8e0_0;  1 drivers
v0x15212d390_0 .var "temp", 1 0;
v0x15212d440_0 .var "valid", 0 0;
E_0x152106160/0 .event anyedge, v0x15212d1b0_0, v0x15212d2f0_0, v0x15210ce10_0, v0x15212d390_0;
E_0x152106160/1 .event anyedge, v0x15212cb00_0, v0x15212ca50_0, v0x15212cd50_0, v0x15212cbc0_0;
E_0x152106160 .event/or E_0x152106160/0, E_0x152106160/1;
E_0x152106280/0 .event negedge, v0x15212d250_0;
E_0x152106280/1 .event posedge, v0x15212cc70_0;
E_0x152106280 .event/or E_0x152106280/0, E_0x152106280/1;
    .scope S_0x1521057a0;
T_1 ;
    %wait E_0x152106280;
    %load/vec4 v0x15212d250_0;
    %nor/r;
    %flag_set/vec4 8;
    %jmp/0xz  T_1.0, 8;
    %pushi/vec4 0, 0, 8;
    %assign/vec4 v0x15212cb00_0, 0;
    %pushi/vec4 0, 0, 1;
    %assign/vec4 v0x15212d440_0, 0;
    %pushi/vec4 0, 0, 1;
    %assign/vec4 v0x15212d1b0_0, 0;
    %pushi/vec4 0, 0, 2;
    %assign/vec4 v0x15212d390_0, 0;
    %pushi/vec4 0, 0, 2;
    %assign/vec4 v0x15212cd50_0, 0;
    %jmp T_1.1;
T_1.0 ;
    %load/vec4 v0x15212ce00_0;
    %assign/vec4 v0x15212cb00_0, 0;
    %load/vec4 v0x15212d110_0;
    %assign/vec4 v0x15212d440_0, 0;
    %load/vec4 v0x15212cf60_0;
    %assign/vec4 v0x15212d1b0_0, 0;
    %load/vec4 v0x15212d070_0;
    %assign/vec4 v0x15212d390_0, 0;
    %load/vec4 v0x15212ceb0_0;
    %assign/vec4 v0x15212cd50_0, 0;
T_1.1 ;
    %jmp T_1;
    .thread T_1;
    .scope S_0x1521057a0;
T_2 ;
    %wait E_0x152106160;
    %load/vec4 v0x15212d1b0_0;
    %dup/vec4;
    %pushi/vec4 0, 0, 1;
    %cmp/u;
    %jmp/1 T_2.0, 6;
    %dup/vec4;
    %pushi/vec4 1, 0, 1;
    %cmp/u;
    %jmp/1 T_2.1, 6;
    %jmp T_2.2;
T_2.0 ;
    %pushi/vec4 0, 0, 2;
    %store/vec4 v0x15212ceb0_0, 0, 2;
    %pushi/vec4 0, 0, 1;
    %store/vec4 v0x15212d110_0, 0, 1;
    %load/vec4 v0x15212d2f0_0;
    %flag_set/vec4 8;
    %jmp/0xz  T_2.3, 8;
    %pushi/vec4 1, 0, 1;
    %store/vec4 v0x15212cf60_0, 0, 1;
    %load/vec4 v0x15210ce10_0;
    %parti/s 1, 0, 2;
    %concati/vec4 0, 0, 1;
    %store/vec4 v0x15212d070_0, 0, 2;
    %pushi/vec4 0, 0, 4;
    %load/vec4 v0x15210ce10_0;
    %concat/vec4; draw_concat_vec4
    %store/vec4 v0x15212ce00_0, 0, 8;
    %jmp T_2.4;
T_2.3 ;
    %load/vec4 v0x15212d1b0_0;
    %store/vec4 v0x15212cf60_0, 0, 1;
    %pushi/vec4 0, 0, 2;
    %store/vec4 v0x15212d070_0, 0, 2;
    %pushi/vec4 0, 0, 8;
    %store/vec4 v0x15212ce00_0, 0, 8;
T_2.4 ;
    %jmp T_2.2;
T_2.1 ;
    %load/vec4 v0x15212d390_0;
    %dup/vec4;
    %pushi/vec4 2, 0, 2;
    %cmp/u;
    %jmp/1 T_2.5, 6;
    %dup/vec4;
    %pushi/vec4 1, 0, 2;
    %cmp/u;
    %jmp/1 T_2.6, 6;
    %load/vec4 v0x15212cb00_0;
    %parti/s 4, 4, 4;
    %load/vec4 v0x15212cb00_0;
    %parti/s 4, 0, 2;
    %concat/vec4; draw_concat_vec4
    %store/vec4 v0x15212cbc0_0, 0, 8;
    %jmp T_2.8;
T_2.5 ;
    %load/vec4 v0x15212cb00_0;
    %parti/s 4, 4, 4;
    %load/vec4 v0x15212ca50_0;
    %sub;
    %load/vec4 v0x15212cb00_0;
    %parti/s 4, 0, 2;
    %concat/vec4; draw_concat_vec4
    %store/vec4 v0x15212cbc0_0, 0, 8;
    %jmp T_2.8;
T_2.6 ;
    %load/vec4 v0x15212cb00_0;
    %parti/s 4, 4, 4;
    %load/vec4 v0x15212ca50_0;
    %add;
    %load/vec4 v0x15212cb00_0;
    %parti/s 4, 0, 2;
    %concat/vec4; draw_concat_vec4
    %store/vec4 v0x15212cbc0_0, 0, 8;
    %jmp T_2.8;
T_2.8 ;
    %pop/vec4 1;
    %load/vec4 v0x15210ce10_0;
    %load/vec4 v0x15212cd50_0;
    %pad/u 32;
    %addi 1, 0, 32;
    %part/u 1;
    %load/vec4 v0x15210ce10_0;
    %load/vec4 v0x15212cd50_0;
    %part/u 1;
    %concat/vec4; draw_concat_vec4
    %store/vec4 v0x15212d070_0, 0, 2;
    %load/vec4 v0x15212cd50_0;
    %addi 1, 0, 2;
    %store/vec4 v0x15212ceb0_0, 0, 2;
    %load/vec4 v0x15212cbc0_0;
    %ix/load 4, 1, 0;
    %flag_set/imm 4, 0;
    %shiftr/s 4;
    %store/vec4 v0x15212ce00_0, 0, 8;
    %load/vec4 v0x15212cd50_0;
    %and/r;
    %flag_set/vec4 8;
    %jmp/0 T_2.9, 8;
    %pushi/vec4 1, 0, 1;
    %jmp/1 T_2.10, 8;
T_2.9 ; End of true expr.
    %pushi/vec4 0, 0, 1;
    %jmp/0 T_2.10, 8;
 ; End of false expr.
    %blend;
T_2.10;
    %store/vec4 v0x15212d110_0, 0, 1;
    %load/vec4 v0x15212cd50_0;
    %and/r;
    %flag_set/vec4 8;
    %jmp/0 T_2.11, 8;
    %pushi/vec4 0, 0, 1;
    %jmp/1 T_2.12, 8;
T_2.11 ; End of true expr.
    %load/vec4 v0x15212d1b0_0;
    %jmp/0 T_2.12, 8;
 ; End of false expr.
    %blend;
T_2.12;
    %store/vec4 v0x15212cf60_0, 0, 1;
    %jmp T_2.2;
T_2.2 ;
    %pop/vec4 1;
    %jmp T_2;
    .thread T_2, $push;
    .scope S_0x15210cca0;
T_3 ;
    %pushi/vec4 0, 0, 1;
    %store/vec4 v0x15212d760_0, 0, 1;
    %end;
    .thread T_3;
    .scope S_0x15210cca0;
T_4 ;
    %delay 5000, 0;
    %load/vec4 v0x15212d760_0;
    %inv;
    %store/vec4 v0x15212d760_0, 0, 1;
    %jmp T_4;
    .thread T_4;
    .scope S_0x15210cca0;
T_5 ;
    %vpi_call 2 29 "$dumpfile", "booth_multiplier_fsm.vcd" {0 0 0};
    %vpi_call 2 30 "$dumpvars", 32'sb00000000000000000000000000000000, S_0x15210cca0 {0 0 0};
    %pushi/vec4 0, 0, 1;
    %store/vec4 v0x15212d810_0, 0, 1;
    %pushi/vec4 0, 0, 1;
    %store/vec4 v0x15212d8e0_0, 0, 1;
    %pushi/vec4 0, 0, 4;
    %store/vec4 v0x15212d550_0, 0, 4;
    %pushi/vec4 0, 0, 4;
    %store/vec4 v0x15212d620_0, 0, 4;
    %delay 15000, 0;
    %pushi/vec4 1, 0, 1;
    %store/vec4 v0x15212d810_0, 0, 1;
    %delay 10000, 0;
    %pushi/vec4 4, 0, 4;
    %store/vec4 v0x15212d550_0, 0, 4;
    %pushi/vec4 3, 0, 4;
    %store/vec4 v0x15212d620_0, 0, 4;
    %fork TD_booth_multiplier_fsm_tb.start_pulse, S_0x152105630;
    %join;
T_5.0 ;
    %load/vec4 v0x15212d990_0;
    %pad/u 32;
    %pushi/vec4 1, 0, 32;
    %cmp/e;
    %flag_get/vec4 4;
    %cmpi/ne 1, 0, 1;
    %jmp/0xz T_5.1, 6;
    %wait E_0x152105f40;
    %jmp T_5.0;
T_5.1 ;
    %delay 10000, 0;
    %load/vec4 v0x15212d550_0;
    %load/vec4 v0x15212d620_0;
    %mul;
    %vpi_call 2 43 "$display", "Test 1: %d * %d = %d (expected %d)", v0x15212d550_0, v0x15212d620_0, v0x15212d6b0_0, S<0,vec4,s4> {1 0 0};
    %pushi/vec4 11, 0, 4;
    %store/vec4 v0x15212d550_0, 0, 4;
    %pushi/vec4 2, 0, 4;
    %store/vec4 v0x15212d620_0, 0, 4;
    %fork TD_booth_multiplier_fsm_tb.start_pulse, S_0x152105630;
    %join;
T_5.2 ;
    %load/vec4 v0x15212d990_0;
    %pad/u 32;
    %pushi/vec4 1, 0, 32;
    %cmp/e;
    %flag_get/vec4 4;
    %cmpi/ne 1, 0, 1;
    %jmp/0xz T_5.3, 6;
    %wait E_0x152105f40;
    %jmp T_5.2;
T_5.3 ;
    %delay 10000, 0;
    %load/vec4 v0x15212d550_0;
    %load/vec4 v0x15212d620_0;
    %mul;
    %vpi_call 2 50 "$display", "Test 2: %d * %d = %d (expected %d)", v0x15212d550_0, v0x15212d620_0, v0x15212d6b0_0, S<0,vec4,s4> {1 0 0};
    %pushi/vec4 13, 0, 4;
    %store/vec4 v0x15212d550_0, 0, 4;
    %pushi/vec4 13, 0, 4;
    %store/vec4 v0x15212d620_0, 0, 4;
    %fork TD_booth_multiplier_fsm_tb.start_pulse, S_0x152105630;
    %join;
T_5.4 ;
    %load/vec4 v0x15212d990_0;
    %pad/u 32;
    %pushi/vec4 1, 0, 32;
    %cmp/e;
    %flag_get/vec4 4;
    %cmpi/ne 1, 0, 1;
    %jmp/0xz T_5.5, 6;
    %wait E_0x152105f40;
    %jmp T_5.4;
T_5.5 ;
    %delay 10000, 0;
    %load/vec4 v0x15212d550_0;
    %load/vec4 v0x15212d620_0;
    %mul;
    %vpi_call 2 57 "$display", "Test 3: %d * %d = %d (expected %d)", v0x15212d550_0, v0x15212d620_0, v0x15212d6b0_0, S<0,vec4,s4> {1 0 0};
    %pushi/vec4 7, 0, 4;
    %store/vec4 v0x15212d550_0, 0, 4;
    %pushi/vec4 12, 0, 4;
    %store/vec4 v0x15212d620_0, 0, 4;
    %fork TD_booth_multiplier_fsm_tb.start_pulse, S_0x152105630;
    %join;
T_5.6 ;
    %load/vec4 v0x15212d990_0;
    %pad/u 32;
    %pushi/vec4 1, 0, 32;
    %cmp/e;
    %flag_get/vec4 4;
    %cmpi/ne 1, 0, 1;
    %jmp/0xz T_5.7, 6;
    %wait E_0x152105f40;
    %jmp T_5.6;
T_5.7 ;
    %delay 10000, 0;
    %load/vec4 v0x15212d550_0;
    %load/vec4 v0x15212d620_0;
    %mul;
    %vpi_call 2 64 "$display", "Test 4: %d * %d = %d (expected %d)", v0x15212d550_0, v0x15212d620_0, v0x15212d6b0_0, S<0,vec4,s4> {1 0 0};
    %pushi/vec4 0, 0, 4;
    %store/vec4 v0x15212d550_0, 0, 4;
    %pushi/vec4 0, 0, 4;
    %store/vec4 v0x15212d620_0, 0, 4;
    %fork TD_booth_multiplier_fsm_tb.start_pulse, S_0x152105630;
    %join;
T_5.8 ;
    %load/vec4 v0x15212d990_0;
    %pad/u 32;
    %pushi/vec4 1, 0, 32;
    %cmp/e;
    %flag_get/vec4 4;
    %cmpi/ne 1, 0, 1;
    %jmp/0xz T_5.9, 6;
    %wait E_0x152105f40;
    %jmp T_5.8;
T_5.9 ;
    %delay 10000, 0;
    %load/vec4 v0x15212d550_0;
    %load/vec4 v0x15212d620_0;
    %mul;
    %vpi_call 2 71 "$display", "Test 5: %d * %d = %d (expected %d)", v0x15212d550_0, v0x15212d620_0, v0x15212d6b0_0, S<0,vec4,s4> {1 0 0};
    %vpi_call 2 73 "$finish" {0 0 0};
    %end;
    .thread T_5;
# The file index is used to find the file name in the following table.
:file_names 4;
    "N/A";
    "<interactive>";
    "booth_multiplier_fsm_tb.v";
    "booth_multiplier_fsm.v";
