#! /opt/homebrew/Cellar/icarus-verilog/12.0/bin/vvp
:ivl_version "12.0 (stable)";
:ivl_delay_selection "TYPICAL";
:vpi_time_precision - 12;
:vpi_module "/opt/homebrew/Cellar/icarus-verilog/12.0/lib/ivl/system.vpi";
:vpi_module "/opt/homebrew/Cellar/icarus-verilog/12.0/lib/ivl/vhdl_sys.vpi";
:vpi_module "/opt/homebrew/Cellar/icarus-verilog/12.0/lib/ivl/vhdl_textio.vpi";
:vpi_module "/opt/homebrew/Cellar/icarus-verilog/12.0/lib/ivl/v2005_math.vpi";
:vpi_module "/opt/homebrew/Cellar/icarus-verilog/12.0/lib/ivl/va_math.vpi";
S_0x11f6096e0 .scope module, "ram_8x4_tb" "ram_8x4_tb" 2 4;
 .timescale -9 -12;
v0x11f620220_0 .var "addr", 2 0;
v0x11f6202d0_0 .var "clk", 0 0;
v0x11f620360_0 .var "data_in", 3 0;
v0x11f620430_0 .net "data_out", 3 0, v0x11f61ff70_0;  1 drivers
v0x11f6204e0_0 .var "en", 0 0;
S_0x11f6074c0 .scope module, "uut" "ram_8x4" 2 13, 3 3 0, S_0x11f6096e0;
 .timescale 0 0;
    .port_info 0 /INPUT 1 "clk";
    .port_info 1 /INPUT 1 "en";
    .port_info 2 /INPUT 3 "addr";
    .port_info 3 /INPUT 4 "data_in";
    .port_info 4 /OUTPUT 4 "data_out";
v0x11f6098d0_0 .net "addr", 2 0, v0x11f620220_0;  1 drivers
v0x11f61fe30_0 .net "clk", 0 0, v0x11f6202d0_0;  1 drivers
v0x11f61fed0_0 .net "data_in", 3 0, v0x11f620360_0;  1 drivers
v0x11f61ff70_0 .var "data_out", 3 0;
v0x11f620020_0 .net "en", 0 0, v0x11f6204e0_0;  1 drivers
v0x11f620100 .array "memory", 0 7, 3 0;
E_0x11f6103e0 .event posedge, v0x11f61fe30_0;
    .scope S_0x11f6074c0;
T_0 ;
    %wait E_0x11f6103e0;
    %load/vec4 v0x11f620020_0;
    %flag_set/vec4 8;
    %jmp/0xz  T_0.0, 8;
    %load/vec4 v0x11f61fed0_0;
    %load/vec4 v0x11f6098d0_0;
    %pad/u 5;
    %ix/vec4 3;
    %ix/load 4, 0, 0; Constant delay
    %assign/vec4/a/d v0x11f620100, 0, 4;
    %jmp T_0.1;
T_0.0 ;
    %load/vec4 v0x11f6098d0_0;
    %pad/u 5;
    %ix/vec4 4;
    %load/vec4a v0x11f620100, 4;
    %assign/vec4 v0x11f61ff70_0, 0;
T_0.1 ;
    %jmp T_0;
    .thread T_0;
    .scope S_0x11f6096e0;
T_1 ;
    %delay 5000, 0;
    %load/vec4 v0x11f6202d0_0;
    %inv;
    %store/vec4 v0x11f6202d0_0, 0, 1;
    %jmp T_1;
    .thread T_1;
    .scope S_0x11f6096e0;
T_2 ;
    %vpi_call 2 25 "$dumpfile", "ram_8x4.vcd" {0 0 0};
    %vpi_call 2 26 "$dumpvars", 32'sb00000000000000000000000000000000, S_0x11f6096e0 {0 0 0};
    %pushi/vec4 0, 0, 1;
    %store/vec4 v0x11f6202d0_0, 0, 1;
    %pushi/vec4 1, 0, 1;
    %store/vec4 v0x11f6204e0_0, 0, 1;
    %pushi/vec4 0, 0, 3;
    %store/vec4 v0x11f620220_0, 0, 3;
    %pushi/vec4 1, 0, 4;
    %store/vec4 v0x11f620360_0, 0, 4;
    %delay 10000, 0;
    %pushi/vec4 1, 0, 3;
    %store/vec4 v0x11f620220_0, 0, 3;
    %pushi/vec4 2, 0, 4;
    %store/vec4 v0x11f620360_0, 0, 4;
    %delay 10000, 0;
    %pushi/vec4 2, 0, 3;
    %store/vec4 v0x11f620220_0, 0, 3;
    %pushi/vec4 3, 0, 4;
    %store/vec4 v0x11f620360_0, 0, 4;
    %delay 10000, 0;
    %pushi/vec4 3, 0, 3;
    %store/vec4 v0x11f620220_0, 0, 3;
    %pushi/vec4 4, 0, 4;
    %store/vec4 v0x11f620360_0, 0, 4;
    %delay 10000, 0;
    %pushi/vec4 0, 0, 1;
    %store/vec4 v0x11f6204e0_0, 0, 1;
    %pushi/vec4 0, 0, 3;
    %store/vec4 v0x11f620220_0, 0, 3;
    %delay 10000, 0;
    %pushi/vec4 1, 0, 3;
    %store/vec4 v0x11f620220_0, 0, 3;
    %delay 10000, 0;
    %pushi/vec4 2, 0, 3;
    %store/vec4 v0x11f620220_0, 0, 3;
    %delay 10000, 0;
    %pushi/vec4 3, 0, 3;
    %store/vec4 v0x11f620220_0, 0, 3;
    %delay 10000, 0;
    %vpi_call 2 44 "$finish" {0 0 0};
    %end;
    .thread T_2;
# The file index is used to find the file name in the following table.
:file_names 4;
    "N/A";
    "<interactive>";
    "ram_8x4_tb.v";
    "ram_8x4.v";
