#! /opt/homebrew/Cellar/icarus-verilog/12.0/bin/vvp
:ivl_version "12.0 (stable)";
:ivl_delay_selection "TYPICAL";
:vpi_time_precision - 12;
:vpi_module "/opt/homebrew/Cellar/icarus-verilog/12.0/lib/ivl/system.vpi";
:vpi_module "/opt/homebrew/Cellar/icarus-verilog/12.0/lib/ivl/vhdl_sys.vpi";
:vpi_module "/opt/homebrew/Cellar/icarus-verilog/12.0/lib/ivl/vhdl_textio.vpi";
:vpi_module "/opt/homebrew/Cellar/icarus-verilog/12.0/lib/ivl/v2005_math.vpi";
:vpi_module "/opt/homebrew/Cellar/icarus-verilog/12.0/lib/ivl/va_math.vpi";
S_0x12a704170 .scope module, "decoder2to4_tb" "decoder2to4_tb" 2 4;
 .timescale -9 -12;
v0x12a714b00_0 .var "en", 0 0;
v0x12a714ba0_0 .var "in", 1 0;
v0x12a714c50_0 .net "out", 3 0, L_0x12a714f90;  1 drivers
S_0x12a7042f0 .scope module, "uut" "decoder2to4" 2 11, 3 2 0, S_0x12a704170;
 .timescale 0 0;
    .port_info 0 /INPUT 2 "in";
    .port_info 1 /INPUT 1 "en";
    .port_info 2 /OUTPUT 4 "out";
L_0x120040010 .functor BUFT 1, C4<1>, C4<0>, C4<0>, C4<0>;
L_0x12a714d40 .functor XNOR 1, v0x12a714b00_0, L_0x120040010, C4<0>, C4<0>;
v0x12a704510_0 .net/2u *"_ivl_0", 0 0, L_0x120040010;  1 drivers
v0x12a7145d0_0 .net *"_ivl_2", 0 0, L_0x12a714d40;  1 drivers
L_0x120040058 .functor BUFT 1, C4<0001>, C4<0>, C4<0>, C4<0>;
v0x12a714670_0 .net/2u *"_ivl_4", 3 0, L_0x120040058;  1 drivers
v0x12a714730_0 .net *"_ivl_6", 3 0, L_0x12a714e70;  1 drivers
L_0x1200400a0 .functor BUFT 1, C4<0000>, C4<0>, C4<0>, C4<0>;
v0x12a7147e0_0 .net/2u *"_ivl_8", 3 0, L_0x1200400a0;  1 drivers
v0x12a7148d0_0 .net "en", 0 0, v0x12a714b00_0;  1 drivers
v0x12a714970_0 .net "in", 1 0, v0x12a714ba0_0;  1 drivers
v0x12a714a20_0 .net "out", 3 0, L_0x12a714f90;  alias, 1 drivers
L_0x12a714e70 .shift/l 4, L_0x120040058, v0x12a714ba0_0;
L_0x12a714f90 .functor MUXZ 4, L_0x1200400a0, L_0x12a714e70, L_0x12a714d40, C4<>;
    .scope S_0x12a704170;
T_0 ;
    %vpi_call 2 14 "$dumpfile", "decoder2to4.vcd" {0 0 0};
    %vpi_call 2 15 "$dumpvars", 32'sb00000000000000000000000000000000, S_0x12a704170 {0 0 0};
    %pushi/vec4 0, 0, 1;
    %store/vec4 v0x12a714b00_0, 0, 1;
    %pushi/vec4 0, 0, 2;
    %store/vec4 v0x12a714ba0_0, 0, 2;
    %delay 10000, 0;
    %pushi/vec4 1, 0, 1;
    %store/vec4 v0x12a714b00_0, 0, 1;
    %pushi/vec4 0, 0, 2;
    %store/vec4 v0x12a714ba0_0, 0, 2;
    %delay 10000, 0;
    %pushi/vec4 1, 0, 2;
    %store/vec4 v0x12a714ba0_0, 0, 2;
    %delay 10000, 0;
    %pushi/vec4 2, 0, 2;
    %store/vec4 v0x12a714ba0_0, 0, 2;
    %delay 10000, 0;
    %pushi/vec4 3, 0, 2;
    %store/vec4 v0x12a714ba0_0, 0, 2;
    %delay 10000, 0;
    %vpi_call 2 23 "$finish" {0 0 0};
    %end;
    .thread T_0;
# The file index is used to find the file name in the following table.
:file_names 4;
    "N/A";
    "<interactive>";
    "decoder2to4_tb.v";
    "decoder2to4.v";
